[rosmaster.main][INFO] 2022-05-21 10:34:15,318: initialization complete, waiting for shutdown
[rosmaster.main][INFO] 2022-05-21 10:34:15,318: Starting ROS Master Node
[xmlrpc][INFO] 2022-05-21 10:34:15,320: XML-RPC server binding to 0.0.0.0:11311
[xmlrpc][INFO] 2022-05-21 10:34:15,320: Started XML-RPC server [http://ubuntu:11311/]
[xmlrpc][INFO] 2022-05-21 10:34:15,320: xml rpc node: starting XML-RPC server
[rosmaster.master][INFO] 2022-05-21 10:34:15,321: Master initialized: port[11311], uri[http://ubuntu:11311/]
[rosmaster.master][INFO] 2022-05-21 10:34:15,429: +PARAM [/run_id] by /roslaunch
[rosmaster.master][INFO] 2022-05-21 10:34:15,431: +PARAM [/roslaunch/uris/host_ubuntu__38423] by /roslaunch
[rosmaster.master][INFO] 2022-05-21 10:34:15,566: +PARAM [/rosversion] by /roslaunch
[rosmaster.master][INFO] 2022-05-21 10:34:15,566: +PARAM [/rosdistro] by /roslaunch
[rosmaster.master][INFO] 2022-05-21 10:34:15,566: +PARAM [/robot_description] by /roslaunch
[rosmaster.master][INFO] 2022-05-21 10:34:15,571: +SERVICE [/rosout/get_loggers] /rosout http://ubuntu:33801/
[rosmaster.master][INFO] 2022-05-21 10:34:15,573: +SERVICE [/rosout/set_logger_level] /rosout http://ubuntu:33801/
[rosmaster.master][INFO] 2022-05-21 10:34:15,582: +PUB [/rosout_agg] /rosout http://ubuntu:33801/
[rosmaster.master][INFO] 2022-05-21 10:34:15,593: +SUB [/rosout] /rosout http://ubuntu:33801/
[rosmaster.master][INFO] 2022-05-21 10:34:15,612: +PUB [/rosout] /robot_state_publisher http://ubuntu:40377/
[rosmaster.master][INFO] 2022-05-21 10:34:15,613: +SERVICE [/robot_state_publisher/get_loggers] /robot_state_publisher http://ubuntu:40377/
[rosmaster.master][INFO] 2022-05-21 10:34:15,615: +SERVICE [/robot_state_publisher/set_logger_level] /robot_state_publisher http://ubuntu:40377/
[rosmaster.master][INFO] 2022-05-21 10:34:15,621: publisherUpdate[/rosout] -> http://ubuntu:33801/ ['http://ubuntu:40377/']
[rosmaster.master][INFO] 2022-05-21 10:34:15,623: +PUB [/tf] /robot_state_publisher http://ubuntu:40377/
[rosmaster.master][INFO] 2022-05-21 10:34:15,625: publisherUpdate[/rosout] -> http://ubuntu:33801/ ['http://ubuntu:40377/']: sec=0.00, result=[1, '', 0]
[rosmaster.master][INFO] 2022-05-21 10:34:15,626: +PUB [/tf_static] /robot_state_publisher http://ubuntu:40377/
[rosmaster.master][INFO] 2022-05-21 10:34:15,643: +SUB [/joint_states] /robot_state_publisher http://ubuntu:40377/
[rosmaster.master][INFO] 2022-05-21 10:34:15,800: +PUB [/rosout] /rviz http://ubuntu:45771/
[rosmaster.master][INFO] 2022-05-21 10:34:15,802: +SERVICE [/rviz/get_loggers] /rviz http://ubuntu:45771/
[rosmaster.master][INFO] 2022-05-21 10:34:15,805: +SERVICE [/rviz/set_logger_level] /rviz http://ubuntu:45771/
[rosmaster.master][INFO] 2022-05-21 10:34:15,823: publisherUpdate[/rosout] -> http://ubuntu:33801/ ['http://ubuntu:40377/', 'http://ubuntu:45771/']
[rosmaster.master][INFO] 2022-05-21 10:34:15,824: publisherUpdate[/rosout] -> http://ubuntu:33801/ ['http://ubuntu:40377/', 'http://ubuntu:45771/']: sec=0.00, result=[1, '', 0]
[rosmaster.master][INFO] 2022-05-21 10:34:15,982: +SUB [/tf] /rviz http://ubuntu:45771/
[rosmaster.master][INFO] 2022-05-21 10:34:15,990: +SUB [/tf_static] /rviz http://ubuntu:45771/
[rosmaster.master][INFO] 2022-05-21 10:34:16,003: +PUB [/rosout] /joint_state_publisher http://ubuntu:37185/
[rosmaster.master][INFO] 2022-05-21 10:34:16,007: +SERVICE [/joint_state_publisher/get_loggers] /joint_state_publisher http://ubuntu:37185/
[rosmaster.master][INFO] 2022-05-21 10:34:16,010: +SERVICE [/joint_state_publisher/set_logger_level] /joint_state_publisher http://ubuntu:37185/
[rosmaster.master][INFO] 2022-05-21 10:34:16,025: publisherUpdate[/rosout] -> http://ubuntu:33801/ ['http://ubuntu:40377/', 'http://ubuntu:45771/', 'http://ubuntu:37185/']
[rosmaster.master][INFO] 2022-05-21 10:34:16,025: +PUB [/initialpose] /rviz http://ubuntu:45771/
[rosmaster.master][INFO] 2022-05-21 10:34:16,028: publisherUpdate[/rosout] -> http://ubuntu:33801/ ['http://ubuntu:40377/', 'http://ubuntu:45771/', 'http://ubuntu:37185/']: sec=0.00, result=[1, '', 0]
[rosmaster.master][INFO] 2022-05-21 10:34:16,029: +PUB [/goal] /rviz http://ubuntu:45771/
[rosmaster.master][INFO] 2022-05-21 10:34:16,178: +PUB [/joint_states] /joint_state_publisher http://ubuntu:37185/
[rosmaster.master][INFO] 2022-05-21 10:34:16,227: publisherUpdate[/joint_states] -> http://ubuntu:40377/ ['http://ubuntu:37185/']
[rosmaster.master][INFO] 2022-05-21 10:34:16,228: publisherUpdate[/joint_states] -> http://ubuntu:40377/ ['http://ubuntu:37185/']: sec=0.00, result=[1, '', 0]
[rosmaster.master][INFO] 2022-05-21 10:34:16,247: -PUB [/goal] /rviz http://ubuntu:45771/
[rosmaster.master][INFO] 2022-05-21 10:34:16,251: -PUB [/initialpose] /rviz http://ubuntu:45771/
[rosmaster.master][INFO] 2022-05-21 10:34:16,295: +SERVICE [/rviz/reload_shaders] /rviz http://ubuntu:45771/
[rosmaster.master][INFO] 2022-05-21 10:40:06,458: -SUB [/tf_static] /rviz http://ubuntu:45771/
[rosmaster.master][INFO] 2022-05-21 10:40:06,460: -SUB [/tf] /rviz http://ubuntu:45771/
[rosmaster.master][INFO] 2022-05-21 10:40:06,466: -SERVICE [/rviz/reload_shaders] /rviz rosrpc://ubuntu:35729
[rosmaster.master][INFO] 2022-05-21 10:40:06,602: -PUB [/rosout] /rviz http://ubuntu:45771/
[rosmaster.master][INFO] 2022-05-21 10:40:06,603: -SERVICE [/rviz/get_loggers] /rviz rosrpc://ubuntu:35729
[rosmaster.master][INFO] 2022-05-21 10:40:06,605: -SERVICE [/rviz/set_logger_level] /rviz rosrpc://ubuntu:35729
[rosmaster.master][INFO] 2022-05-21 10:40:06,612: publisherUpdate[/rosout] -> http://ubuntu:33801/ ['http://ubuntu:40377/', 'http://ubuntu:37185/']
[rosmaster.master][INFO] 2022-05-21 10:40:06,614: publisherUpdate[/rosout] -> http://ubuntu:33801/ ['http://ubuntu:40377/', 'http://ubuntu:37185/']: sec=0.00, result=[1, '', 0]
[rosmaster.master][INFO] 2022-05-21 10:40:06,981: -PUB [/rosout] /robot_state_publisher http://ubuntu:40377/
[rosmaster.master][INFO] 2022-05-21 10:40:06,984: -PUB [/tf] /robot_state_publisher http://ubuntu:40377/
[rosmaster.master][INFO] 2022-05-21 10:40:06,986: -PUB [/tf_static] /robot_state_publisher http://ubuntu:40377/
[rosmaster.master][INFO] 2022-05-21 10:40:06,988: -SUB [/joint_states] /robot_state_publisher http://ubuntu:40377/
[rosmaster.master][INFO] 2022-05-21 10:40:06,989: -SERVICE [/robot_state_publisher/get_loggers] /robot_state_publisher rosrpc://ubuntu:51057
[rosmaster.master][INFO] 2022-05-21 10:40:06,991: -SERVICE [/robot_state_publisher/set_logger_level] /robot_state_publisher rosrpc://ubuntu:51057
[rosmaster.master][INFO] 2022-05-21 10:40:06,995: publisherUpdate[/rosout] -> http://ubuntu:33801/ ['http://ubuntu:37185/']
[rosmaster.master][INFO] 2022-05-21 10:40:06,996: publisherUpdate[/rosout] -> http://ubuntu:33801/ ['http://ubuntu:37185/']: sec=0.00, result=[1, '', 0]
[rosmaster.master][INFO] 2022-05-21 10:40:07,300: -PUB [/rosout_agg] /rosout http://ubuntu:33801/
[rosmaster.master][INFO] 2022-05-21 10:40:07,302: -SUB [/rosout] /rosout http://ubuntu:33801/
[rosmaster.master][INFO] 2022-05-21 10:40:07,304: -SERVICE [/rosout/get_loggers] /rosout rosrpc://ubuntu:36671
[rosmaster.master][INFO] 2022-05-21 10:40:07,306: -SERVICE [/rosout/set_logger_level] /rosout rosrpc://ubuntu:36671
[rosmaster.main][INFO] 2022-05-21 10:40:07,318: keyboard interrupt, will exit
[rosmaster.main][INFO] 2022-05-21 10:40:07,319: stopping master...
[rospy.core][INFO] 2022-05-21 10:40:07,319: signal_shutdown [atexit]
