[rosmaster.main][INFO] 2022-05-20 23:49:47,976: initialization complete, waiting for shutdown
[rosmaster.main][INFO] 2022-05-20 23:49:47,976: Starting ROS Master Node
[xmlrpc][INFO] 2022-05-20 23:49:47,978: XML-RPC server binding to 0.0.0.0:11311
[xmlrpc][INFO] 2022-05-20 23:49:47,978: Started XML-RPC server [http://ubuntu:11311/]
[xmlrpc][INFO] 2022-05-20 23:49:47,978: xml rpc node: starting XML-RPC server
[rosmaster.master][INFO] 2022-05-20 23:49:47,979: Master initialized: port[11311], uri[http://ubuntu:11311/]
[rosmaster.master][INFO] 2022-05-20 23:49:48,079: +PARAM [/run_id] by /roslaunch
[rosmaster.master][INFO] 2022-05-20 23:49:48,082: +PARAM [/roslaunch/uris/host_ubuntu__41193] by /roslaunch
[rosmaster.master][INFO] 2022-05-20 23:49:48,213: +PARAM [/turtle1_tf_broadcaster/turtle] by /roslaunch
[rosmaster.master][INFO] 2022-05-20 23:49:48,213: +PARAM [/rosdistro] by /roslaunch
[rosmaster.master][INFO] 2022-05-20 23:49:48,213: +PARAM [/scale_angular] by /roslaunch
[rosmaster.master][INFO] 2022-05-20 23:49:48,214: +PARAM [/turtle2_tf_broadcaster/turtle] by /roslaunch
[rosmaster.master][INFO] 2022-05-20 23:49:48,214: +PARAM [/rosversion] by /roslaunch
[rosmaster.master][INFO] 2022-05-20 23:49:48,214: +PARAM [/scale_linear] by /roslaunch
[rosmaster.master][INFO] 2022-05-20 23:49:48,219: +SERVICE [/rosout/get_loggers] /rosout http://ubuntu:33401/
[rosmaster.master][INFO] 2022-05-20 23:49:48,221: +SERVICE [/rosout/set_logger_level] /rosout http://ubuntu:33401/
[rosmaster.master][INFO] 2022-05-20 23:49:48,226: +PUB [/rosout_agg] /rosout http://ubuntu:33401/
[rosmaster.master][INFO] 2022-05-20 23:49:48,236: +SUB [/rosout] /rosout http://ubuntu:33401/
[rosmaster.master][INFO] 2022-05-20 23:49:48,250: +PUB [/rosout] /teleop http://ubuntu:35597/
[rosmaster.master][INFO] 2022-05-20 23:49:48,253: +SERVICE [/teleop/get_loggers] /teleop http://ubuntu:35597/
[rosmaster.master][INFO] 2022-05-20 23:49:48,255: +SERVICE [/teleop/set_logger_level] /teleop http://ubuntu:35597/
[rosmaster.master][INFO] 2022-05-20 23:49:48,263: +PUB [/turtle1/cmd_vel] /teleop http://ubuntu:35597/
[rosmaster.master][INFO] 2022-05-20 23:49:48,279: publisherUpdate[/rosout] -> http://ubuntu:33401/ ['http://ubuntu:35597/']
[rosmaster.master][INFO] 2022-05-20 23:49:48,282: publisherUpdate[/rosout] -> http://ubuntu:33401/ ['http://ubuntu:35597/']: sec=0.00, result=[1, '', 0]
[rosmaster.master][INFO] 2022-05-20 23:49:48,465: +PUB [/rosout] /sim http://ubuntu:35565/
[rosmaster.master][INFO] 2022-05-20 23:49:48,467: +SERVICE [/sim/get_loggers] /sim http://ubuntu:35565/
[rosmaster.master][INFO] 2022-05-20 23:49:48,468: +SERVICE [/sim/set_logger_level] /sim http://ubuntu:35565/
[rosmaster.master][INFO] 2022-05-20 23:49:48,475: +PARAM [/background_r] by /sim
[rosmaster.master][INFO] 2022-05-20 23:49:48,477: +PARAM [/background_g] by /sim
[rosmaster.master][INFO] 2022-05-20 23:49:48,478: +PARAM [/background_b] by /sim
[rosmaster.master][INFO] 2022-05-20 23:49:48,482: publisherUpdate[/rosout] -> http://ubuntu:33401/ ['http://ubuntu:35597/', 'http://ubuntu:35565/']
[rosmaster.master][INFO] 2022-05-20 23:49:48,484: publisherUpdate[/rosout] -> http://ubuntu:33401/ ['http://ubuntu:35597/', 'http://ubuntu:35565/']: sec=0.00, result=[1, '', 0]
[rosmaster.master][INFO] 2022-05-20 23:49:48,533: +SERVICE [/clear] /sim http://ubuntu:35565/
[rosmaster.master][INFO] 2022-05-20 23:49:48,535: +SERVICE [/reset] /sim http://ubuntu:35565/
[rosmaster.master][INFO] 2022-05-20 23:49:48,536: +SERVICE [/spawn] /sim http://ubuntu:35565/
[rosmaster.master][INFO] 2022-05-20 23:49:48,538: +SERVICE [/kill] /sim http://ubuntu:35565/
[rosmaster.master][INFO] 2022-05-20 23:49:48,545: +SUB [/turtle1/cmd_vel] /sim http://ubuntu:35565/
[rosmaster.master][INFO] 2022-05-20 23:49:48,547: +PUB [/turtle1/pose] /sim http://ubuntu:35565/
[rosmaster.master][INFO] 2022-05-20 23:49:48,548: +PUB [/turtle1/color_sensor] /sim http://ubuntu:35565/
[rosmaster.master][INFO] 2022-05-20 23:49:48,550: +SERVICE [/turtle1/set_pen] /sim http://ubuntu:35565/
[rosmaster.master][INFO] 2022-05-20 23:49:48,551: +SERVICE [/turtle1/teleport_relative] /sim http://ubuntu:35565/
[rosmaster.master][INFO] 2022-05-20 23:49:48,553: +SERVICE [/turtle1/teleport_absolute] /sim http://ubuntu:35565/
[rosmaster.master][INFO] 2022-05-20 23:49:53,555: +PUB [/rosout] /turtle2_tf_broadcaster http://ubuntu:41093/
[rosmaster.master][INFO] 2022-05-20 23:49:53,559: +SERVICE [/turtle2_tf_broadcaster/get_loggers] /turtle2_tf_broadcaster http://ubuntu:41093/
[rosmaster.master][INFO] 2022-05-20 23:49:53,562: +SERVICE [/turtle2_tf_broadcaster/set_logger_level] /turtle2_tf_broadcaster http://ubuntu:41093/
[rosmaster.master][INFO] 2022-05-20 23:49:53,567: +SUB [/turtle2/pose] /turtle2_tf_broadcaster http://ubuntu:41093/
[rosmaster.master][INFO] 2022-05-20 23:49:53,575: +PUB [/rosout] /turtle1_tf_broadcaster http://ubuntu:39607/
[rosmaster.master][INFO] 2022-05-20 23:49:53,580: +SERVICE [/turtle1_tf_broadcaster/get_loggers] /turtle1_tf_broadcaster http://ubuntu:39607/
[rosmaster.master][INFO] 2022-05-20 23:49:53,582: +SERVICE [/turtle1_tf_broadcaster/set_logger_level] /turtle1_tf_broadcaster http://ubuntu:39607/
[rosmaster.master][INFO] 2022-05-20 23:49:53,587: +SUB [/turtle1/pose] /turtle1_tf_broadcaster http://ubuntu:39607/
[rosmaster.master][INFO] 2022-05-20 23:49:53,620: +PUB [/tf] /turtle1_tf_broadcaster http://ubuntu:39607/
[rosmaster.master][INFO] 2022-05-20 23:49:53,624: +PUB [/rosout] /turtle_pointer http://ubuntu:37603/
[rosmaster.master][INFO] 2022-05-20 23:49:53,626: publisherUpdate[/rosout] -> http://ubuntu:33401/ ['http://ubuntu:35597/', 'http://ubuntu:35565/', 'http://ubuntu:41093/']
[rosmaster.master][INFO] 2022-05-20 23:49:53,628: publisherUpdate[/rosout] -> http://ubuntu:33401/ ['http://ubuntu:35597/', 'http://ubuntu:35565/', 'http://ubuntu:41093/']: sec=0.00, result=[1, '', 0]
[rosmaster.master][INFO] 2022-05-20 23:49:53,628: publisherUpdate[/rosout] -> http://ubuntu:33401/ ['http://ubuntu:35597/', 'http://ubuntu:35565/', 'http://ubuntu:41093/', 'http://ubuntu:39607/']
[rosmaster.master][INFO] 2022-05-20 23:49:53,629: +SERVICE [/turtle_pointer/get_loggers] /turtle_pointer http://ubuntu:37603/
[rosmaster.master][INFO] 2022-05-20 23:49:53,630: publisherUpdate[/rosout] -> http://ubuntu:33401/ ['http://ubuntu:35597/', 'http://ubuntu:35565/', 'http://ubuntu:41093/', 'http://ubuntu:39607/']: sec=0.00, result=[1, '', 0]
[rosmaster.master][INFO] 2022-05-20 23:49:53,630: publisherUpdate[/rosout] -> http://ubuntu:33401/ ['http://ubuntu:35597/', 'http://ubuntu:35565/', 'http://ubuntu:41093/', 'http://ubuntu:39607/', 'http://ubuntu:37603/']
[rosmaster.master][INFO] 2022-05-20 23:49:53,632: publisherUpdate[/rosout] -> http://ubuntu:33401/ ['http://ubuntu:35597/', 'http://ubuntu:35565/', 'http://ubuntu:41093/', 'http://ubuntu:39607/', 'http://ubuntu:37603/']: sec=0.00, result=[1, '', 0]
[rosmaster.master][INFO] 2022-05-20 23:49:53,632: +SERVICE [/turtle_pointer/set_logger_level] /turtle_pointer http://ubuntu:37603/
[rosmaster.master][INFO] 2022-05-20 23:49:53,636: +SUB [/tf] /turtle_pointer http://ubuntu:37603/
[rosmaster.master][INFO] 2022-05-20 23:49:53,640: +SUB [/tf_static] /turtle_pointer http://ubuntu:37603/
[rosmaster.master][INFO] 2022-05-20 23:49:53,673: +SUB [/turtle2/cmd_vel] /sim http://ubuntu:35565/
[rosmaster.master][INFO] 2022-05-20 23:49:53,674: +PUB [/turtle2/pose] /sim http://ubuntu:35565/
[rosmaster.master][INFO] 2022-05-20 23:49:53,675: +PUB [/turtle2/color_sensor] /sim http://ubuntu:35565/
[rosmaster.master][INFO] 2022-05-20 23:49:53,678: +SERVICE [/turtle2/set_pen] /sim http://ubuntu:35565/
[rosmaster.master][INFO] 2022-05-20 23:49:53,679: +SERVICE [/turtle2/teleport_relative] /sim http://ubuntu:35565/
[rosmaster.master][INFO] 2022-05-20 23:49:53,681: +SERVICE [/turtle2/teleport_absolute] /sim http://ubuntu:35565/
[rosmaster.master][INFO] 2022-05-20 23:49:53,683: +PUB [/turtle2/cmd_vel] /turtle_pointer http://ubuntu:37603/
[rosmaster.master][INFO] 2022-05-20 23:49:53,727: publisherUpdate[/turtle2/pose] -> http://ubuntu:41093/ ['http://ubuntu:35565/']
[rosmaster.master][INFO] 2022-05-20 23:49:53,729: publisherUpdate[/turtle2/pose] -> http://ubuntu:41093/ ['http://ubuntu:35565/']: sec=0.00, result=[1, '', 0]
[rosmaster.master][INFO] 2022-05-20 23:49:53,730: publisherUpdate[/turtle2/cmd_vel] -> http://ubuntu:35565/ ['http://ubuntu:37603/']
[rosmaster.master][INFO] 2022-05-20 23:49:53,731: publisherUpdate[/turtle2/cmd_vel] -> http://ubuntu:35565/ ['http://ubuntu:37603/']: sec=0.00, result=[1, '', 0]
[rosmaster.master][INFO] 2022-05-20 23:49:53,764: +PUB [/tf] /turtle2_tf_broadcaster http://ubuntu:41093/
[rosmaster.master][INFO] 2022-05-20 23:49:53,832: publisherUpdate[/tf] -> http://ubuntu:37603/ ['http://ubuntu:39607/', 'http://ubuntu:41093/']
[rosmaster.master][INFO] 2022-05-20 23:49:53,845: publisherUpdate[/tf] -> http://ubuntu:37603/ ['http://ubuntu:39607/', 'http://ubuntu:41093/']: sec=0.01, result=[1, '', 0]
[rosmaster.master][INFO] 2022-05-20 23:49:54,075: -SERVICE [/turtle2/teleport_absolute] /sim rosrpc://ubuntu:39399
[rosmaster.master][INFO] 2022-05-20 23:49:54,076: -SERVICE [/turtle2/teleport_relative] /sim rosrpc://ubuntu:39399
[rosmaster.master][INFO] 2022-05-20 23:49:54,079: -SERVICE [/turtle2/set_pen] /sim rosrpc://ubuntu:39399
[rosmaster.master][INFO] 2022-05-20 23:49:54,082: -PUB [/turtle2/color_sensor] /sim http://ubuntu:35565/
[rosmaster.master][INFO] 2022-05-20 23:49:54,086: -PUB [/turtle2/pose] /sim http://ubuntu:35565/
[rosmaster.master][INFO] 2022-05-20 23:49:54,088: -SUB [/turtle2/cmd_vel] /sim http://ubuntu:35565/
[rosmaster.master][INFO] 2022-05-20 23:49:54,090: -SERVICE [/turtle1/teleport_absolute] /sim rosrpc://ubuntu:39399
[rosmaster.master][INFO] 2022-05-20 23:49:54,092: -SERVICE [/turtle1/teleport_relative] /sim rosrpc://ubuntu:39399
[rosmaster.master][INFO] 2022-05-20 23:49:54,093: -SERVICE [/turtle1/set_pen] /sim rosrpc://ubuntu:39399
[rosmaster.master][INFO] 2022-05-20 23:49:54,095: -PUB [/turtle1/color_sensor] /sim http://ubuntu:35565/
[rosmaster.master][INFO] 2022-05-20 23:49:54,097: -PUB [/turtle1/pose] /sim http://ubuntu:35565/
[rosmaster.master][INFO] 2022-05-20 23:49:54,100: -SUB [/turtle1/cmd_vel] /sim http://ubuntu:35565/
[rosmaster.master][INFO] 2022-05-20 23:49:54,103: -SERVICE [/kill] /sim rosrpc://ubuntu:39399
[rosmaster.master][INFO] 2022-05-20 23:49:54,105: -SERVICE [/spawn] /sim rosrpc://ubuntu:39399
[rosmaster.master][INFO] 2022-05-20 23:49:54,107: -SERVICE [/reset] /sim rosrpc://ubuntu:39399
[rosmaster.master][INFO] 2022-05-20 23:49:54,109: -SERVICE [/clear] /sim rosrpc://ubuntu:39399
[rosmaster.master][INFO] 2022-05-20 23:49:54,135: publisherUpdate[/turtle2/pose] -> http://ubuntu:41093/ []
[rosmaster.master][INFO] 2022-05-20 23:49:54,137: publisherUpdate[/turtle1/pose] -> http://ubuntu:39607/ []
[rosmaster.master][INFO] 2022-05-20 23:49:54,138: publisherUpdate[/turtle2/pose] -> http://ubuntu:41093/ []: sec=0.00, result=[1, '', 0]
[rosmaster.master][INFO] 2022-05-20 23:49:54,140: publisherUpdate[/turtle1/pose] -> http://ubuntu:39607/ []: sec=0.00, result=[1, '', 0]
[rosmaster.master][INFO] 2022-05-20 23:49:54,250: -PUB [/rosout] /sim http://ubuntu:35565/
[rosmaster.master][INFO] 2022-05-20 23:49:54,252: -SERVICE [/sim/get_loggers] /sim rosrpc://ubuntu:39399
[rosmaster.master][INFO] 2022-05-20 23:49:54,254: -SERVICE [/sim/set_logger_level] /sim rosrpc://ubuntu:39399
[rosmaster.master][INFO] 2022-05-20 23:49:54,341: publisherUpdate[/rosout] -> http://ubuntu:33401/ ['http://ubuntu:35597/', 'http://ubuntu:41093/', 'http://ubuntu:39607/', 'http://ubuntu:37603/']
[rosmaster.master][INFO] 2022-05-20 23:49:54,342: publisherUpdate[/rosout] -> http://ubuntu:33401/ ['http://ubuntu:35597/', 'http://ubuntu:41093/', 'http://ubuntu:39607/', 'http://ubuntu:37603/']: sec=0.00, result=[1, '', 0]
[rosmaster.master][INFO] 2022-05-20 23:50:08,450: -SUB [/turtle2/pose] /turtle2_tf_broadcaster http://ubuntu:41093/
[rosmaster.master][INFO] 2022-05-20 23:50:08,450: -PUB [/rosout] /turtle2_tf_broadcaster http://ubuntu:41093/
[rosmaster.master][INFO] 2022-05-20 23:50:08,451: -PUB [/tf] /turtle2_tf_broadcaster http://ubuntu:41093/
[rosmaster.master][INFO] 2022-05-20 23:50:08,451: -SERVICE [/turtle2_tf_broadcaster/set_logger_level] /turtle2_tf_broadcaster rosrpc://ubuntu:38145
[rosmaster.master][INFO] 2022-05-20 23:50:08,452: -SERVICE [/turtle2_tf_broadcaster/get_loggers] /turtle2_tf_broadcaster rosrpc://ubuntu:38145
[rosmaster.master][INFO] 2022-05-20 23:50:08,456: publisherUpdate[/rosout] -> http://ubuntu:33401/ ['http://ubuntu:35597/', 'http://ubuntu:39607/', 'http://ubuntu:37603/']
[rosmaster.master][INFO] 2022-05-20 23:50:08,461: -SUB [/tf_static] /turtle_pointer http://ubuntu:37603/
[rosmaster.master][INFO] 2022-05-20 23:50:08,457: publisherUpdate[/tf] -> http://ubuntu:37603/ ['http://ubuntu:39607/']
[rosmaster.master][INFO] 2022-05-20 23:50:08,462: -SUB [/tf] /turtle_pointer http://ubuntu:37603/
[rosmaster.master][INFO] 2022-05-20 23:50:08,462: publisherUpdate[/rosout] -> http://ubuntu:33401/ ['http://ubuntu:35597/', 'http://ubuntu:39607/', 'http://ubuntu:37603/']: sec=0.00, result=[1, '', 0]
[rosmaster.master][INFO] 2022-05-20 23:50:08,464: -PUB [/turtle2/cmd_vel] /turtle_pointer http://ubuntu:37603/
[rosmaster.master][INFO] 2022-05-20 23:50:08,467: publisherUpdate[/tf] -> http://ubuntu:37603/ ['http://ubuntu:39607/']: sec=0.00, result=[1, '', 0]
[rosmaster.master][INFO] 2022-05-20 23:50:08,467: -SUB [/turtle1/pose] /turtle1_tf_broadcaster http://ubuntu:39607/
[rosmaster.master][INFO] 2022-05-20 23:50:08,468: -PUB [/rosout] /turtle_pointer http://ubuntu:37603/
[rosmaster.master][INFO] 2022-05-20 23:50:08,468: -PUB [/rosout] /turtle1_tf_broadcaster http://ubuntu:39607/
[rosmaster.master][INFO] 2022-05-20 23:50:08,468: -SERVICE [/turtle_pointer/set_logger_level] /turtle_pointer rosrpc://ubuntu:45775
[rosmaster.master][INFO] 2022-05-20 23:50:08,469: -PUB [/tf] /turtle1_tf_broadcaster http://ubuntu:39607/
[rosmaster.master][INFO] 2022-05-20 23:50:08,469: -SERVICE [/turtle_pointer/get_loggers] /turtle_pointer rosrpc://ubuntu:45775
[rosmaster.master][INFO] 2022-05-20 23:50:08,469: -SERVICE [/turtle1_tf_broadcaster/set_logger_level] /turtle1_tf_broadcaster rosrpc://ubuntu:36421
[rosmaster.master][INFO] 2022-05-20 23:50:08,470: -SERVICE [/turtle1_tf_broadcaster/get_loggers] /turtle1_tf_broadcaster rosrpc://ubuntu:36421
[rosmaster.master][INFO] 2022-05-20 23:50:08,545: -PUB [/rosout] /teleop http://ubuntu:35597/
[rosmaster.master][INFO] 2022-05-20 23:50:08,547: -PUB [/turtle1/cmd_vel] /teleop http://ubuntu:35597/
[rosmaster.master][INFO] 2022-05-20 23:50:08,549: -SERVICE [/teleop/get_loggers] /teleop rosrpc://ubuntu:36699
[rosmaster.master][INFO] 2022-05-20 23:50:08,550: -SERVICE [/teleop/set_logger_level] /teleop rosrpc://ubuntu:36699
[rosmaster.master][INFO] 2022-05-20 23:50:08,562: publisherUpdate[/rosout] -> http://ubuntu:33401/ ['http://ubuntu:35597/', 'http://ubuntu:39607/']
[rosmaster.master][INFO] 2022-05-20 23:50:08,563: publisherUpdate[/rosout] -> http://ubuntu:33401/ ['http://ubuntu:35597/', 'http://ubuntu:39607/']: sec=0.00, result=[1, '', 0]
[rosmaster.master][INFO] 2022-05-20 23:50:08,563: publisherUpdate[/rosout] -> http://ubuntu:33401/ ['http://ubuntu:35597/']
[rosmaster.master][INFO] 2022-05-20 23:50:08,564: publisherUpdate[/rosout] -> http://ubuntu:33401/ ['http://ubuntu:35597/']: sec=0.00, result=[1, '', 0]
[rosmaster.master][INFO] 2022-05-20 23:50:08,564: publisherUpdate[/rosout] -> http://ubuntu:33401/ []
[rosmaster.master][INFO] 2022-05-20 23:50:08,565: publisherUpdate[/rosout] -> http://ubuntu:33401/ []: sec=0.00, result=[1, '', 0]
[rosmaster.master][INFO] 2022-05-20 23:50:09,475: -PUB [/rosout_agg] /rosout http://ubuntu:33401/
[rosmaster.master][INFO] 2022-05-20 23:50:09,476: -SUB [/rosout] /rosout http://ubuntu:33401/
[rosmaster.master][INFO] 2022-05-20 23:50:09,477: -SERVICE [/rosout/get_loggers] /rosout rosrpc://ubuntu:57489
[rosmaster.master][INFO] 2022-05-20 23:50:09,479: -SERVICE [/rosout/set_logger_level] /rosout rosrpc://ubuntu:57489
[rosmaster.main][INFO] 2022-05-20 23:50:09,565: keyboard interrupt, will exit
[rosmaster.main][INFO] 2022-05-20 23:50:09,566: stopping master...
[rospy.core][INFO] 2022-05-20 23:50:09,566: signal_shutdown [atexit]
