[rosmaster.main][INFO] 2022-05-21 10:31:47,718: initialization complete, waiting for shutdown
[rosmaster.main][INFO] 2022-05-21 10:31:47,718: Starting ROS Master Node
[xmlrpc][INFO] 2022-05-21 10:31:47,720: XML-RPC server binding to 0.0.0.0:11311
[rosmaster.master][INFO] 2022-05-21 10:31:47,720: Master initialized: port[11311], uri[http://ubuntu:11311/]
[xmlrpc][INFO] 2022-05-21 10:31:47,720: Started XML-RPC server [http://ubuntu:11311/]
[xmlrpc][INFO] 2022-05-21 10:31:47,721: xml rpc node: starting XML-RPC server
[rosmaster.master][INFO] 2022-05-21 10:31:47,813: +PARAM [/run_id] by /roslaunch
[rosmaster.master][INFO] 2022-05-21 10:31:47,815: +PARAM [/roslaunch/uris/host_ubuntu__39681] by /roslaunch
[rosmaster.master][INFO] 2022-05-21 10:31:47,960: +PARAM [/rosversion] by /roslaunch
[rosmaster.master][INFO] 2022-05-21 10:31:47,960: +PARAM [/rosdistro] by /roslaunch
[rosmaster.master][INFO] 2022-05-21 10:31:47,960: +PARAM [/robot_description] by /roslaunch
[rosmaster.master][INFO] 2022-05-21 10:31:47,970: +SERVICE [/rosout/get_loggers] /rosout http://ubuntu:35109/
[rosmaster.master][INFO] 2022-05-21 10:31:47,972: +SERVICE [/rosout/set_logger_level] /rosout http://ubuntu:35109/
[rosmaster.master][INFO] 2022-05-21 10:31:47,975: +PUB [/rosout_agg] /rosout http://ubuntu:35109/
[rosmaster.master][INFO] 2022-05-21 10:31:47,985: +SUB [/rosout] /rosout http://ubuntu:35109/
[rosmaster.master][INFO] 2022-05-21 10:31:48,016: +PUB [/rosout] /robot_state_publisher http://ubuntu:38589/
[rosmaster.master][INFO] 2022-05-21 10:31:48,018: +SERVICE [/robot_state_publisher/get_loggers] /robot_state_publisher http://ubuntu:38589/
[rosmaster.master][INFO] 2022-05-21 10:31:48,020: +SERVICE [/robot_state_publisher/set_logger_level] /robot_state_publisher http://ubuntu:38589/
[rosmaster.master][INFO] 2022-05-21 10:31:48,021: publisherUpdate[/rosout] -> http://ubuntu:35109/ ['http://ubuntu:38589/']
[rosmaster.master][INFO] 2022-05-21 10:31:48,027: publisherUpdate[/rosout] -> http://ubuntu:35109/ ['http://ubuntu:38589/']: sec=0.01, result=[1, '', 0]
[rosmaster.master][INFO] 2022-05-21 10:31:48,035: +PUB [/tf] /robot_state_publisher http://ubuntu:38589/
[rosmaster.master][INFO] 2022-05-21 10:31:48,036: +PUB [/tf_static] /robot_state_publisher http://ubuntu:38589/
[rosmaster.master][INFO] 2022-05-21 10:31:48,058: +SUB [/joint_states] /robot_state_publisher http://ubuntu:38589/
[rosmaster.master][INFO] 2022-05-21 10:31:48,213: +PUB [/rosout] /rviz http://ubuntu:44071/
[rosmaster.master][INFO] 2022-05-21 10:31:48,214: +SERVICE [/rviz/get_loggers] /rviz http://ubuntu:44071/
[rosmaster.master][INFO] 2022-05-21 10:31:48,216: +SERVICE [/rviz/set_logger_level] /rviz http://ubuntu:44071/
[rosmaster.master][INFO] 2022-05-21 10:31:48,222: publisherUpdate[/rosout] -> http://ubuntu:35109/ ['http://ubuntu:38589/', 'http://ubuntu:44071/']
[rosmaster.master][INFO] 2022-05-21 10:31:48,224: publisherUpdate[/rosout] -> http://ubuntu:35109/ ['http://ubuntu:38589/', 'http://ubuntu:44071/']: sec=0.00, result=[1, '', 0]
[rosmaster.master][INFO] 2022-05-21 10:31:48,398: +SUB [/tf] /rviz http://ubuntu:44071/
[rosmaster.master][INFO] 2022-05-21 10:31:48,404: +SUB [/tf_static] /rviz http://ubuntu:44071/
[rosmaster.master][INFO] 2022-05-21 10:31:48,410: +PUB [/rosout] /joint_state_publisher http://ubuntu:41261/
[rosmaster.master][INFO] 2022-05-21 10:31:48,417: +SERVICE [/joint_state_publisher/get_loggers] /joint_state_publisher http://ubuntu:41261/
[rosmaster.master][INFO] 2022-05-21 10:31:48,419: +SERVICE [/joint_state_publisher/set_logger_level] /joint_state_publisher http://ubuntu:41261/
[rosmaster.master][INFO] 2022-05-21 10:31:48,425: publisherUpdate[/rosout] -> http://ubuntu:35109/ ['http://ubuntu:38589/', 'http://ubuntu:44071/', 'http://ubuntu:41261/']
[rosmaster.master][INFO] 2022-05-21 10:31:48,428: publisherUpdate[/rosout] -> http://ubuntu:35109/ ['http://ubuntu:38589/', 'http://ubuntu:44071/', 'http://ubuntu:41261/']: sec=0.00, result=[1, '', 0]
[rosmaster.master][INFO] 2022-05-21 10:31:48,451: +PUB [/initialpose] /rviz http://ubuntu:44071/
[rosmaster.master][INFO] 2022-05-21 10:31:48,454: +PUB [/goal] /rviz http://ubuntu:44071/
[rosmaster.master][INFO] 2022-05-21 10:31:48,604: +PUB [/joint_states] /joint_state_publisher http://ubuntu:41261/
[rosmaster.master][INFO] 2022-05-21 10:31:48,628: publisherUpdate[/joint_states] -> http://ubuntu:38589/ ['http://ubuntu:41261/']
[rosmaster.master][INFO] 2022-05-21 10:31:48,629: publisherUpdate[/joint_states] -> http://ubuntu:38589/ ['http://ubuntu:41261/']: sec=0.00, result=[1, '', 0]
[rosmaster.master][INFO] 2022-05-21 10:31:48,709: -PUB [/goal] /rviz http://ubuntu:44071/
[rosmaster.master][INFO] 2022-05-21 10:31:48,712: -PUB [/initialpose] /rviz http://ubuntu:44071/
[rosmaster.master][INFO] 2022-05-21 10:31:48,749: +SERVICE [/rviz/reload_shaders] /rviz http://ubuntu:44071/
[rosmaster.master][INFO] 2022-05-21 10:31:51,936: -SUB [/tf_static] /rviz http://ubuntu:44071/
[rosmaster.master][INFO] 2022-05-21 10:31:51,938: -SUB [/tf] /rviz http://ubuntu:44071/
[rosmaster.master][INFO] 2022-05-21 10:31:51,944: -SERVICE [/rviz/reload_shaders] /rviz rosrpc://ubuntu:43411
[rosmaster.master][INFO] 2022-05-21 10:31:52,153: -PUB [/rosout] /rviz http://ubuntu:44071/
[rosmaster.master][INFO] 2022-05-21 10:31:52,154: -SERVICE [/rviz/get_loggers] /rviz rosrpc://ubuntu:43411
[rosmaster.master][INFO] 2022-05-21 10:31:52,156: -SERVICE [/rviz/set_logger_level] /rviz rosrpc://ubuntu:43411
[rosmaster.master][INFO] 2022-05-21 10:31:52,252: publisherUpdate[/rosout] -> http://ubuntu:35109/ ['http://ubuntu:38589/', 'http://ubuntu:41261/']
[rosmaster.master][INFO] 2022-05-21 10:31:52,253: publisherUpdate[/rosout] -> http://ubuntu:35109/ ['http://ubuntu:38589/', 'http://ubuntu:41261/']: sec=0.00, result=[1, '', 0]
[rosmaster.master][INFO] 2022-05-21 10:31:52,354: -PUB [/rosout] /robot_state_publisher http://ubuntu:38589/
[rosmaster.master][INFO] 2022-05-21 10:31:52,354: publisherUpdate[/rosout] -> http://ubuntu:35109/ ['http://ubuntu:41261/']
[rosmaster.master][INFO] 2022-05-21 10:31:52,357: publisherUpdate[/rosout] -> http://ubuntu:35109/ ['http://ubuntu:41261/']: sec=0.00, result=[1, '', 0]
[rosmaster.master][INFO] 2022-05-21 10:31:52,358: -PUB [/tf] /robot_state_publisher http://ubuntu:38589/
[rosmaster.master][INFO] 2022-05-21 10:31:52,361: -PUB [/tf_static] /robot_state_publisher http://ubuntu:38589/
[rosmaster.master][INFO] 2022-05-21 10:31:52,363: -SUB [/joint_states] /robot_state_publisher http://ubuntu:38589/
[rosmaster.master][INFO] 2022-05-21 10:31:52,365: -SERVICE [/robot_state_publisher/get_loggers] /robot_state_publisher rosrpc://ubuntu:35803
[rosmaster.master][INFO] 2022-05-21 10:31:52,367: -SERVICE [/robot_state_publisher/set_logger_level] /robot_state_publisher rosrpc://ubuntu:35803
[rosmaster.master][INFO] 2022-05-21 10:31:52,660: -PUB [/rosout_agg] /rosout http://ubuntu:35109/
[rosmaster.master][INFO] 2022-05-21 10:31:52,661: -SUB [/rosout] /rosout http://ubuntu:35109/
[rosmaster.master][INFO] 2022-05-21 10:31:52,664: -SERVICE [/rosout/get_loggers] /rosout rosrpc://ubuntu:59657
[rosmaster.master][INFO] 2022-05-21 10:31:52,665: -SERVICE [/rosout/set_logger_level] /rosout rosrpc://ubuntu:59657
[rosmaster.main][INFO] 2022-05-21 10:31:52,728: keyboard interrupt, will exit
[rosmaster.main][INFO] 2022-05-21 10:31:52,728: stopping master...
[rospy.core][INFO] 2022-05-21 10:31:52,728: signal_shutdown [atexit]
