[rospy.client][INFO] 2022-04-29 08:10:00,002: init_node, name[/turtle_pointer], pid[2934]
[xmlrpc][INFO] 2022-04-29 08:10:00,002: XML-RPC server binding to 0.0.0.0:0
[xmlrpc][INFO] 2022-04-29 08:10:00,003: Started XML-RPC server [http://ubuntu:45563/]
[rospy.impl.masterslave][INFO] 2022-04-29 08:10:00,003: _ready: http://ubuntu:45563/
[xmlrpc][INFO] 2022-04-29 08:10:00,005: xml rpc node: starting XML-RPC server
[rospy.registration][INFO] 2022-04-29 08:10:00,006: Registering with master node http://localhost:11311
[rospy.init][INFO] 2022-04-29 08:10:00,007: ROS Slave URI: [http://ubuntu:45563/]
[rospy.init][INFO] 2022-04-29 08:10:00,007: registered with master
[rospy.rosout][INFO] 2022-04-29 08:10:00,007: initializing /rosout core topic
[rospy.rosout][INFO] 2022-04-29 08:10:00,011: connected to core topic /rosout
[rospy.simtime][INFO] 2022-04-29 08:10:00,014: /use_sim_time is not set, will not subscribe to simulated time [/clock] topic
[rospy.internal][INFO] 2022-04-29 08:10:00,276: topic[/rosout] adding connection to [/rosout], count 0
[rospy.internal][INFO] 2022-04-29 08:10:00,328: topic[/tf] adding connection to [http://ubuntu:45479/], count 0
[rospy.internal][INFO] 2022-04-29 08:10:00,333: topic[/tf] adding connection to [http://ubuntu:37167/], count 1
[rospy.internal][INFO] 2022-04-29 08:10:00,377: topic[/turtle2/cmd_vel] adding connection to [/sim], count 0
[rospy.core][INFO] 2022-04-29 08:10:10,604: signal_shutdown [signal-2]
[rospy.internal][INFO] 2022-04-29 08:10:10,614: topic[/turtle2/cmd_vel] removing connection to /sim
[rospy.internal][INFO] 2022-04-29 08:10:10,614: topic[/rosout] removing connection to /rosout
[rospy.internal][INFO] 2022-04-29 08:10:10,615: topic[/tf] removing connection to http://ubuntu:45479/
[rospy.internal][INFO] 2022-04-29 08:10:10,615: topic[/tf] removing connection to http://ubuntu:37167/
[rospy.impl.masterslave][INFO] 2022-04-29 08:10:10,616: signal-2
[rospy.core][INFO] 2022-04-29 08:10:11,241: signal_shutdown [atexit]
