[rosmaster.main][INFO] 2022-05-20 22:58:42,578: initialization complete, waiting for shutdown
[rosmaster.main][INFO] 2022-05-20 22:58:42,579: Starting ROS Master Node
[xmlrpc][INFO] 2022-05-20 22:58:42,580: XML-RPC server binding to 0.0.0.0:11311
[xmlrpc][INFO] 2022-05-20 22:58:42,580: Started XML-RPC server [http://ubuntu:11311/]
[xmlrpc][INFO] 2022-05-20 22:58:42,580: xml rpc node: starting XML-RPC server
[rosmaster.master][INFO] 2022-05-20 22:58:42,580: Master initialized: port[11311], uri[http://ubuntu:11311/]
[rosmaster.master][INFO] 2022-05-20 22:58:42,672: +PARAM [/run_id] by /roslaunch
[rosmaster.master][INFO] 2022-05-20 22:58:42,674: +PARAM [/roslaunch/uris/host_ubuntu__38301] by /roslaunch
[rosmaster.master][INFO] 2022-05-20 22:58:42,812: +PARAM [/turtle1_tf_broadcaster/turtle] by /roslaunch
[rosmaster.master][INFO] 2022-05-20 22:58:42,813: +PARAM [/rosdistro] by /roslaunch
[rosmaster.master][INFO] 2022-05-20 22:58:42,813: +PARAM [/scale_angular] by /roslaunch
[rosmaster.master][INFO] 2022-05-20 22:58:42,813: +PARAM [/turtle2_tf_broadcaster/turtle] by /roslaunch
[rosmaster.master][INFO] 2022-05-20 22:58:42,813: +PARAM [/rosversion] by /roslaunch
[rosmaster.master][INFO] 2022-05-20 22:58:42,813: +PARAM [/scale_linear] by /roslaunch
[rosmaster.master][INFO] 2022-05-20 22:58:42,878: +SERVICE [/rosout/get_loggers] /rosout http://ubuntu:40717/
[rosmaster.master][INFO] 2022-05-20 22:58:42,880: +SERVICE [/rosout/set_logger_level] /rosout http://ubuntu:40717/
[rosmaster.master][INFO] 2022-05-20 22:58:42,883: +PUB [/rosout_agg] /rosout http://ubuntu:40717/
[rosmaster.master][INFO] 2022-05-20 22:58:42,916: +PUB [/rosout] /teleop http://ubuntu:42499/
[rosmaster.master][INFO] 2022-05-20 22:58:42,917: +SERVICE [/teleop/get_loggers] /teleop http://ubuntu:42499/
[rosmaster.master][INFO] 2022-05-20 22:58:42,919: +SERVICE [/teleop/set_logger_level] /teleop http://ubuntu:42499/
[rosmaster.master][INFO] 2022-05-20 22:58:42,926: +SUB [/rosout] /rosout http://ubuntu:40717/
[rosmaster.master][INFO] 2022-05-20 22:58:42,931: +PUB [/turtle1/cmd_vel] /teleop http://ubuntu:42499/
[rosmaster.master][INFO] 2022-05-20 22:58:43,518: +PUB [/rosout] /sim http://ubuntu:46331/
[rosmaster.master][INFO] 2022-05-20 22:58:43,521: +SERVICE [/sim/get_loggers] /sim http://ubuntu:46331/
[rosmaster.master][INFO] 2022-05-20 22:58:43,523: +SERVICE [/sim/set_logger_level] /sim http://ubuntu:46331/
[rosmaster.master][INFO] 2022-05-20 22:58:43,547: +PARAM [/background_r] by /sim
[rosmaster.master][INFO] 2022-05-20 22:58:43,549: +PARAM [/background_g] by /sim
[rosmaster.master][INFO] 2022-05-20 22:58:43,550: +PARAM [/background_b] by /sim
[rosmaster.master][INFO] 2022-05-20 22:58:43,584: publisherUpdate[/rosout] -> http://ubuntu:40717/ ['http://ubuntu:42499/', 'http://ubuntu:46331/']
[rosmaster.master][INFO] 2022-05-20 22:58:43,591: publisherUpdate[/rosout] -> http://ubuntu:40717/ ['http://ubuntu:42499/', 'http://ubuntu:46331/']: sec=0.01, result=[1, '', 0]
[rosmaster.master][INFO] 2022-05-20 22:58:43,956: +SERVICE [/clear] /sim http://ubuntu:46331/
[rosmaster.master][INFO] 2022-05-20 22:58:43,957: +SERVICE [/reset] /sim http://ubuntu:46331/
[rosmaster.master][INFO] 2022-05-20 22:58:43,958: +SERVICE [/spawn] /sim http://ubuntu:46331/
[rosmaster.master][INFO] 2022-05-20 22:58:43,959: +SERVICE [/kill] /sim http://ubuntu:46331/
[rosmaster.master][INFO] 2022-05-20 22:58:43,967: +SUB [/turtle1/cmd_vel] /sim http://ubuntu:46331/
[rosmaster.master][INFO] 2022-05-20 22:58:43,968: +PUB [/turtle1/pose] /sim http://ubuntu:46331/
[rosmaster.master][INFO] 2022-05-20 22:58:43,970: +PUB [/turtle1/color_sensor] /sim http://ubuntu:46331/
[rosmaster.master][INFO] 2022-05-20 22:58:43,971: +SERVICE [/turtle1/set_pen] /sim http://ubuntu:46331/
[rosmaster.master][INFO] 2022-05-20 22:58:43,973: +SERVICE [/turtle1/teleport_relative] /sim http://ubuntu:46331/
[rosmaster.master][INFO] 2022-05-20 22:58:43,974: +SERVICE [/turtle1/teleport_absolute] /sim http://ubuntu:46331/
[rosmaster.master][INFO] 2022-05-20 22:58:49,706: +PUB [/rosout] /turtle1_tf_broadcaster http://ubuntu:43921/
[rosmaster.master][INFO] 2022-05-20 22:58:49,713: +SERVICE [/turtle1_tf_broadcaster/get_loggers] /turtle1_tf_broadcaster http://ubuntu:43921/
[rosmaster.master][INFO] 2022-05-20 22:58:49,715: +SERVICE [/turtle1_tf_broadcaster/set_logger_level] /turtle1_tf_broadcaster http://ubuntu:43921/
[rosmaster.master][INFO] 2022-05-20 22:58:49,723: +SUB [/turtle1/pose] /turtle1_tf_broadcaster http://ubuntu:43921/
[rosmaster.master][INFO] 2022-05-20 22:58:49,735: publisherUpdate[/rosout] -> http://ubuntu:40717/ ['http://ubuntu:42499/', 'http://ubuntu:46331/', 'http://ubuntu:43921/']
[rosmaster.master][INFO] 2022-05-20 22:58:49,736: publisherUpdate[/rosout] -> http://ubuntu:40717/ ['http://ubuntu:42499/', 'http://ubuntu:46331/', 'http://ubuntu:43921/']: sec=0.00, result=[1, '', 0]
[rosmaster.master][INFO] 2022-05-20 22:58:49,753: +PUB [/tf] /turtle1_tf_broadcaster http://ubuntu:43921/
[rosmaster.master][INFO] 2022-05-20 22:58:49,805: +PUB [/rosout] /turtle2_tf_broadcaster http://ubuntu:40683/
[rosmaster.master][INFO] 2022-05-20 22:58:49,809: +SERVICE [/turtle2_tf_broadcaster/get_loggers] /turtle2_tf_broadcaster http://ubuntu:40683/
[rosmaster.master][INFO] 2022-05-20 22:58:49,811: +SERVICE [/turtle2_tf_broadcaster/set_logger_level] /turtle2_tf_broadcaster http://ubuntu:40683/
[rosmaster.master][INFO] 2022-05-20 22:58:49,813: +PUB [/rosout] /turtle_pointer http://ubuntu:34671/
[rosmaster.master][INFO] 2022-05-20 22:58:49,818: +SERVICE [/turtle_pointer/get_loggers] /turtle_pointer http://ubuntu:34671/
[rosmaster.master][INFO] 2022-05-20 22:58:49,820: +SUB [/turtle2/pose] /turtle2_tf_broadcaster http://ubuntu:40683/
[rosmaster.master][INFO] 2022-05-20 22:58:49,822: +SERVICE [/turtle_pointer/set_logger_level] /turtle_pointer http://ubuntu:34671/
[rosmaster.master][INFO] 2022-05-20 22:58:49,827: +SUB [/tf] /turtle_pointer http://ubuntu:34671/
[rosmaster.master][INFO] 2022-05-20 22:58:49,831: +SUB [/tf_static] /turtle_pointer http://ubuntu:34671/
[rosmaster.master][INFO] 2022-05-20 22:58:49,837: publisherUpdate[/rosout] -> http://ubuntu:40717/ ['http://ubuntu:42499/', 'http://ubuntu:46331/', 'http://ubuntu:43921/', 'http://ubuntu:40683/']
[rosmaster.master][INFO] 2022-05-20 22:58:49,840: publisherUpdate[/rosout] -> http://ubuntu:40717/ ['http://ubuntu:42499/', 'http://ubuntu:46331/', 'http://ubuntu:43921/', 'http://ubuntu:40683/']: sec=0.00, result=[1, '', 0]
[rosmaster.master][INFO] 2022-05-20 22:58:49,840: publisherUpdate[/rosout] -> http://ubuntu:40717/ ['http://ubuntu:42499/', 'http://ubuntu:46331/', 'http://ubuntu:43921/', 'http://ubuntu:40683/', 'http://ubuntu:34671/']
[rosmaster.master][INFO] 2022-05-20 22:58:49,841: publisherUpdate[/rosout] -> http://ubuntu:40717/ ['http://ubuntu:42499/', 'http://ubuntu:46331/', 'http://ubuntu:43921/', 'http://ubuntu:40683/', 'http://ubuntu:34671/']: sec=0.00, result=[1, '', 0]
[rosmaster.master][INFO] 2022-05-20 22:58:49,854: +SUB [/turtle2/cmd_vel] /sim http://ubuntu:46331/
[rosmaster.master][INFO] 2022-05-20 22:58:49,855: +PUB [/turtle2/pose] /sim http://ubuntu:46331/
[rosmaster.master][INFO] 2022-05-20 22:58:49,856: +PUB [/turtle2/color_sensor] /sim http://ubuntu:46331/
[rosmaster.master][INFO] 2022-05-20 22:58:49,857: +SERVICE [/turtle2/set_pen] /sim http://ubuntu:46331/
[rosmaster.master][INFO] 2022-05-20 22:58:49,859: +SERVICE [/turtle2/teleport_relative] /sim http://ubuntu:46331/
[rosmaster.master][INFO] 2022-05-20 22:58:49,861: +SERVICE [/turtle2/teleport_absolute] /sim http://ubuntu:46331/
[rosmaster.master][INFO] 2022-05-20 22:58:49,863: +PUB [/turtle2/cmd_vel] /turtle_pointer http://ubuntu:34671/
[rosmaster.master][INFO] 2022-05-20 22:58:49,938: publisherUpdate[/turtle2/pose] -> http://ubuntu:40683/ ['http://ubuntu:46331/']
[rosmaster.master][INFO] 2022-05-20 22:58:49,940: publisherUpdate[/turtle2/pose] -> http://ubuntu:40683/ ['http://ubuntu:46331/']: sec=0.00, result=[1, '', 0]
[rosmaster.master][INFO] 2022-05-20 22:58:49,940: publisherUpdate[/turtle2/cmd_vel] -> http://ubuntu:46331/ ['http://ubuntu:34671/']
[rosmaster.master][INFO] 2022-05-20 22:58:49,941: publisherUpdate[/turtle2/cmd_vel] -> http://ubuntu:46331/ ['http://ubuntu:34671/']: sec=0.00, result=[1, '', 0]
[rosmaster.master][INFO] 2022-05-20 22:58:49,961: +PUB [/tf] /turtle2_tf_broadcaster http://ubuntu:40683/
[rosmaster.master][INFO] 2022-05-20 22:58:50,042: publisherUpdate[/tf] -> http://ubuntu:34671/ ['http://ubuntu:43921/', 'http://ubuntu:40683/']
[rosmaster.master][INFO] 2022-05-20 22:58:50,045: publisherUpdate[/tf] -> http://ubuntu:34671/ ['http://ubuntu:43921/', 'http://ubuntu:40683/']: sec=0.00, result=[1, '', 0]
[rosmaster.master][INFO] 2022-05-20 22:59:27,848: +PUB [/rosout] /teleop_turtle http://ubuntu:43489/
[rosmaster.master][INFO] 2022-05-20 22:59:27,849: +SERVICE [/teleop_turtle/get_loggers] /teleop_turtle http://ubuntu:43489/
[rosmaster.master][INFO] 2022-05-20 22:59:27,851: +SERVICE [/teleop_turtle/set_logger_level] /teleop_turtle http://ubuntu:43489/
[rosmaster.master][INFO] 2022-05-20 22:59:27,859: +PUB [/turtle1/cmd_vel] /teleop_turtle http://ubuntu:43489/
[rosmaster.master][INFO] 2022-05-20 22:59:27,897: publisherUpdate[/rosout] -> http://ubuntu:40717/ ['http://ubuntu:42499/', 'http://ubuntu:46331/', 'http://ubuntu:43921/', 'http://ubuntu:40683/', 'http://ubuntu:34671/', 'http://ubuntu:43489/']
[rosmaster.master][INFO] 2022-05-20 22:59:27,899: publisherUpdate[/rosout] -> http://ubuntu:40717/ ['http://ubuntu:42499/', 'http://ubuntu:46331/', 'http://ubuntu:43921/', 'http://ubuntu:40683/', 'http://ubuntu:34671/', 'http://ubuntu:43489/']: sec=0.00, result=[1, '', 0]
[rosmaster.master][INFO] 2022-05-20 22:59:27,899: publisherUpdate[/turtle1/cmd_vel] -> http://ubuntu:46331/ ['http://ubuntu:42499/', 'http://ubuntu:43489/']
[rosmaster.master][INFO] 2022-05-20 22:59:27,901: publisherUpdate[/turtle1/cmd_vel] -> http://ubuntu:46331/ ['http://ubuntu:42499/', 'http://ubuntu:43489/']: sec=0.00, result=[1, '', 0]
[rosmaster.master][INFO] 2022-05-20 23:01:35,639: -SERVICE [/turtle2/teleport_absolute] /sim rosrpc://ubuntu:50801
[rosmaster.master][INFO] 2022-05-20 23:01:35,640: -SERVICE [/turtle2/teleport_relative] /sim rosrpc://ubuntu:50801
[rosmaster.master][INFO] 2022-05-20 23:01:35,641: -SERVICE [/turtle2/set_pen] /sim rosrpc://ubuntu:50801
[rosmaster.master][INFO] 2022-05-20 23:01:35,642: -PUB [/turtle2/color_sensor] /sim http://ubuntu:46331/
[rosmaster.master][INFO] 2022-05-20 23:01:35,644: -PUB [/turtle2/pose] /sim http://ubuntu:46331/
[rosmaster.master][INFO] 2022-05-20 23:01:35,646: -SUB [/turtle2/cmd_vel] /sim http://ubuntu:46331/
[rosmaster.master][INFO] 2022-05-20 23:01:35,648: -SERVICE [/turtle1/teleport_absolute] /sim rosrpc://ubuntu:50801
[rosmaster.master][INFO] 2022-05-20 23:01:35,650: publisherUpdate[/turtle2/pose] -> http://ubuntu:40683/ []
[rosmaster.master][INFO] 2022-05-20 23:01:35,651: -SERVICE [/turtle1/teleport_relative] /sim rosrpc://ubuntu:50801
[rosmaster.master][INFO] 2022-05-20 23:01:35,654: -SERVICE [/turtle1/set_pen] /sim rosrpc://ubuntu:50801
[rosmaster.master][INFO] 2022-05-20 23:01:35,655: publisherUpdate[/turtle2/pose] -> http://ubuntu:40683/ []: sec=0.00, result=[1, '', 0]
[rosmaster.master][INFO] 2022-05-20 23:01:35,656: -PUB [/turtle1/color_sensor] /sim http://ubuntu:46331/
[rosmaster.master][INFO] 2022-05-20 23:01:35,658: -PUB [/turtle1/pose] /sim http://ubuntu:46331/
[rosmaster.master][INFO] 2022-05-20 23:01:35,660: -SUB [/turtle1/cmd_vel] /sim http://ubuntu:46331/
[rosmaster.master][INFO] 2022-05-20 23:01:35,665: publisherUpdate[/turtle1/pose] -> http://ubuntu:43921/ []
[rosmaster.master][INFO] 2022-05-20 23:01:35,666: -SERVICE [/kill] /sim rosrpc://ubuntu:50801
[rosmaster.master][INFO] 2022-05-20 23:01:35,668: publisherUpdate[/turtle1/pose] -> http://ubuntu:43921/ []: sec=0.00, result=[1, '', 0]
[rosmaster.master][INFO] 2022-05-20 23:01:35,669: -SERVICE [/spawn] /sim rosrpc://ubuntu:50801
[rosmaster.master][INFO] 2022-05-20 23:01:35,671: -SERVICE [/reset] /sim rosrpc://ubuntu:50801
[rosmaster.master][INFO] 2022-05-20 23:01:35,672: -SERVICE [/clear] /sim rosrpc://ubuntu:50801
[rosmaster.master][INFO] 2022-05-20 23:01:35,818: -PUB [/rosout] /sim http://ubuntu:46331/
[rosmaster.master][INFO] 2022-05-20 23:01:35,820: -SERVICE [/sim/get_loggers] /sim rosrpc://ubuntu:50801
[rosmaster.master][INFO] 2022-05-20 23:01:35,822: -SERVICE [/sim/set_logger_level] /sim rosrpc://ubuntu:50801
[rosmaster.master][INFO] 2022-05-20 23:01:35,857: publisherUpdate[/rosout] -> http://ubuntu:40717/ ['http://ubuntu:42499/', 'http://ubuntu:43921/', 'http://ubuntu:40683/', 'http://ubuntu:34671/', 'http://ubuntu:43489/']
[rosmaster.master][INFO] 2022-05-20 23:01:35,858: publisherUpdate[/rosout] -> http://ubuntu:40717/ ['http://ubuntu:42499/', 'http://ubuntu:43921/', 'http://ubuntu:40683/', 'http://ubuntu:34671/', 'http://ubuntu:43489/']: sec=0.00, result=[1, '', 0]
[rosmaster.master][INFO] 2022-05-20 23:01:42,792: -SUB [/tf_static] /turtle_pointer http://ubuntu:34671/
[rosmaster.master][INFO] 2022-05-20 23:01:42,792: -SUB [/tf] /turtle_pointer http://ubuntu:34671/
[rosmaster.master][INFO] 2022-05-20 23:01:42,793: -PUB [/turtle2/cmd_vel] /turtle_pointer http://ubuntu:34671/
[rosmaster.master][INFO] 2022-05-20 23:01:42,793: -PUB [/rosout] /turtle_pointer http://ubuntu:34671/
[rosmaster.master][INFO] 2022-05-20 23:01:42,793: -SERVICE [/turtle_pointer/set_logger_level] /turtle_pointer rosrpc://ubuntu:41009
[rosmaster.master][INFO] 2022-05-20 23:01:42,793: -SERVICE [/turtle_pointer/get_loggers] /turtle_pointer rosrpc://ubuntu:41009
[rosmaster.master][INFO] 2022-05-20 23:01:42,800: -SUB [/turtle2/pose] /turtle2_tf_broadcaster http://ubuntu:40683/
[rosmaster.master][INFO] 2022-05-20 23:01:42,801: -PUB [/rosout] /turtle2_tf_broadcaster http://ubuntu:40683/
[rosmaster.master][INFO] 2022-05-20 23:01:42,802: -PUB [/tf] /turtle2_tf_broadcaster http://ubuntu:40683/
[rosmaster.master][INFO] 2022-05-20 23:01:42,802: -SUB [/turtle1/pose] /turtle1_tf_broadcaster http://ubuntu:43921/
[rosmaster.master][INFO] 2022-05-20 23:01:42,802: -SERVICE [/turtle2_tf_broadcaster/set_logger_level] /turtle2_tf_broadcaster rosrpc://ubuntu:40075
[rosmaster.master][INFO] 2022-05-20 23:01:42,803: -PUB [/rosout] /turtle1_tf_broadcaster http://ubuntu:43921/
[rosmaster.master][INFO] 2022-05-20 23:01:42,803: -SERVICE [/turtle2_tf_broadcaster/get_loggers] /turtle2_tf_broadcaster rosrpc://ubuntu:40075
[rosmaster.master][INFO] 2022-05-20 23:01:42,803: -PUB [/tf] /turtle1_tf_broadcaster http://ubuntu:43921/
[rosmaster.master][INFO] 2022-05-20 23:01:42,803: -SERVICE [/turtle1_tf_broadcaster/set_logger_level] /turtle1_tf_broadcaster rosrpc://ubuntu:45441
[rosmaster.master][INFO] 2022-05-20 23:01:42,804: -SERVICE [/turtle1_tf_broadcaster/get_loggers] /turtle1_tf_broadcaster rosrpc://ubuntu:45441
[rosmaster.master][INFO] 2022-05-20 23:01:42,816: publisherUpdate[/rosout] -> http://ubuntu:40717/ ['http://ubuntu:42499/', 'http://ubuntu:43921/', 'http://ubuntu:40683/', 'http://ubuntu:43489/']
[rosmaster.master][INFO] 2022-05-20 23:01:42,817: publisherUpdate[/rosout] -> http://ubuntu:40717/ ['http://ubuntu:42499/', 'http://ubuntu:43921/', 'http://ubuntu:40683/', 'http://ubuntu:43489/']: sec=0.00, result=[1, '', 0]
[rosmaster.master][INFO] 2022-05-20 23:01:42,817: publisherUpdate[/rosout] -> http://ubuntu:40717/ ['http://ubuntu:42499/', 'http://ubuntu:43921/', 'http://ubuntu:43489/']
[rosmaster.master][INFO] 2022-05-20 23:01:42,818: publisherUpdate[/rosout] -> http://ubuntu:40717/ ['http://ubuntu:42499/', 'http://ubuntu:43921/', 'http://ubuntu:43489/']: sec=0.00, result=[1, '', 0]
[rosmaster.master][INFO] 2022-05-20 23:01:42,818: publisherUpdate[/rosout] -> http://ubuntu:40717/ ['http://ubuntu:42499/', 'http://ubuntu:43489/']
[rosmaster.master][INFO] 2022-05-20 23:01:42,819: publisherUpdate[/rosout] -> http://ubuntu:40717/ ['http://ubuntu:42499/', 'http://ubuntu:43489/']: sec=0.00, result=[1, '', 0]
[rosmaster.master][INFO] 2022-05-20 23:01:43,324: -PUB [/rosout_agg] /rosout http://ubuntu:40717/
[rosmaster.master][INFO] 2022-05-20 23:01:43,325: -SUB [/rosout] /rosout http://ubuntu:40717/
[rosmaster.master][INFO] 2022-05-20 23:01:43,326: -SERVICE [/rosout/get_loggers] /rosout rosrpc://ubuntu:54241
[rosmaster.master][INFO] 2022-05-20 23:01:43,328: -SERVICE [/rosout/set_logger_level] /rosout rosrpc://ubuntu:54241
[rosmaster.main][INFO] 2022-05-20 23:01:43,406: keyboard interrupt, will exit
[rosmaster.main][INFO] 2022-05-20 23:01:43,407: stopping master...
[rospy.core][INFO] 2022-05-20 23:01:43,407: signal_shutdown [atexit]
