

0.000000000  Node Startup
0.000000000 INFO [/tmp/binarydeb/ros-kinetic-roscpp-1.12.17/src/libros/service.cpp:123(service::waitForService) [topics: /rosout] waitForService: Service [/mobile_base_nodelet_manager/load_nodelet] is now available.
0.000000000 INFO [/tmp/binarydeb/ros-kinetic-nodelet-1.9.14/src/loader.cpp:233(Loader::Impl::advertiseRosApi) [topics: /rosout] Initializing nodelet with 8 worker threads.
0.000000000 INFO [/tmp/binarydeb/ros-kinetic-yocs-cmd-vel-mux-0.8.2/src/cmd_vel_mux_nodelet.cpp:243(CmdVelMuxNodelet::reloadConfiguration) [topics: /rosout, /cmd_vel_mux/parameter_descriptions, /cmd_vel_mux/parameter_updates, /cmd_vel] CmdVelMux : (re)configured
0.000000000 INFO [spawner:116(main) [topics: /clock, /rosout] Controller Spawner: Waiting for service controller_manager/load_controller
0.000000000 INFO [/tmp/binarydeb/ros-kinetic-roscpp-1.12.17/src/libros/service.cpp:80(service::exists) [topics: /rosout] waitForService: Service [/gazebo/set_physics_properties] has not been advertised, waiting...
0.000000000 INFO [/tmp/binarydeb/ros-kinetic-roscpp-1.12.17/src/libros/service.cpp:80(service::exists) [topics: /rosout] waitForService: Service [/gazebo/set_physics_properties] has not been advertised, waiting...
0.000000000 INFO [gazebo_interface.py:27(spawn_urdf_model_client) [topics: /clock, /rosout] Waiting for service /gazebo/spawn_urdf_model
0.000000000 INFO [/tmp/binarydeb/ros-kinetic-roscpp-1.12.17/src/libros/service.cpp:123(service::waitForService) [topics: /rosout, /clock, /gazebo/link_states, /gazebo/model_states] waitForService: Service [/gazebo/set_physics_properties] is now available.
0.000000000 INFO [/tmp/binarydeb/ros-kinetic-roscpp-1.12.17/src/libros/service.cpp:123(service::waitForService) [topics: /rosout] waitForService: Service [/gazebo/set_physics_properties] is now available.
0.000000000 INFO [/tmp/binarydeb/ros-kinetic-gazebo-ros-2.5.21/src/gazebo_ros_api_plugin.cpp:2367(GazeboRosApiPlugin::physicsReconfigureThread) [topics: /rosout, /clock, /gazebo/link_states, /gazebo/model_states, /gazebo/parameter_descriptions, /gazebo/parameter_updates] Physics dynamic reconfigure ready.
0.000000000 INFO [/tmp/binarydeb/ros-kinetic-gazebo-ros-2.5.21/src/gazebo_ros_api_plugin.cpp:2367(GazeboRosApiPlugin::physicsReconfigureThread) [topics: /rosout, /gazebo_gui/parameter_descriptions, /gazebo_gui/parameter_updates] Physics dynamic reconfigure ready.
0.000000000 INFO [gazebo_interface.py:31(spawn_urdf_model_client) [topics: /clock, /rosout] Calling service /gazebo/spawn_urdf_model
0.001000000 INFO [/tmp/binarydeb/ros-kinetic-gazebo-plugins-2.5.21/src/gazebo_ros_imu_sensor.cpp:142(GazeboRosImuSensor::LoadParameters) [topics: /rosout, /clock, /gazebo/link_states, /gazebo/model_states, /gazebo/parameter_descriptions, /gazebo/parameter_updates] <robotNamespace> set to: //
0.001000000 INFO [/tmp/binarydeb/ros-kinetic-gazebo-plugins-2.5.21/src/gazebo_ros_imu_sensor.cpp:157(GazeboRosImuSensor::LoadParameters) [topics: /rosout, /clock, /gazebo/link_states, /gazebo/model_states, /gazebo/parameter_descriptions, /gazebo/parameter_updates] <topicName> set to: //imu
0.001000000 INFO [/tmp/binarydeb/ros-kinetic-gazebo-plugins-2.5.21/src/gazebo_ros_imu_sensor.cpp:169(GazeboRosImuSensor::LoadParameters) [topics: /rosout, /clock, /gazebo/link_states, /gazebo/model_states, /gazebo/parameter_descriptions, /gazebo/parameter_updates] <frameName> set to: imu_link
0.001000000 INFO [/tmp/binarydeb/ros-kinetic-gazebo-plugins-2.5.21/src/gazebo_ros_imu_sensor.cpp:181(GazeboRosImuSensor::LoadParameters) [topics: /rosout, /clock, /gazebo/link_states, /gazebo/model_states, /gazebo/parameter_descriptions, /gazebo/parameter_updates] <updateRateHZ> set to: 10
0.001000000 INFO [/tmp/binarydeb/ros-kinetic-gazebo-plugins-2.5.21/src/gazebo_ros_imu_sensor.cpp:193(GazeboRosImuSensor::LoadParameters) [topics: /rosout, /clock, /gazebo/link_states, /gazebo/model_states, /gazebo/parameter_descriptions, /gazebo/parameter_updates] <gaussianNoise> set to: 0
0.001000000 INFO [/tmp/binarydeb/ros-kinetic-gazebo-plugins-2.5.21/src/gazebo_ros_imu_sensor.cpp:205(GazeboRosImuSensor::LoadParameters) [topics: /rosout, /clock, /gazebo/link_states, /gazebo/model_states, /gazebo/parameter_descriptions, /gazebo/parameter_updates] <xyzOffset> set to: 0 0 0
0.001000000 INFO [/tmp/binarydeb/ros-kinetic-gazebo-plugins-2.5.21/src/gazebo_ros_imu_sensor.cpp:217(GazeboRosImuSensor::LoadParameters) [topics: /rosout, /clock, /gazebo/link_states, /gazebo/model_states, /gazebo/parameter_descriptions, /gazebo/parameter_updates] <rpyOffset> set to: 0 -0 0
0.001000000 INFO [/tmp/binarydeb/ros-kinetic-gazebo-plugins-2.5.21/include/gazebo_plugins/gazebo_ros_utils.h:95(__cxx11::string gazebo::GetRobotNamespace) [topics: /rosout, /clock, /gazebo/link_states, /gazebo/model_states, /gazebo/parameter_descriptions, /gazebo/parameter_updates, /imu] Laser Plugin: Using the 'robotNamespace' param: '/'
0.001000000 INFO [/tmp/binarydeb/ros-kinetic-gazebo-plugins-2.5.21/src/gazebo_ros_gpu_laser.cpp:114(GazeboRosLaser::Load) [topics: /rosout, /clock, /gazebo/link_states, /gazebo/model_states, /gazebo/parameter_descriptions, /gazebo/parameter_updates, /imu] Starting GazeboRosLaser Plugin (ns = /)
0.001000000 INFO [gazebo_interface.py:33(spawn_urdf_model_client) [topics: /clock, /rosout] Spawn status: SpawnModel: Successfully spawned entity
0.001000000 INFO [/tmp/binarydeb/ros-kinetic-gazebo-plugins-2.5.21/src/gazebo_ros_gpu_laser.cpp:138(GazeboRosLaser::LoadThread) [topics: /rosout, /clock, /gazebo/link_states, /gazebo/model_states, /gazebo/parameter_descriptions, /gazebo/parameter_updates, /imu] GPU Laser Plugin (ns = /) <tf_prefix_>, set to ""
0.001000000 INFO [/tmp/binarydeb/ros-kinetic-gazebo-plugins-2.5.21/src/gazebo_ros_gpu_laser.cpp:160(GazeboRosLaser::LoadThread) [topics: /rosout, /clock, /gazebo/link_states, /gazebo/model_states, /gazebo/parameter_descriptions, /gazebo/parameter_updates, /imu, /scan] LoadThread function completed
0.001000000 INFO [/tmp/binarydeb/ros-kinetic-gazebo-plugins-2.5.21/include/gazebo_plugins/gazebo_ros_utils.h:95(__cxx11::string gazebo::GetRobotNamespace) [topics: /rosout, /clock, /gazebo/link_states, /gazebo/model_states, /gazebo/parameter_descriptions, /gazebo/parameter_updates, /imu, /scan] Camera Plugin: Using the 'robotNamespace' param: '/'
0.001000000 INFO [/tmp/binarydeb/ros-kinetic-gazebo-plugins-2.5.21/src/gazebo_ros_camera_utils.cpp:296(GazeboRosCameraUtils::LoadThread) [topics: /rosout, /clock, /gazebo/link_states, /gazebo/model_states, /gazebo/parameter_descriptions, /gazebo/parameter_updates, /imu, /scan] Camera Plugin (ns = /)  <tf_prefix_>, set to ""
0.001000000 INFO [/tmp/binarydeb/ros-kinetic-gazebo-plugins-2.5.21/src/gazebo_ros_utils.cpp:57(GazeboRos::readCommonParameter) [topics: /rosout, /clock, /gazebo/link_states, /gazebo/model_states, /gazebo/parameter_descriptions, /gazebo/parameter_updates, /imu, /scan, /camera/parameter_descriptions, /camera/parameter_updates] Starting plugin DiffDrive(ns = //)
0.001000000 WARN [/tmp/binarydeb/ros-kinetic-gazebo-plugins-2.5.21/include/gazebo_plugins/gazebo_ros_utils.h:232(GazeboRos::getParameter) [topics: /rosout, /clock, /gazebo/link_states, /gazebo/model_states, /gazebo/parameter_descriptions, /gazebo/parameter_updates, /imu, /scan, /camera/parameter_descriptions, /camera/parameter_updates] DiffDrive(ns = //): missing <rosDebugLevel> default is na
0.001000000 INFO [/tmp/binarydeb/ros-kinetic-gazebo-plugins-2.5.21/src/gazebo_ros_utils.cpp:93(GazeboRos::readCommonParameter) [topics: /rosout, /clock, /gazebo/link_states, /gazebo/model_states, /gazebo/parameter_descriptions, /gazebo/parameter_updates, /imu, /scan, /camera/parameter_descriptions, /camera/parameter_updates] DiffDrive(ns = //): <tf_prefix> = 
0.001000000 WARN [/tmp/binarydeb/ros-kinetic-gazebo-plugins-2.5.21/src/gazebo_ros_utils.cpp:101(GazeboRos::getParameterBoolean) [topics: /rosout, /clock, /gazebo/link_states, /gazebo/model_states, /gazebo/parameter_descriptions, /gazebo/parameter_updates, /imu, /scan, /camera/parameter_descriptions, /camera/parameter_updates] DiffDrive(ns = //): missing <publishOdomTF> default is true
0.001000000 WARN [/tmp/binarydeb/ros-kinetic-gazebo-plugins-2.5.21/include/gazebo_plugins/gazebo_ros_utils.h:232(GazeboRos::getParameter) [topics: /rosout, /clock, /gazebo/link_states, /gazebo/model_states, /gazebo/parameter_descriptions, /gazebo/parameter_updates, /imu, /scan, /camera/parameter_descriptions, /camera/parameter_updates] DiffDrive(ns = //): missing <wheelTorque> default is 5
0.001000000 WARN [/tmp/binarydeb/ros-kinetic-gazebo-plugins-2.5.21/include/gazebo_plugins/gazebo_ros_utils.h:264(GazeboRos::getParameter) [topics: /rosout, /clock, /gazebo/link_states, /gazebo/model_states, /gazebo/parameter_descriptions, /gazebo/parameter_updates, /imu, /scan, /camera/parameter_descriptions, /camera/parameter_updates] DiffDrive(ns = //): missing <odometrySource> default is 1
0.001000000 INFO [/tmp/binarydeb/ros-kinetic-gazebo-plugins-2.5.21/src/gazebo_ros_diff_drive.cpp:160(GazeboRosDiffDrive::Load) [topics: /rosout, /clock, /gazebo/link_states, /gazebo/model_states, /gazebo/parameter_descriptions, /gazebo/parameter_updates, /imu, /scan, /camera/parameter_descriptions, /camera/parameter_updates, /joint_states] DiffDrive(ns = //): Advertise joint_states
0.001000000 INFO [/tmp/binarydeb/ros-kinetic-gazebo-plugins-2.5.21/src/gazebo_ros_diff_drive.cpp:166(GazeboRosDiffDrive::Load) [topics: /rosout, /clock, /gazebo/link_states, /gazebo/model_states, /gazebo/parameter_descriptions, /gazebo/parameter_updates, /imu, /scan, /camera/parameter_descriptions, /camera/parameter_updates, /joint_states, /tf] DiffDrive(ns = //): Try to subscribe to cmd_vel
0.001000000 INFO [/tmp/binarydeb/ros-kinetic-gazebo-plugins-2.5.21/src/gazebo_ros_diff_drive.cpp:174(GazeboRosDiffDrive::Load) [topics: /rosout, /clock, /gazebo/link_states, /gazebo/model_states, /gazebo/parameter_descriptions, /gazebo/parameter_updates, /imu, /scan, /camera/parameter_descriptions, /camera/parameter_updates, /joint_states, /tf] DiffDrive(ns = //): Subscribe to cmd_vel
0.001000000 INFO [/tmp/binarydeb/ros-kinetic-gazebo-plugins-2.5.21/src/gazebo_ros_diff_drive.cpp:179(GazeboRosDiffDrive::Load) [topics: /rosout, /clock, /gazebo/link_states, /gazebo/model_states, /gazebo/parameter_descriptions, /gazebo/parameter_updates, /imu, /scan, /camera/parameter_descriptions, /camera/parameter_updates, /joint_states, /tf, /odom] DiffDrive(ns = //): Advertise odom on odom 
0.001000000 INFO [/tmp/binarydeb/ros-kinetic-gazebo-ros-control-2.5.21/src/gazebo_ros_control_plugin.cpp:60(GazeboRosControlPlugin::Load) [topics: /rosout, /clock, /gazebo/link_states, /gazebo/model_states, /gazebo/parameter_descriptions, /gazebo/parameter_updates, /imu, /scan, /camera/parameter_descriptions, /camera/parameter_updates, /joint_states, /tf, /odom, /camera/rgb/image_raw/compressedDepth, /camera/rgb/image_raw/compressedDepth/parameter_descriptions, /camera/rgb/image_raw/compressedDepth/parameter_updates] Loading gazebo_ros_control plugin
0.001000000 ERROR [/tmp/binarydeb/ros-kinetic-gazebo-ros-control-2.5.21/src/gazebo_ros_control_plugin.cpp:126(GazeboRosControlPlugin::Load) [topics: /rosout, /clock, /gazebo/link_states, /gazebo/model_states, /gazebo/parameter_descriptions, /gazebo/parameter_updates, /imu, /scan, /camera/parameter_descriptions, /camera/parameter_updates, /joint_states, /tf, /odom, /camera/rgb/image_raw/compressedDepth, /camera/rgb/image_raw/compressedDepth/parameter_descriptions, /camera/rgb/image_raw/compressedDepth/parameter_updates] GazeboRosControlPlugin missing <legacyModeNS> while using DefaultRobotHWSim, defaults to true.
This setting assumes you have an old package with an old implementation of DefaultRobotHWSim, where the robotNamespace is disregarded and absolute paths are used instead.
If you do not want to fix this issue in an old package just set <legacyModeNS> to true.

0.001000000 INFO [/tmp/binarydeb/ros-kinetic-gazebo-ros-control-2.5.21/src/gazebo_ros_control_plugin.cpp:173(GazeboRosControlPlugin::Load) [topics: /rosout, /clock, /gazebo/link_states, /gazebo/model_states, /gazebo/parameter_descriptions, /gazebo/parameter_updates, /imu, /scan, /camera/parameter_descriptions, /camera/parameter_updates, /joint_states, /tf, /odom, /camera/rgb/image_raw/compressedDepth, /camera/rgb/image_raw/compressedDepth/parameter_descriptions, /camera/rgb/image_raw/compressedDepth/parameter_updates] Starting gazebo_ros_control plugin in namespace: /xbot
0.001000000 INFO [/tmp/binarydeb/ros-kinetic-gazebo-ros-control-2.5.21/src/gazebo_ros_control_plugin.cpp:292(__cxx11::string gazebo_ros_control::GazeboRosControlPlugin::getURDF) [topics: /rosout, /clock, /gazebo/link_states, /gazebo/model_states, /gazebo/parameter_descriptions, /gazebo/parameter_updates, /imu, /scan, /camera/parameter_descriptions, /camera/parameter_updates, /joint_states, /tf, /odom, /camera/rgb/image_raw/compressedDepth, /camera/rgb/image_raw/compressedDepth/parameter_descriptions, /camera/rgb/image_raw/compressedDepth/parameter_updates] gazebo_ros_control plugin is waiting for model URDF in parameter [/robot_description] on the ROS param server.
0.001000000 WARN [/tmp/binarydeb/ros-kinetic-gazebo-ros-control-2.5.21/src/default_robot_hw_sim.cpp:185(DefaultRobotHWSim::initSim) [topics: /rosout, /clock, /gazebo/link_states, /gazebo/model_states, /gazebo/parameter_descriptions, /gazebo/parameter_updates, /imu, /scan, /camera/parameter_descriptions, /camera/parameter_updates, /joint_states, /tf, /odom, /camera/rgb/image_raw/compressedDepth, /camera/rgb/image_raw/compressedDepth/parameter_descriptions, /camera/rgb/image_raw/compressedDepth/parameter_updates, /camera/rgb/image_raw/compressed, /camera/rgb/image_raw/compressed/parameter_descriptions, /camera/rgb/image_raw/compressed/parameter_updates, /camera/rgb/image_raw, /camera/rgb/image_raw/theora, /camera/rgb/image_raw/theora/parameter_descriptions, /camera/rgb/image_raw/theora/parameter_updates, /camera/rgb/camera_info, /camera/depth/points, /camera/depth/image_raw, /camera/depth/camera_info] Deprecated syntax, please prepend 'hardware_interface/' to 'EffortJointInterface' within the <hardwareInterface> tag in joint 'base_to_yaw_platform'.
0.001000000 WARN [/tmp/binarydeb/ros-kinetic-gazebo-ros-control-2.5.21/src/default_robot_hw_sim.cpp:185(DefaultRobotHWSim::initSim) [topics: /rosout, /clock, /gazebo/link_states, /gazebo/model_states, /gazebo/parameter_descriptions, /gazebo/parameter_updates, /imu, /scan, /camera/parameter_descriptions, /camera/parameter_updates, /joint_states, /tf, /odom, /camera/rgb/image_raw/compressedDepth, /camera/rgb/image_raw/compressedDepth/parameter_descriptions, /camera/rgb/image_raw/compressedDepth/parameter_updates, /camera/rgb/image_raw/compressed, /camera/rgb/image_raw/compressed/parameter_descriptions, /camera/rgb/image_raw/compressed/parameter_updates, /camera/rgb/image_raw, /camera/rgb/image_raw/theora, /camera/rgb/image_raw/theora/parameter_descriptions, /camera/rgb/image_raw/theora/parameter_updates, /camera/rgb/camera_info, /camera/depth/points, /camera/depth/image_raw, /camera/depth/camera_info] Deprecated syntax, please prepend 'hardware_interface/' to 'EffortJointInterface' within the <hardwareInterface> tag in joint 'yaw_to_pitch_platform'.
0.001000000 INFO [/tmp/binarydeb/ros-kinetic-gazebo-ros-control-2.5.21/src/gazebo_ros_control_plugin.cpp:219(GazeboRosControlPlugin::Load) [topics: /rosout, /clock, /gazebo/link_states, /gazebo/model_states, /gazebo/parameter_descriptions, /gazebo/parameter_updates, /imu, /scan, /camera/parameter_descriptions, /camera/parameter_updates, /joint_states, /tf, /odom, /camera/rgb/image_raw/compressedDepth, /camera/rgb/image_raw/compressedDepth/parameter_descriptions, /camera/rgb/image_raw/compressedDepth/parameter_updates, /camera/rgb/image_raw/compressed, /camera/rgb/image_raw/compressed/parameter_descriptions, /camera/rgb/image_raw/compressed/parameter_updates, /camera/rgb/image_raw, /camera/rgb/image_raw/theora, /camera/rgb/image_raw/theora/parameter_descriptions, /camera/rgb/image_raw/theora/parameter_updates, /camera/rgb/camera_info, /camera/depth/points, /camera/depth/image_raw, /camera/depth/camera_info] Loaded gazebo_ros_control.
0.216000000 INFO [spawner:121(main) [topics: /clock, /rosout] Controller Spawner: Waiting for service controller_manager/switch_controller
0.219000000 INFO [spawner:129(main) [topics: /clock, /rosout] Controller Spawner: Waiting for service controller_manager/unload_controller
0.221000000 INFO [spawner:184(main) [topics: /clock, /rosout] Loading controller: joint_state_controller
0.247000000 INFO [spawner:184(main) [topics: /clock, /rosout] Loading controller: yaw_platform_position_controller
0.329000000 INFO [spawner:184(main) [topics: /clock, /rosout] Loading controller: pitch_platform_position_controller
0.402000000 INFO [spawner:192(main) [topics: /clock, /rosout] Controller Spawner: Loaded controllers: joint_state_controller, yaw_platform_position_controller, pitch_platform_position_controller
0.409000000 INFO [spawner:201(main) [topics: /clock, /rosout] Started controllers: joint_state_controller, yaw_platform_position_controller, pitch_platform_position_controller
65.617000000 INFO [/tmp/binarydeb/ros-kinetic-nodelet-1.9.14/src/nodelet.cpp:159(unloadNodelet) [topics: /rosout, /mobile_base_nodelet_manager/bond] Unloading nodelet /cmd_vel_mux from manager mobile_base_nodelet_manager
65.624000000 INFO [spawner:55(shutdown) [topics: /clock, /rosout] Shutting down spawner. Stopping and unloading controllers...
65.624000000 INFO [spawner:64(shutdown) [topics: /clock, /rosout] Stopping all controllers...
65.630000000 INFO [spawner:66(shutdown) [topics: /clock, /rosout] Unloading all loaded controllers...
65.632000000 INFO [spawner:68(shutdown) [topics: /clock, /rosout] Trying to unload pitch_platform_position_controller
65.644000000 INFO [spawner:70(shutdown) [topics: /clock, /rosout] Succeeded in unloading pitch_platform_position_controller
65.644000000 INFO [spawner:68(shutdown) [topics: /clock, /rosout] Trying to unload yaw_platform_position_controller
65.654000000 INFO [spawner:70(shutdown) [topics: /clock, /rosout] Succeeded in unloading yaw_platform_position_controller
65.654000000 INFO [spawner:68(shutdown) [topics: /clock, /rosout] Trying to unload joint_state_controller
65.661000000 INFO [spawner:70(shutdown) [topics: /clock, /rosout] Succeeded in unloading joint_state_controller
