[rospy.client][INFO] 2022-03-09 22:28:12,015: init_node, name[/xbot/spawner], pid[30580]
[xmlrpc][INFO] 2022-03-09 22:28:12,015: XML-RPC server binding to 0.0.0.0:0
[xmlrpc][INFO] 2022-03-09 22:28:12,016: Started XML-RPC server [http://ubuntu:43091/]
[rospy.init][INFO] 2022-03-09 22:28:12,016: ROS Slave URI: [http://ubuntu:43091/]
[rospy.impl.masterslave][INFO] 2022-03-09 22:28:12,016: _ready: http://ubuntu:43091/
[rospy.registration][INFO] 2022-03-09 22:28:12,017: Registering with master node http://localhost:11311
[xmlrpc][INFO] 2022-03-09 22:28:12,017: xml rpc node: starting XML-RPC server
[rospy.init][INFO] 2022-03-09 22:28:12,117: registered with master
[rospy.rosout][INFO] 2022-03-09 22:28:12,117: initializing /rosout core topic
[rospy.rosout][INFO] 2022-03-09 22:28:12,119: connected to core topic /rosout
[rospy.simtime][INFO] 2022-03-09 22:28:12,121: initializing /clock core topic
[rospy.simtime][INFO] 2022-03-09 22:28:12,124: connected to core topic /clock
[rosout][INFO] 2022-03-09 22:28:12,131: Controller Spawner: Waiting for service controller_manager/load_controller
[rospy.internal][INFO] 2022-03-09 22:28:12,356: topic[/rosout] adding connection to [/rosout], count 0
[rospy.internal][INFO] 2022-03-09 22:28:13,604: topic[/clock] adding connection to [http://ubuntu:40141/], count 0
[rosout][INFO] 2022-03-09 22:28:15,456: Controller Spawner: Waiting for service controller_manager/switch_controller
[rosout][INFO] 2022-03-09 22:28:15,460: Controller Spawner: Waiting for service controller_manager/unload_controller
[rosout][INFO] 2022-03-09 22:28:15,462: Loading controller: joint_state_controller
[rosout][INFO] 2022-03-09 22:28:15,490: Loading controller: yaw_platform_position_controller
[rosout][INFO] 2022-03-09 22:28:15,584: Loading controller: pitch_platform_position_controller
[rosout][INFO] 2022-03-09 22:28:15,663: Controller Spawner: Loaded controllers: joint_state_controller, yaw_platform_position_controller, pitch_platform_position_controller
[rosout][INFO] 2022-03-09 22:28:15,668: Started controllers: joint_state_controller, yaw_platform_position_controller, pitch_platform_position_controller
[rospy.core][INFO] 2022-03-09 22:29:21,886: signal_shutdown [signal-2]
[rosout][INFO] 2022-03-09 22:29:21,886: Shutting down spawner. Stopping and unloading controllers...
[rosout][INFO] 2022-03-09 22:29:21,886: Stopping all controllers...
[rosout][INFO] 2022-03-09 22:29:21,892: Unloading all loaded controllers...
[rosout][INFO] 2022-03-09 22:29:21,893: Trying to unload pitch_platform_position_controller
[rosout][INFO] 2022-03-09 22:29:21,921: Succeeded in unloading pitch_platform_position_controller
[rosout][INFO] 2022-03-09 22:29:21,921: Trying to unload yaw_platform_position_controller
[rosout][INFO] 2022-03-09 22:29:21,934: Succeeded in unloading yaw_platform_position_controller
[rosout][INFO] 2022-03-09 22:29:21,935: Trying to unload joint_state_controller
[rosout][INFO] 2022-03-09 22:29:21,942: Succeeded in unloading joint_state_controller
[rospy.internal][INFO] 2022-03-09 22:29:21,946: topic[/rosout] removing connection to /rosout
[rospy.internal][INFO] 2022-03-09 22:29:21,946: topic[/clock] removing connection to http://ubuntu:40141/
[rospy.impl.masterslave][INFO] 2022-03-09 22:29:21,947: signal-2
[rospy.core][INFO] 2022-03-09 22:29:22,081: signal_shutdown [atexit]
