[rospy.client][INFO] 2022-04-29 08:11:31,827: init_node, name[/turtle_pointer], pid[3161]
[xmlrpc][INFO] 2022-04-29 08:11:31,827: XML-RPC server binding to 0.0.0.0:0
[xmlrpc][INFO] 2022-04-29 08:11:31,828: Started XML-RPC server [http://ubuntu:36873/]
[rospy.impl.masterslave][INFO] 2022-04-29 08:11:31,828: _ready: http://ubuntu:36873/
[xmlrpc][INFO] 2022-04-29 08:11:31,829: xml rpc node: starting XML-RPC server
[rospy.init][INFO] 2022-04-29 08:11:31,829: ROS Slave URI: [http://ubuntu:36873/]
[rospy.registration][INFO] 2022-04-29 08:11:31,830: Registering with master node http://localhost:11311
[rospy.init][INFO] 2022-04-29 08:11:31,931: registered with master
[rospy.rosout][INFO] 2022-04-29 08:11:31,931: initializing /rosout core topic
[rospy.rosout][INFO] 2022-04-29 08:11:31,935: connected to core topic /rosout
[rospy.simtime][INFO] 2022-04-29 08:11:31,937: /use_sim_time is not set, will not subscribe to simulated time [/clock] topic
[rospy.internal][INFO] 2022-04-29 08:11:32,133: topic[/tf] adding connection to [http://ubuntu:44667/], count 0
[rospy.internal][INFO] 2022-04-29 08:11:32,184: topic[/rosout] adding connection to [/rosout], count 0
[rospy.internal][INFO] 2022-04-29 08:11:32,210: topic[/tf] adding connection to [http://ubuntu:41939/], count 1
[rospy.internal][INFO] 2022-04-29 08:11:32,292: topic[/turtle2/cmd_vel] adding connection to [/sim], count 0
[rospy.core][INFO] 2022-04-29 09:40:10,293: signal_shutdown [signal-2]
[rospy.internal][INFO] 2022-04-29 09:40:10,332: topic[/turtle2/cmd_vel] removing connection to /sim
[rospy.internal][INFO] 2022-04-29 09:40:10,333: topic[/rosout] removing connection to /rosout
[rospy.internal][INFO] 2022-04-29 09:40:10,334: topic[/tf] removing connection to http://ubuntu:44667/
[rospy.internal][INFO] 2022-04-29 09:40:10,336: topic[/tf] removing connection to http://ubuntu:41939/
[rospy.impl.masterslave][INFO] 2022-04-29 09:40:10,336: signal-2
[rospy.internal][WARNING] 2022-04-29 09:40:10,339: Unknown error initiating TCP/IP socket to ubuntu:43757 (http://ubuntu:41939/): Traceback (most recent call last):
  File "/opt/ros/kinetic/lib/python2.7/dist-packages/rospy/impl/tcpros_base.py", line 559, in connect
    self.local_endpoint = self.socket.getsockname()
AttributeError: 'NoneType' object has no attribute 'getsockname'

[rospy.core][INFO] 2022-04-29 09:40:10,962: signal_shutdown [atexit]
