[rospy.client][INFO] 2022-04-29 08:31:11,977: init_node, name[/view_frames_3980_1651192271913], pid[3980]
[xmlrpc][INFO] 2022-04-29 08:31:11,978: XML-RPC server binding to 0.0.0.0:0
[xmlrpc][INFO] 2022-04-29 08:31:11,978: Started XML-RPC server [http://ubuntu:33443/]
[rospy.init][INFO] 2022-04-29 08:31:11,979: ROS Slave URI: [http://ubuntu:33443/]
[rospy.impl.masterslave][INFO] 2022-04-29 08:31:11,979: _ready: http://ubuntu:33443/
[xmlrpc][INFO] 2022-04-29 08:31:11,980: xml rpc node: starting XML-RPC server
[rospy.registration][INFO] 2022-04-29 08:31:11,981: Registering with master node http://localhost:11311
[rospy.init][INFO] 2022-04-29 08:31:12,079: registered with master
[rospy.rosout][INFO] 2022-04-29 08:31:12,080: initializing /rosout core topic
[rospy.rosout][INFO] 2022-04-29 08:31:12,087: connected to core topic /rosout
[rospy.simtime][INFO] 2022-04-29 08:31:12,090: /use_sim_time is not set, will not subscribe to simulated time [/clock] topic
[rospy.internal][INFO] 2022-04-29 08:31:12,160: topic[/tf] adding connection to [http://ubuntu:41939/], count 0
[rospy.internal][INFO] 2022-04-29 08:31:12,164: topic[/tf] adding connection to [http://ubuntu:44667/], count 1
[rospy.internal][INFO] 2022-04-29 08:31:12,307: topic[/rosout] adding connection to [/rosout], count 0
[rospy.core][INFO] 2022-04-29 08:31:17,257: signal_shutdown [atexit]
[rospy.internal][INFO] 2022-04-29 08:31:17,265: topic[/rosout] removing connection to /rosout
[rospy.internal][INFO] 2022-04-29 08:31:17,266: topic[/tf] removing connection to http://ubuntu:41939/
[rospy.internal][INFO] 2022-04-29 08:31:17,268: topic[/tf] removing connection to http://ubuntu:44667/
[rospy.topics][ERROR] 2022-04-29 08:31:17,272: Traceback (most recent call last):
  File "/opt/ros/kinetic/lib/python2.7/dist-packages/rospy/topics.py", line 326, in close
    c.close()
  File "/opt/ros/kinetic/lib/python2.7/dist-packages/rospy/impl/tcpros_base.py", line 839, in close
    self.socket.close()
AttributeError: 'NoneType' object has no attribute 'close'

[rospy.impl.masterslave][INFO] 2022-04-29 08:31:17,273: atexit
