[rospy.client][INFO] 2022-03-09 22:31:26,242: init_node, name[/xbot/spawner], pid[2140]
[xmlrpc][INFO] 2022-03-09 22:31:26,242: XML-RPC server binding to 0.0.0.0:0
[xmlrpc][INFO] 2022-03-09 22:31:26,243: Started XML-RPC server [http://ubuntu:45365/]
[rospy.impl.masterslave][INFO] 2022-03-09 22:31:26,243: _ready: http://ubuntu:45365/
[rospy.init][INFO] 2022-03-09 22:31:26,243: ROS Slave URI: [http://ubuntu:45365/]
[xmlrpc][INFO] 2022-03-09 22:31:26,244: xml rpc node: starting XML-RPC server
[rospy.registration][INFO] 2022-03-09 22:31:26,244: Registering with master node http://localhost:11311
[rospy.init][INFO] 2022-03-09 22:31:26,344: registered with master
[rospy.rosout][INFO] 2022-03-09 22:31:26,345: initializing /rosout core topic
[rospy.rosout][INFO] 2022-03-09 22:31:26,347: connected to core topic /rosout
[rospy.simtime][INFO] 2022-03-09 22:31:26,348: initializing /clock core topic
[rospy.simtime][INFO] 2022-03-09 22:31:26,351: connected to core topic /clock
[rosout][INFO] 2022-03-09 22:31:26,354: Controller Spawner: Waiting for service controller_manager/load_controller
[rospy.internal][INFO] 2022-03-09 22:31:26,613: topic[/rosout] adding connection to [/rosout], count 0
[rospy.internal][INFO] 2022-03-09 22:31:27,681: topic[/clock] adding connection to [http://ubuntu:43379/], count 0
[rosout][INFO] 2022-03-09 22:31:29,679: Controller Spawner: Waiting for service controller_manager/switch_controller
[rosout][INFO] 2022-03-09 22:31:29,682: Controller Spawner: Waiting for service controller_manager/unload_controller
[rosout][INFO] 2022-03-09 22:31:29,685: Loading controller: joint_state_controller
[rosout][INFO] 2022-03-09 22:31:29,701: Loading controller: yaw_platform_position_controller
[rosout][INFO] 2022-03-09 22:31:29,789: Loading controller: pitch_platform_position_controller
[rosout][INFO] 2022-03-09 22:31:29,869: Controller Spawner: Loaded controllers: joint_state_controller, yaw_platform_position_controller, pitch_platform_position_controller
[rosout][INFO] 2022-03-09 22:31:29,874: Started controllers: joint_state_controller, yaw_platform_position_controller, pitch_platform_position_controller
[rospy.core][INFO] 2022-03-09 22:32:14,178: signal_shutdown [signal-2]
[rosout][INFO] 2022-03-09 22:32:14,178: Shutting down spawner. Stopping and unloading controllers...
[rosout][INFO] 2022-03-09 22:32:14,178: Stopping all controllers...
[rospy.core][INFO] 2022-03-09 22:32:29,239: signal_shutdown [signal-15]
[rospy.internal][ERROR] 2022-03-09 22:32:29,247: Traceback (most recent call last):
  File "/opt/ros/kinetic/lib/python2.7/dist-packages/rospy/impl/tcpros_base.py", line 730, in receive_once
    self.stat_bytes += recv_buff(sock, b, p.buff_size)
  File "/opt/ros/kinetic/lib/python2.7/dist-packages/rospy/impl/tcpros_base.py", line 103, in recv_buff
    d = sock.recv(buff_size)
error: [Errno 4] Interrupted system call

[rosout][WARNING] 2022-03-09 22:32:29,247: Controller Spawner error while taking down controllers: transport error completing service call: receive_once[/xbot/controller_manager/switch_controller]: unexpected error [Errno 4] Interrupted system call
[rospy.internal][INFO] 2022-03-09 22:32:29,250: topic[/rosout] removing connection to /rosout
[rospy.internal][INFO] 2022-03-09 22:32:29,251: topic[/clock] removing connection to http://ubuntu:43379/
[rospy.impl.masterslave][INFO] 2022-03-09 22:32:29,251: signal-2
[rospy.core][INFO] 2022-03-09 22:32:29,369: signal_shutdown [atexit]
