[rosmaster.main][INFO] 2022-05-21 10:40:41,134: initialization complete, waiting for shutdown
[rosmaster.main][INFO] 2022-05-21 10:40:41,134: Starting ROS Master Node
[xmlrpc][INFO] 2022-05-21 10:40:41,136: XML-RPC server binding to 0.0.0.0:11311
[xmlrpc][INFO] 2022-05-21 10:40:41,136: Started XML-RPC server [http://ubuntu:11311/]
[rosmaster.master][INFO] 2022-05-21 10:40:41,137: Master initialized: port[11311], uri[http://ubuntu:11311/]
[xmlrpc][INFO] 2022-05-21 10:40:41,137: xml rpc node: starting XML-RPC server
[rosmaster.master][INFO] 2022-05-21 10:40:41,228: +PARAM [/run_id] by /roslaunch
[rosmaster.master][INFO] 2022-05-21 10:40:41,231: +PARAM [/roslaunch/uris/host_ubuntu__34087] by /roslaunch
[rosmaster.master][INFO] 2022-05-21 10:40:41,368: +PARAM [/rosversion] by /roslaunch
[rosmaster.master][INFO] 2022-05-21 10:40:41,368: +PARAM [/rosdistro] by /roslaunch
[rosmaster.master][INFO] 2022-05-21 10:40:41,368: +PARAM [/robot_description] by /roslaunch
[rosmaster.master][INFO] 2022-05-21 10:40:41,374: +SERVICE [/rosout/get_loggers] /rosout http://ubuntu:41083/
[rosmaster.master][INFO] 2022-05-21 10:40:41,376: +SERVICE [/rosout/set_logger_level] /rosout http://ubuntu:41083/
[rosmaster.master][INFO] 2022-05-21 10:40:41,380: +PUB [/rosout_agg] /rosout http://ubuntu:41083/
[rosmaster.master][INFO] 2022-05-21 10:40:41,393: +SUB [/rosout] /rosout http://ubuntu:41083/
[rosmaster.master][INFO] 2022-05-21 10:40:41,413: +PUB [/rosout] /robot_state_publisher http://ubuntu:45329/
[rosmaster.master][INFO] 2022-05-21 10:40:41,415: +SERVICE [/robot_state_publisher/get_loggers] /robot_state_publisher http://ubuntu:45329/
[rosmaster.master][INFO] 2022-05-21 10:40:41,418: +SERVICE [/robot_state_publisher/set_logger_level] /robot_state_publisher http://ubuntu:45329/
[rosmaster.master][INFO] 2022-05-21 10:40:41,427: +PUB [/tf] /robot_state_publisher http://ubuntu:45329/
[rosmaster.master][INFO] 2022-05-21 10:40:41,429: +PUB [/tf_static] /robot_state_publisher http://ubuntu:45329/
[rosmaster.master][INFO] 2022-05-21 10:40:41,438: publisherUpdate[/rosout] -> http://ubuntu:41083/ ['http://ubuntu:45329/']
[rosmaster.master][INFO] 2022-05-21 10:40:41,443: publisherUpdate[/rosout] -> http://ubuntu:41083/ ['http://ubuntu:45329/']: sec=0.00, result=[1, '', 0]
[rosmaster.master][INFO] 2022-05-21 10:40:41,456: +SUB [/joint_states] /robot_state_publisher http://ubuntu:45329/
[rosmaster.master][INFO] 2022-05-21 10:40:41,621: +PUB [/rosout] /rviz http://ubuntu:36075/
[rosmaster.master][INFO] 2022-05-21 10:40:41,623: +SERVICE [/rviz/get_loggers] /rviz http://ubuntu:36075/
[rosmaster.master][INFO] 2022-05-21 10:40:41,625: +SERVICE [/rviz/set_logger_level] /rviz http://ubuntu:36075/
[rosmaster.master][INFO] 2022-05-21 10:40:41,640: publisherUpdate[/rosout] -> http://ubuntu:41083/ ['http://ubuntu:45329/', 'http://ubuntu:36075/']
[rosmaster.master][INFO] 2022-05-21 10:40:41,642: publisherUpdate[/rosout] -> http://ubuntu:41083/ ['http://ubuntu:45329/', 'http://ubuntu:36075/']: sec=0.00, result=[1, '', 0]
[rosmaster.master][INFO] 2022-05-21 10:40:41,818: +SUB [/tf] /rviz http://ubuntu:36075/
[rosmaster.master][INFO] 2022-05-21 10:40:41,825: +SUB [/tf_static] /rviz http://ubuntu:36075/
[rosmaster.master][INFO] 2022-05-21 10:40:41,834: +PUB [/rosout] /joint_state_publisher http://ubuntu:34455/
[rosmaster.master][INFO] 2022-05-21 10:40:41,841: +SERVICE [/joint_state_publisher/get_loggers] /joint_state_publisher http://ubuntu:34455/
[rosmaster.master][INFO] 2022-05-21 10:40:41,842: publisherUpdate[/rosout] -> http://ubuntu:41083/ ['http://ubuntu:45329/', 'http://ubuntu:36075/', 'http://ubuntu:34455/']
[rosmaster.master][INFO] 2022-05-21 10:40:41,846: +SERVICE [/joint_state_publisher/set_logger_level] /joint_state_publisher http://ubuntu:34455/
[rosmaster.master][INFO] 2022-05-21 10:40:41,847: publisherUpdate[/rosout] -> http://ubuntu:41083/ ['http://ubuntu:45329/', 'http://ubuntu:36075/', 'http://ubuntu:34455/']: sec=0.00, result=[1, '', 0]
[rosmaster.master][INFO] 2022-05-21 10:40:41,874: +PUB [/initialpose] /rviz http://ubuntu:36075/
[rosmaster.master][INFO] 2022-05-21 10:40:41,876: +PUB [/goal] /rviz http://ubuntu:36075/
[rosmaster.master][INFO] 2022-05-21 10:40:42,024: +PUB [/joint_states] /joint_state_publisher http://ubuntu:34455/
[rosmaster.master][INFO] 2022-05-21 10:40:42,044: publisherUpdate[/joint_states] -> http://ubuntu:45329/ ['http://ubuntu:34455/']
[rosmaster.master][INFO] 2022-05-21 10:40:42,045: publisherUpdate[/joint_states] -> http://ubuntu:45329/ ['http://ubuntu:34455/']: sec=0.00, result=[1, '', 0]
[rosmaster.master][INFO] 2022-05-21 10:40:42,120: -PUB [/goal] /rviz http://ubuntu:36075/
[rosmaster.master][INFO] 2022-05-21 10:40:42,122: -PUB [/initialpose] /rviz http://ubuntu:36075/
[rosmaster.master][INFO] 2022-05-21 10:40:42,161: +SERVICE [/rviz/reload_shaders] /rviz http://ubuntu:36075/
[rosmaster.master][INFO] 2022-05-21 10:41:38,567: -PUB [/rosout] /robot_state_publisher http://ubuntu:45329/
[rosmaster.master][INFO] 2022-05-21 10:41:38,571: -PUB [/tf] /robot_state_publisher http://ubuntu:45329/
[rosmaster.master][INFO] 2022-05-21 10:41:38,572: -PUB [/tf_static] /robot_state_publisher http://ubuntu:45329/
[rosmaster.master][INFO] 2022-05-21 10:41:38,574: -SUB [/joint_states] /robot_state_publisher http://ubuntu:45329/
[rosmaster.master][INFO] 2022-05-21 10:41:38,576: -SERVICE [/robot_state_publisher/get_loggers] /robot_state_publisher rosrpc://ubuntu:42543
[rosmaster.master][INFO] 2022-05-21 10:41:38,577: -SERVICE [/robot_state_publisher/set_logger_level] /robot_state_publisher rosrpc://ubuntu:42543
[rosmaster.master][INFO] 2022-05-21 10:41:38,632: -PUB [/rosout] /rviz http://ubuntu:36075/
[rosmaster.master][INFO] 2022-05-21 10:41:38,634: -SUB [/tf] /rviz http://ubuntu:36075/
[rosmaster.master][INFO] 2022-05-21 10:41:38,636: -SUB [/tf_static] /rviz http://ubuntu:36075/
[rosmaster.master][INFO] 2022-05-21 10:41:38,637: -SERVICE [/rviz/get_loggers] /rviz rosrpc://ubuntu:32893
[rosmaster.master][INFO] 2022-05-21 10:41:38,638: -SERVICE [/rviz/set_logger_level] /rviz rosrpc://ubuntu:32893
[rosmaster.master][INFO] 2022-05-21 10:41:38,640: -SERVICE [/rviz/reload_shaders] /rviz rosrpc://ubuntu:32893
[rosmaster.master][INFO] 2022-05-21 10:41:38,664: publisherUpdate[/rosout] -> http://ubuntu:41083/ ['http://ubuntu:36075/', 'http://ubuntu:34455/']
[rosmaster.master][INFO] 2022-05-21 10:41:38,665: publisherUpdate[/rosout] -> http://ubuntu:41083/ ['http://ubuntu:36075/', 'http://ubuntu:34455/']: sec=0.00, result=[1, '', 0]
[rosmaster.master][INFO] 2022-05-21 10:41:38,666: publisherUpdate[/tf] -> http://ubuntu:36075/ []
[rosmaster.master][INFO] 2022-05-21 10:41:38,666: publisherUpdate[/tf] -> http://ubuntu:36075/ []: sec=0.00, exception=[Errno 111] Connection refused
[rosmaster.master][INFO] 2022-05-21 10:41:38,666: publisherUpdate[/tf_static] -> http://ubuntu:36075/ []
[rosmaster.master][INFO] 2022-05-21 10:41:38,666: publisherUpdate[/rosout] -> http://ubuntu:41083/ ['http://ubuntu:34455/']
[rosmaster.master][INFO] 2022-05-21 10:41:38,668: publisherUpdate[/tf_static] -> http://ubuntu:36075/ []: sec=0.00, exception=[Errno 111] Connection refused
[rosmaster.master][INFO] 2022-05-21 10:41:38,670: publisherUpdate[/rosout] -> http://ubuntu:41083/ ['http://ubuntu:34455/']: sec=0.00, result=[1, '', 0]
[rosmaster.threadpool][ERROR] 2022-05-21 10:41:38,687: Traceback (most recent call last):
  File "/opt/ros/kinetic/lib/python2.7/dist-packages/rosmaster/threadpool.py", line 218, in run
    result = cmd(*args)
  File "/opt/ros/kinetic/lib/python2.7/dist-packages/rosmaster/master_api.py", line 210, in publisher_update_task
    ret = xmlrpcapi(api).publisherUpdate('/master', topic, pub_uris)
  File "/usr/lib/python2.7/xmlrpclib.py", line 1243, in __call__
    return self.__send(self.__name, args)
  File "/usr/lib/python2.7/xmlrpclib.py", line 1602, in __request
    verbose=self.__verbose
  File "/usr/lib/python2.7/xmlrpclib.py", line 1283, in request
    return self.single_request(host, handler, request_body, verbose)
  File "/usr/lib/python2.7/xmlrpclib.py", line 1311, in single_request
    self.send_content(h, request_body)
  File "/usr/lib/python2.7/xmlrpclib.py", line 1459, in send_content
    connection.endheaders(request_body)
  File "/usr/lib/python2.7/httplib.py", line 1099, in endheaders
    self._send_output(message_body)
  File "/usr/lib/python2.7/httplib.py", line 913, in _send_output
    self.send(msg)
  File "/usr/lib/python2.7/httplib.py", line 875, in send
    self.connect()
  File "/usr/lib/python2.7/httplib.py", line 852, in connect
    self.timeout, self.source_address)
  File "/usr/lib/python2.7/socket.py", line 575, in create_connection
    raise err
error: [Errno 111] Connection refused

[rosmaster.threadpool][ERROR] 2022-05-21 10:41:38,687: Traceback (most recent call last):
  File "/opt/ros/kinetic/lib/python2.7/dist-packages/rosmaster/threadpool.py", line 218, in run
    result = cmd(*args)
  File "/opt/ros/kinetic/lib/python2.7/dist-packages/rosmaster/master_api.py", line 210, in publisher_update_task
    ret = xmlrpcapi(api).publisherUpdate('/master', topic, pub_uris)
  File "/usr/lib/python2.7/xmlrpclib.py", line 1243, in __call__
    return self.__send(self.__name, args)
  File "/usr/lib/python2.7/xmlrpclib.py", line 1602, in __request
    verbose=self.__verbose
  File "/usr/lib/python2.7/xmlrpclib.py", line 1283, in request
    return self.single_request(host, handler, request_body, verbose)
  File "/usr/lib/python2.7/xmlrpclib.py", line 1311, in single_request
    self.send_content(h, request_body)
  File "/usr/lib/python2.7/xmlrpclib.py", line 1459, in send_content
    connection.endheaders(request_body)
  File "/usr/lib/python2.7/httplib.py", line 1099, in endheaders
    self._send_output(message_body)
  File "/usr/lib/python2.7/httplib.py", line 913, in _send_output
    self.send(msg)
  File "/usr/lib/python2.7/httplib.py", line 875, in send
    self.connect()
  File "/usr/lib/python2.7/httplib.py", line 852, in connect
    self.timeout, self.source_address)
  File "/usr/lib/python2.7/socket.py", line 575, in create_connection
    raise err
error: [Errno 111] Connection refused

[rosmaster.master][INFO] 2022-05-21 10:41:38,972: -PUB [/rosout_agg] /rosout http://ubuntu:41083/
[rosmaster.master][INFO] 2022-05-21 10:41:38,974: -SUB [/rosout] /rosout http://ubuntu:41083/
[rosmaster.master][INFO] 2022-05-21 10:41:38,976: -SERVICE [/rosout/get_loggers] /rosout rosrpc://ubuntu:35229
[rosmaster.master][INFO] 2022-05-21 10:41:38,977: -SERVICE [/rosout/set_logger_level] /rosout rosrpc://ubuntu:35229
[rosmaster.main][INFO] 2022-05-21 10:41:39,061: keyboard interrupt, will exit
[rosmaster.main][INFO] 2022-05-21 10:41:39,061: stopping master...
[rospy.core][INFO] 2022-05-21 10:41:39,062: signal_shutdown [atexit]
