

1654045260.226759255  Node Startup
1654045265.066927162 INFO [/home/ros/catkin/src/hello/src/world_pub.cpp:67(main) [topics: /rosout, /chatter] hello world 2
1654045265.167135357 INFO [/home/ros/catkin/src/hello/src/world_pub.cpp:67(main) [topics: /rosout, /chatter] hello world 3
1654045265.267167473 INFO [/home/ros/catkin/src/hello/src/world_pub.cpp:67(main) [topics: /rosout, /chatter] hello world 4
1654045265.367618804 INFO [/home/ros/catkin/src/hello/src/world_pub.cpp:67(main) [topics: /rosout, /chatter] hello world 5
1654045265.466670245 INFO [/home/ros/catkin/src/hello/src/world_pub.cpp:67(main) [topics: /rosout, /chatter] hello world 6
1654045265.567006507 INFO [/home/ros/catkin/src/hello/src/world_pub.cpp:67(main) [topics: /rosout, /chatter] hello world 7
1654045265.667101253 INFO [/home/ros/catkin/src/hello/src/world_pub.cpp:67(main) [topics: /rosout, /chatter] hello world 8
1654045265.767302328 INFO [/home/ros/catkin/src/hello/src/world_pub.cpp:67(main) [topics: /rosout, /chatter] hello world 9
1654045265.867494925 INFO [/home/ros/catkin/src/hello/src/world_pub.cpp:67(main) [topics: /rosout, /chatter] hello world 10
1654045265.966687068 INFO [/home/ros/catkin/src/hello/src/world_pub.cpp:67(main) [topics: /rosout, /chatter] hello world 11
1654045266.066852192 INFO [/home/ros/catkin/src/hello/src/world_pub.cpp:67(main) [topics: /rosout, /chatter] hello world 12
1654045266.167202018 INFO [/home/ros/catkin/src/hello/src/world_pub.cpp:67(main) [topics: /rosout, /chatter] hello world 13
1654045266.267308737 INFO [/home/ros/catkin/src/hello/src/world_pub.cpp:67(main) [topics: /rosout, /chatter] hello world 14
1654045266.367439283 INFO [/home/ros/catkin/src/hello/src/world_pub.cpp:67(main) [topics: /rosout, /chatter] hello world 15
1654045266.466550395 INFO [/home/ros/catkin/src/hello/src/world_pub.cpp:67(main) [topics: /rosout, /chatter] hello world 16
1654045266.566768817 INFO [/home/ros/catkin/src/hello/src/world_pub.cpp:67(main) [topics: /rosout, /chatter] hello world 17
1654045266.666882810 INFO [/home/ros/catkin/src/hello/src/world_pub.cpp:67(main) [topics: /rosout, /chatter] hello world 18
1654045266.767123226 INFO [/home/ros/catkin/src/hello/src/world_pub.cpp:67(main) [topics: /rosout, /chatter] hello world 19
1654045266.867205962 INFO [/home/ros/catkin/src/hello/src/world_pub.cpp:67(main) [topics: /rosout, /chatter] hello world 20
1654045266.967352595 INFO [/home/ros/catkin/src/hello/src/world_pub.cpp:67(main) [topics: /rosout, /chatter] hello world 21
1654045267.066544018 INFO [/home/ros/catkin/src/hello/src/world_pub.cpp:67(main) [topics: /rosout, /chatter] hello world 22
1654045267.166714866 INFO [/home/ros/catkin/src/hello/src/world_pub.cpp:67(main) [topics: /rosout, /chatter] hello world 23
1654045267.266867805 INFO [/home/ros/catkin/src/hello/src/world_pub.cpp:67(main) [topics: /rosout, /chatter] hello world 24
1654045267.367022560 INFO [/home/ros/catkin/src/hello/src/world_pub.cpp:67(main) [topics: /rosout, /chatter] hello world 25
1654045267.467125545 INFO [/home/ros/catkin/src/hello/src/world_pub.cpp:67(main) [topics: /rosout, /chatter] hello world 26
1654045267.567089151 INFO [/home/ros/catkin/src/hello/src/world_pub.cpp:67(main) [topics: /rosout, /chatter] hello world 27
1654045267.667438596 INFO [/home/ros/catkin/src/hello/src/world_pub.cpp:67(main) [topics: /rosout, /chatter] hello world 28
1654045267.766557786 INFO [/home/ros/catkin/src/hello/src/world_pub.cpp:67(main) [topics: /rosout, /chatter] hello world 29
1654045267.866821519 INFO [/home/ros/catkin/src/hello/src/world_pub.cpp:67(main) [topics: /rosout, /chatter] hello world 30
1654045267.966858838 INFO [/home/ros/catkin/src/hello/src/world_pub.cpp:67(main) [topics: /rosout, /chatter] hello world 31
1654045268.067005544 INFO [/home/ros/catkin/src/hello/src/world_pub.cpp:67(main) [topics: /rosout, /chatter] hello world 32
1654045268.167146915 INFO [/home/ros/catkin/src/hello/src/world_pub.cpp:67(main) [topics: /rosout, /chatter] hello world 33
1654045268.267343837 INFO [/home/ros/catkin/src/hello/src/world_pub.cpp:67(main) [topics: /rosout, /chatter] hello world 34
1654045268.367422817 INFO [/home/ros/catkin/src/hello/src/world_pub.cpp:67(main) [topics: /rosout, /chatter] hello world 35
1654045268.466632071 INFO [/home/ros/catkin/src/hello/src/world_pub.cpp:67(main) [topics: /rosout, /chatter] hello world 36
1654045268.571351232 INFO [/home/ros/catkin/src/hello/src/world_pub.cpp:67(main) [topics: /rosout, /chatter] hello world 37
1654045268.666997035 INFO [/home/ros/catkin/src/hello/src/world_pub.cpp:67(main) [topics: /rosout, /chatter] hello world 38
1654045268.766984166 INFO [/home/ros/catkin/src/hello/src/world_pub.cpp:67(main) [topics: /rosout, /chatter] hello world 39
1654045268.866713890 INFO [/home/ros/catkin/src/hello/src/world_pub.cpp:67(main) [topics: /rosout, /chatter] hello world 40
1654045268.966633188 INFO [/home/ros/catkin/src/hello/src/world_pub.cpp:67(main) [topics: /rosout, /chatter] hello world 41
1654045269.067433802 INFO [/home/ros/catkin/src/hello/src/world_pub.cpp:67(main) [topics: /rosout, /chatter] hello world 42
1654045269.167548281 INFO [/home/ros/catkin/src/hello/src/world_pub.cpp:67(main) [topics: /rosout, /chatter] hello world 43
1654045269.266598993 INFO [/home/ros/catkin/src/hello/src/world_pub.cpp:67(main) [topics: /rosout, /chatter] hello world 44
1654045269.366727405 INFO [/home/ros/catkin/src/hello/src/world_pub.cpp:67(main) [topics: /rosout, /chatter] hello world 45
1654045269.466856453 INFO [/home/ros/catkin/src/hello/src/world_pub.cpp:67(main) [topics: /rosout, /chatter] hello world 46
1654045269.566963728 INFO [/home/ros/catkin/src/hello/src/world_pub.cpp:67(main) [topics: /rosout, /chatter] hello world 47
1654045269.667086391 INFO [/home/ros/catkin/src/hello/src/world_pub.cpp:67(main) [topics: /rosout, /chatter] hello world 48
1654045269.767210972 INFO [/home/ros/catkin/src/hello/src/world_pub.cpp:67(main) [topics: /rosout, /chatter] hello world 49
1654045269.867387960 INFO [/home/ros/catkin/src/hello/src/world_pub.cpp:67(main) [topics: /rosout, /chatter] hello world 50
1654045269.967484598 INFO [/home/ros/catkin/src/hello/src/world_pub.cpp:67(main) [topics: /rosout, /chatter] hello world 51
1654045270.067635946 INFO [/home/ros/catkin/src/hello/src/world_pub.cpp:67(main) [topics: /rosout, /chatter] hello world 52
1654045270.166591794 INFO [/home/ros/catkin/src/hello/src/world_pub.cpp:67(main) [topics: /rosout, /chatter] hello world 53
1654045270.266758850 INFO [/home/ros/catkin/src/hello/src/world_pub.cpp:67(main) [topics: /rosout, /chatter] hello world 54
1654045270.366706108 INFO [/home/ros/catkin/src/hello/src/world_pub.cpp:67(main) [topics: /rosout, /chatter] hello world 55
1654045270.466544593 INFO [/home/ros/catkin/src/hello/src/world_pub.cpp:67(main) [topics: /rosout, /chatter] hello world 56
1654045270.567006623 INFO [/home/ros/catkin/src/hello/src/world_pub.cpp:67(main) [topics: /rosout, /chatter] hello world 57
1654045270.667166160 INFO [/home/ros/catkin/src/hello/src/world_pub.cpp:67(main) [topics: /rosout, /chatter] hello world 58
1654045270.767189036 INFO [/home/ros/catkin/src/hello/src/world_pub.cpp:67(main) [topics: /rosout, /chatter] hello world 59
1654045270.867378425 INFO [/home/ros/catkin/src/hello/src/world_pub.cpp:67(main) [topics: /rosout, /chatter] hello world 60
1654045270.967448962 INFO [/home/ros/catkin/src/hello/src/world_pub.cpp:67(main) [topics: /rosout, /chatter] hello world 61
1654045271.066499966 INFO [/home/ros/catkin/src/hello/src/world_pub.cpp:67(main) [topics: /rosout, /chatter] hello world 62
1654045271.166617970 INFO [/home/ros/catkin/src/hello/src/world_pub.cpp:67(main) [topics: /rosout, /chatter] hello world 63
1654045271.266994714 INFO [/home/ros/catkin/src/hello/src/world_pub.cpp:67(main) [topics: /rosout, /chatter] hello world 64
1654045271.367096000 INFO [/home/ros/catkin/src/hello/src/world_pub.cpp:67(main) [topics: /rosout, /chatter] hello world 65
1654045271.467216440 INFO [/home/ros/catkin/src/hello/src/world_pub.cpp:67(main) [topics: /rosout, /chatter] hello world 66
1654045271.567288007 INFO [/home/ros/catkin/src/hello/src/world_pub.cpp:67(main) [topics: /rosout, /chatter] hello world 67
1654045271.667331469 INFO [/home/ros/catkin/src/hello/src/world_pub.cpp:67(main) [topics: /rosout, /chatter] hello world 68
1654045271.766501390 INFO [/home/ros/catkin/src/hello/src/world_pub.cpp:67(main) [topics: /rosout, /chatter] hello world 69
1654045271.867147471 INFO [/home/ros/catkin/src/hello/src/world_pub.cpp:67(main) [topics: /rosout, /chatter] hello world 70
1654045271.967219491 INFO [/home/ros/catkin/src/hello/src/world_pub.cpp:67(main) [topics: /rosout, /chatter] hello world 71
1654045272.067325348 INFO [/home/ros/catkin/src/hello/src/world_pub.cpp:67(main) [topics: /rosout, /chatter] hello world 72
1654045272.166442178 INFO [/home/ros/catkin/src/hello/src/world_pub.cpp:67(main) [topics: /rosout, /chatter] hello world 73
1654045272.267582894 INFO [/home/ros/catkin/src/hello/src/world_pub.cpp:67(main) [topics: /rosout, /chatter] hello world 74
1654045272.366605601 INFO [/home/ros/catkin/src/hello/src/world_pub.cpp:67(main) [topics: /rosout, /chatter] hello world 75
1654045272.466673331 INFO [/home/ros/catkin/src/hello/src/world_pub.cpp:67(main) [topics: /rosout, /chatter] hello world 76
1654045272.566746084 INFO [/home/ros/catkin/src/hello/src/world_pub.cpp:67(main) [topics: /rosout, /chatter] hello world 77
1654045272.666811100 INFO [/home/ros/catkin/src/hello/src/world_pub.cpp:67(main) [topics: /rosout, /chatter] hello world 78
1654045272.766977413 INFO [/home/ros/catkin/src/hello/src/world_pub.cpp:67(main) [topics: /rosout, /chatter] hello world 79
1654045272.867067933 INFO [/home/ros/catkin/src/hello/src/world_pub.cpp:67(main) [topics: /rosout, /chatter] hello world 80
1654045272.966948466 INFO [/home/ros/catkin/src/hello/src/world_pub.cpp:67(main) [topics: /rosout, /chatter] hello world 81
1654045273.066626988 INFO [/home/ros/catkin/src/hello/src/world_pub.cpp:67(main) [topics: /rosout, /chatter] hello world 82
1654045273.167046588 INFO [/home/ros/catkin/src/hello/src/world_pub.cpp:67(main) [topics: /rosout, /chatter] hello world 83
1654045273.266802262 INFO [/home/ros/catkin/src/hello/src/world_pub.cpp:67(main) [topics: /rosout, /chatter] hello world 84
1654045273.367039400 INFO [/home/ros/catkin/src/hello/src/world_pub.cpp:67(main) [topics: /rosout, /chatter] hello world 85
1654045273.466923117 INFO [/home/ros/catkin/src/hello/src/world_pub.cpp:67(main) [topics: /rosout, /chatter] hello world 86
1654045273.567023707 INFO [/home/ros/catkin/src/hello/src/world_pub.cpp:67(main) [topics: /rosout, /chatter] hello world 87
1654045273.667122813 INFO [/home/ros/catkin/src/hello/src/world_pub.cpp:67(main) [topics: /rosout, /chatter] hello world 88
1654045273.767140509 INFO [/home/ros/catkin/src/hello/src/world_pub.cpp:67(main) [topics: /rosout, /chatter] hello world 89
1654045273.867298621 INFO [/home/ros/catkin/src/hello/src/world_pub.cpp:67(main) [topics: /rosout, /chatter] hello world 90
1654045273.967026288 INFO [/home/ros/catkin/src/hello/src/world_pub.cpp:67(main) [topics: /rosout, /chatter] hello world 91
1654045274.067120403 INFO [/home/ros/catkin/src/hello/src/world_pub.cpp:67(main) [topics: /rosout, /chatter] hello world 92
1654045274.166484874 INFO [/home/ros/catkin/src/hello/src/world_pub.cpp:67(main) [topics: /rosout, /chatter] hello world 93
1654045274.267170639 INFO [/home/ros/catkin/src/hello/src/world_pub.cpp:67(main) [topics: /rosout, /chatter] hello world 94
1654045274.366509752 INFO [/home/ros/catkin/src/hello/src/world_pub.cpp:67(main) [topics: /rosout, /chatter] hello world 95
1654045274.466900188 INFO [/home/ros/catkin/src/hello/src/world_pub.cpp:67(main) [topics: /rosout, /chatter] hello world 96
1654045274.566545802 INFO [/home/ros/catkin/src/hello/src/world_pub.cpp:67(main) [topics: /rosout, /chatter] hello world 97
1654045274.667004930 INFO [/home/ros/catkin/src/hello/src/world_pub.cpp:67(main) [topics: /rosout, /chatter] hello world 98
1654045274.767102269 INFO [/home/ros/catkin/src/hello/src/world_pub.cpp:67(main) [topics: /rosout, /chatter] hello world 99
1654045274.867168943 INFO [/home/ros/catkin/src/hello/src/world_pub.cpp:67(main) [topics: /rosout, /chatter] hello world 100
1654045274.967117121 INFO [/home/ros/catkin/src/hello/src/world_pub.cpp:67(main) [topics: /rosout, /chatter] hello world 101
1654047247.776827292 INFO [/tmp/binarydeb/ros-kinetic-roscpp-1.12.17/src/libros/service.cpp:80(service::exists) [topics: /rosout] waitForService: Service [/gazebo/set_physics_properties] has not been advertised, waiting...
1654047249.550394518 INFO [/tmp/binarydeb/ros-kinetic-roscpp-1.12.17/src/libros/service.cpp:123(service::waitForService) [topics: /rosout, /clock, /gazebo/link_states, /gazebo/model_states] waitForService: Service [/gazebo/set_physics_properties] is now available.
1654047249.677116127 INFO [/tmp/binarydeb/ros-kinetic-gazebo-ros-2.5.21/src/gazebo_ros_api_plugin.cpp:2367(GazeboRosApiPlugin::physicsReconfigureThread) [topics: /rosout, /clock, /gazebo/link_states, /gazebo/model_states, /gazebo/parameter_descriptions, /gazebo/parameter_updates] Physics dynamic reconfigure ready.
