[rospy.client][INFO] 2022-04-03 14:33:38,639: init_node, name[/urdf_spawner], pid[3130]
[xmlrpc][INFO] 2022-04-03 14:33:38,640: XML-RPC server binding to 0.0.0.0:0
[xmlrpc][INFO] 2022-04-03 14:33:38,642: Started XML-RPC server [http://ubuntu:37895/]
[rospy.init][INFO] 2022-04-03 14:33:38,642: ROS Slave URI: [http://ubuntu:37895/]
[rospy.impl.masterslave][INFO] 2022-04-03 14:33:38,643: _ready: http://ubuntu:37895/
[xmlrpc][INFO] 2022-04-03 14:33:38,646: xml rpc node: starting XML-RPC server
[rospy.registration][INFO] 2022-04-03 14:33:38,646: Registering with master node http://localhost:11311
[rospy.init][INFO] 2022-04-03 14:33:38,747: registered with master
[rospy.rosout][INFO] 2022-04-03 14:33:38,748: initializing /rosout core topic
[rospy.rosout][INFO] 2022-04-03 14:33:38,755: connected to core topic /rosout
[rospy.simtime][INFO] 2022-04-03 14:33:38,759: initializing /clock core topic
[rospy.simtime][INFO] 2022-04-03 14:33:38,766: connected to core topic /clock
[rospy.internal][INFO] 2022-04-03 14:33:38,777: topic[/clock] adding connection to [http://ubuntu:39991/], count 0
[rosout][INFO] 2022-04-03 14:33:38,779: Loading model XML from ros parameter
[rosout][INFO] 2022-04-03 14:33:38,795: Waiting for service /gazebo/spawn_urdf_model
[rosout][INFO] 2022-04-03 14:33:38,800: Calling service /gazebo/spawn_urdf_model
[rospy.internal][INFO] 2022-04-03 14:33:38,963: topic[/rosout] adding connection to [/rosout], count 0
[rosout][INFO] 2022-04-03 14:33:43,151: Spawn status: SpawnModel: Successfully spawned entity
[rospy.core][INFO] 2022-04-03 14:33:43,153: signal_shutdown [atexit]
[rospy.internal][INFO] 2022-04-03 14:33:43,158: topic[/rosout] removing connection to /rosout
[rospy.internal][INFO] 2022-04-03 14:33:43,159: topic[/clock] removing connection to http://ubuntu:39991/
[rospy.impl.masterslave][INFO] 2022-04-03 14:33:43,160: atexit
