[rospy.client][INFO] 2022-04-03 14:33:33,326: init_node, name[/xbot/spawner], pid[3137]
[xmlrpc][INFO] 2022-04-03 14:33:33,327: XML-RPC server binding to 0.0.0.0:0
[xmlrpc][INFO] 2022-04-03 14:33:33,329: Started XML-RPC server [http://ubuntu:45143/]
[rospy.impl.masterslave][INFO] 2022-04-03 14:33:33,329: _ready: http://ubuntu:45143/
[rospy.init][INFO] 2022-04-03 14:33:33,330: ROS Slave URI: [http://ubuntu:45143/]
[xmlrpc][INFO] 2022-04-03 14:33:33,330: xml rpc node: starting XML-RPC server
[rospy.registration][INFO] 2022-04-03 14:33:33,332: Registering with master node http://localhost:11311
[rospy.init][INFO] 2022-04-03 14:33:33,431: registered with master
[rospy.rosout][INFO] 2022-04-03 14:33:33,432: initializing /rosout core topic
[rospy.rosout][INFO] 2022-04-03 14:33:33,437: connected to core topic /rosout
[rospy.simtime][INFO] 2022-04-03 14:33:33,442: initializing /clock core topic
[rospy.simtime][INFO] 2022-04-03 14:33:33,448: connected to core topic /clock
[rosout][INFO] 2022-04-03 14:33:33,456: Controller Spawner: Waiting for service controller_manager/load_controller
[rospy.internal][INFO] 2022-04-03 14:33:33,646: topic[/rosout] adding connection to [/rosout], count 0
[rospy.internal][INFO] 2022-04-03 14:33:38,434: topic[/clock] adding connection to [http://ubuntu:39991/], count 0
[rosout][INFO] 2022-04-03 14:33:44,092: Controller Spawner: Waiting for service controller_manager/switch_controller
[rosout][INFO] 2022-04-03 14:33:44,098: Controller Spawner: Waiting for service controller_manager/unload_controller
[rosout][INFO] 2022-04-03 14:33:44,104: Loading controller: joint_state_controller
[rosout][INFO] 2022-04-03 14:33:44,213: Loading controller: yaw_platform_position_controller
[rosout][INFO] 2022-04-03 14:33:44,384: Loading controller: pitch_platform_position_controller
[rosout][INFO] 2022-04-03 14:33:44,547: Controller Spawner: Loaded controllers: joint_state_controller, yaw_platform_position_controller, pitch_platform_position_controller
[rosout][INFO] 2022-04-03 14:33:44,556: Started controllers: joint_state_controller, yaw_platform_position_controller, pitch_platform_position_controller
[rospy.core][INFO] 2022-04-03 14:53:18,249: signal_shutdown [signal-2]
[rospy.core][INFO] 2022-04-03 14:53:18,261: signal_shutdown [atexit]
