Determining if the pthread_create exist failed with the following output:
Change Dir: /home/ros/catkin/build/CMakeFiles/CMakeTmp

Run Build Command:"/usr/bin/make" "cmTC_ce303/fast"
/usr/bin/make -f CMakeFiles/cmTC_ce303.dir/build.make CMakeFiles/cmTC_ce303.dir/build
make[1]: Entering directory '/home/ros/catkin/build/CMakeFiles/CMakeTmp'
Building C object CMakeFiles/cmTC_ce303.dir/CheckSymbolExists.c.o
/usr/bin/cc     -o CMakeFiles/cmTC_ce303.dir/CheckSymbolExists.c.o   -c /home/ros/catkin/build/CMakeFiles/CMakeTmp/CheckSymbolExists.c
Linking C executable cmTC_ce303
/usr/bin/cmake -E cmake_link_script CMakeFiles/cmTC_ce303.dir/link.txt --verbose=1
/usr/bin/cc       CMakeFiles/cmTC_ce303.dir/CheckSymbolExists.c.o  -o cmTC_ce303 -rdynamic 
CMakeFiles/cmTC_ce303.dir/CheckSymbolExists.c.o：在函数‘main’中：
CheckSymbolExists.c:(.text+0x16)：对‘pthread_create’未定义的引用
collect2: error: ld returned 1 exit status
CMakeFiles/cmTC_ce303.dir/build.make:97: recipe for target 'cmTC_ce303' failed
make[1]: *** [cmTC_ce303] Error 1
make[1]: Leaving directory '/home/ros/catkin/build/CMakeFiles/CMakeTmp'
Makefile:126: recipe for target 'cmTC_ce303/fast' failed
make: *** [cmTC_ce303/fast] Error 2

File /home/ros/catkin/build/CMakeFiles/CMakeTmp/CheckSymbolExists.c:
/* */
#include <pthread.h>

int main(int argc, char** argv)
{
  (void)argv;
#ifndef pthread_create
  return ((int*)(&pthread_create))[argc];
#else
  (void)argc;
  return 0;
#endif
}

Determining if the function pthread_create exists in the pthreads failed with the following output:
Change Dir: /home/ros/catkin/build/CMakeFiles/CMakeTmp

Run Build Command:"/usr/bin/make" "cmTC_ba356/fast"
/usr/bin/make -f CMakeFiles/cmTC_ba356.dir/build.make CMakeFiles/cmTC_ba356.dir/build
make[1]: Entering directory '/home/ros/catkin/build/CMakeFiles/CMakeTmp'
Building C object CMakeFiles/cmTC_ba356.dir/CheckFunctionExists.c.o
/usr/bin/cc    -DCHECK_FUNCTION_EXISTS=pthread_create   -o CMakeFiles/cmTC_ba356.dir/CheckFunctionExists.c.o   -c /usr/share/cmake-3.5/Modules/CheckFunctionExists.c
Linking C executable cmTC_ba356
/usr/bin/cmake -E cmake_link_script CMakeFiles/cmTC_ba356.dir/link.txt --verbose=1
/usr/bin/cc   -DCHECK_FUNCTION_EXISTS=pthread_create    CMakeFiles/cmTC_ba356.dir/CheckFunctionExists.c.o  -o cmTC_ba356 -rdynamic -lpthreads 
/usr/bin/ld: 找不到 -lpthreads
collect2: error: ld returned 1 exit status
CMakeFiles/cmTC_ba356.dir/build.make:97: recipe for target 'cmTC_ba356' failed
make[1]: *** [cmTC_ba356] Error 1
make[1]: Leaving directory '/home/ros/catkin/build/CMakeFiles/CMakeTmp'
Makefile:126: recipe for target 'cmTC_ba356/fast' failed
make: *** [cmTC_ba356/fast] Error 2


