[rosmaster.main][INFO] 2022-04-03 22:59:07,046: initialization complete, waiting for shutdown
[rosmaster.main][INFO] 2022-04-03 22:59:07,046: Starting ROS Master Node
[xmlrpc][INFO] 2022-04-03 22:59:07,048: XML-RPC server binding to 0.0.0.0:11311
[xmlrpc][INFO] 2022-04-03 22:59:07,048: Started XML-RPC server [http://ubuntu:11311/]
[xmlrpc][INFO] 2022-04-03 22:59:07,048: xml rpc node: starting XML-RPC server
[rosmaster.master][INFO] 2022-04-03 22:59:07,048: Master initialized: port[11311], uri[http://ubuntu:11311/]
[rosmaster.master][INFO] 2022-04-03 22:59:07,146: +PARAM [/run_id] by /roslaunch
[rosmaster.master][INFO] 2022-04-03 22:59:07,148: +PARAM [/roslaunch/uris/host_ubuntu__45263] by /roslaunch
[rosmaster.master][INFO] 2022-04-03 22:59:07,304: +PARAM [/rosversion] by /roslaunch
[rosmaster.master][INFO] 2022-04-03 22:59:07,304: +PARAM [/rosdistro] by /roslaunch
[rosmaster.master][INFO] 2022-04-03 22:59:07,400: +SERVICE [/rosout/get_loggers] /rosout http://ubuntu:42587/
[rosmaster.master][INFO] 2022-04-03 22:59:07,401: +SERVICE [/rosout/set_logger_level] /rosout http://ubuntu:42587/
[rosmaster.master][INFO] 2022-04-03 22:59:07,404: +PUB [/rosout_agg] /rosout http://ubuntu:42587/
[rosmaster.master][INFO] 2022-04-03 22:59:07,413: +SUB [/rosout] /rosout http://ubuntu:42587/
[rosmaster.master][INFO] 2022-04-03 22:59:54,559: +PUB [/rosout] /robot_teleop http://ubuntu:44997/
[rosmaster.master][INFO] 2022-04-03 22:59:54,564: +SERVICE [/robot_teleop/get_loggers] /robot_teleop http://ubuntu:44997/
[rosmaster.master][INFO] 2022-04-03 22:59:54,566: +SERVICE [/robot_teleop/set_logger_level] /robot_teleop http://ubuntu:44997/
[rosmaster.master][INFO] 2022-04-03 22:59:54,568: +PUB [/cmd_vel_mux/input/teleop] /robot_teleop http://ubuntu:44997/
[rosmaster.master][INFO] 2022-04-03 22:59:54,601: publisherUpdate[/rosout] -> http://ubuntu:42587/ ['http://ubuntu:44997/']
[rosmaster.master][INFO] 2022-04-03 22:59:54,604: publisherUpdate[/rosout] -> http://ubuntu:42587/ ['http://ubuntu:44997/']: sec=0.00, result=[1, '', 0]
[rosmaster.master][INFO] 2022-04-03 23:01:12,476: -PUB [/rosout_agg] /rosout http://ubuntu:42587/
[rosmaster.master][INFO] 2022-04-03 23:01:12,477: -SUB [/rosout] /rosout http://ubuntu:42587/
[rosmaster.master][INFO] 2022-04-03 23:01:12,480: -SERVICE [/rosout/get_loggers] /rosout rosrpc://ubuntu:51853
[rosmaster.master][INFO] 2022-04-03 23:01:12,481: -SERVICE [/rosout/set_logger_level] /rosout rosrpc://ubuntu:51853
[rosmaster.main][INFO] 2022-04-03 23:01:12,530: keyboard interrupt, will exit
[rosmaster.main][INFO] 2022-04-03 23:01:12,530: stopping master...
[rospy.core][INFO] 2022-04-03 23:01:12,531: signal_shutdown [atexit]
