[rospy.client][INFO] 2022-04-03 15:22:08,525: init_node, name[/urdf_spawner], pid[6926]
[xmlrpc][INFO] 2022-04-03 15:22:08,525: XML-RPC server binding to 0.0.0.0:0
[xmlrpc][INFO] 2022-04-03 15:22:08,526: Started XML-RPC server [http://ubuntu:46675/]
[rospy.impl.masterslave][INFO] 2022-04-03 15:22:08,526: _ready: http://ubuntu:46675/
[rospy.init][INFO] 2022-04-03 15:22:08,527: ROS Slave URI: [http://ubuntu:46675/]
[xmlrpc][INFO] 2022-04-03 15:22:08,530: xml rpc node: starting XML-RPC server
[rospy.registration][INFO] 2022-04-03 15:22:08,530: Registering with master node http://localhost:11311
[rospy.init][INFO] 2022-04-03 15:22:08,632: registered with master
[rospy.rosout][INFO] 2022-04-03 15:22:08,632: initializing /rosout core topic
[rospy.rosout][INFO] 2022-04-03 15:22:08,638: connected to core topic /rosout
[rospy.simtime][INFO] 2022-04-03 15:22:08,642: initializing /clock core topic
[rospy.simtime][INFO] 2022-04-03 15:22:08,652: connected to core topic /clock
[rosout][INFO] 2022-04-03 15:22:08,663: Loading model XML from ros parameter
[rosout][INFO] 2022-04-03 15:22:08,670: Waiting for service /gazebo/spawn_urdf_model
[rosout][INFO] 2022-04-03 15:22:08,675: Calling service /gazebo/spawn_urdf_model
[rospy.internal][INFO] 2022-04-03 15:22:08,707: topic[/clock] adding connection to [http://ubuntu:34653/], count 0
[rospy.internal][INFO] 2022-04-03 15:22:08,920: topic[/rosout] adding connection to [/rosout], count 0
[rosout][INFO] 2022-04-03 15:22:11,235: Spawn status: SpawnModel: Successfully spawned entity
[rospy.core][INFO] 2022-04-03 15:22:11,236: signal_shutdown [atexit]
[rospy.internal][INFO] 2022-04-03 15:22:11,248: topic[/rosout] removing connection to /rosout
[rospy.internal][INFO] 2022-04-03 15:22:11,256: topic[/clock] removing connection to http://ubuntu:34653/
[rospy.impl.masterslave][INFO] 2022-04-03 15:22:11,257: atexit
