[rospy.client][INFO] 2022-05-21 10:49:51,404: init_node, name[/arbotix], pid[8956]
[xmlrpc][INFO] 2022-05-21 10:49:51,405: XML-RPC server binding to 0.0.0.0:0
[xmlrpc][INFO] 2022-05-21 10:49:51,406: Started XML-RPC server [http://ubuntu:44539/]
[rospy.impl.masterslave][INFO] 2022-05-21 10:49:51,406: _ready: http://ubuntu:44539/
[xmlrpc][INFO] 2022-05-21 10:49:51,407: xml rpc node: starting XML-RPC server
[rospy.init][INFO] 2022-05-21 10:49:51,407: ROS Slave URI: [http://ubuntu:44539/]
[rospy.registration][INFO] 2022-05-21 10:49:51,408: Registering with master node http://localhost:11311
[rospy.init][INFO] 2022-05-21 10:49:51,509: registered with master
[rospy.rosout][INFO] 2022-05-21 10:49:51,509: initializing /rosout core topic
[rospy.rosout][INFO] 2022-05-21 10:49:51,514: connected to core topic /rosout
[rospy.simtime][INFO] 2022-05-21 10:49:51,516: /use_sim_time is not set, will not subscribe to simulated time [/clock] topic
[rosout][INFO] 2022-05-21 10:49:51,551: ArbotiX being simulated.
[rosout][INFO] 2022-05-21 10:49:51,604: Started DiffController (base_controller). Geometry: 0.4m wide, 4100.0 ticks/m.
[rospy.internal][INFO] 2022-05-21 10:49:51,787: topic[/rosout] adding connection to [/rosout], count 0
[rospy.internal][INFO] 2022-05-21 10:49:51,789: topic[/joint_states] adding connection to [/robot_state_publisher], count 0
[rospy.internal][INFO] 2022-05-21 10:49:51,888: topic[/odom] adding connection to [/rviz], count 0
[rospy.internal][INFO] 2022-05-21 10:49:51,889: topic[/tf] adding connection to [/rviz], count 0
[rospy.internal][INFO] 2022-05-21 10:50:16,172: topic[/cmd_vel] adding connection to [http://ubuntu:38767/], count 0
[rospy.internal][WARNING] 2022-05-21 11:03:36,383: Unknown error initiating TCP/IP socket to ubuntu:39639 (http://ubuntu:38767/): Traceback (most recent call last):
  File "/opt/ros/kinetic/lib/python2.7/dist-packages/rospy/impl/tcpros_base.py", line 558, in connect
    self.read_header()
  File "/opt/ros/kinetic/lib/python2.7/dist-packages/rospy/impl/tcpros_base.py", line 651, in read_header
    self._validate_header(read_ros_handshake_header(sock, self.read_buff, self.protocol.buff_size))
  File "/opt/ros/kinetic/lib/python2.7/dist-packages/rosgraph/network.py", line 364, in read_ros_handshake_header
    raise ROSHandshakeException("connection from sender terminated before handshake header received. %s bytes were received. Please check sender for additional details."%b.tell())
ROSHandshakeException: connection from sender terminated before handshake header received. 0 bytes were received. Please check sender for additional details.

[rospy.internal][INFO] 2022-05-21 11:03:36,386: topic[/cmd_vel] removing connection to http://ubuntu:38767/
[rospy.core][INFO] 2022-05-21 11:19:10,375: signal_shutdown [signal-2]
[rospy.internal][INFO] 2022-05-21 11:19:10,386: topic[/joint_states] removing connection to /robot_state_publisher
[rospy.internal][INFO] 2022-05-21 11:19:10,386: topic[/rosout] removing connection to /rosout
[rospy.internal][INFO] 2022-05-21 11:19:10,387: topic[/tf] removing connection to /rviz
[rospy.internal][INFO] 2022-05-21 11:19:10,388: topic[/odom] removing connection to /rviz
[rospy.impl.masterslave][INFO] 2022-05-21 11:19:10,388: signal-2
[rospy.core][INFO] 2022-05-21 11:19:10,508: signal_shutdown [atexit]
