[rosmaster.main][INFO] 2022-05-21 10:49:49,753: initialization complete, waiting for shutdown
[rosmaster.main][INFO] 2022-05-21 10:49:49,753: Starting ROS Master Node
[xmlrpc][INFO] 2022-05-21 10:49:49,755: XML-RPC server binding to 0.0.0.0:11311
[xmlrpc][INFO] 2022-05-21 10:49:49,756: Started XML-RPC server [http://ubuntu:11311/]
[xmlrpc][INFO] 2022-05-21 10:49:49,756: xml rpc node: starting XML-RPC server
[rosmaster.master][INFO] 2022-05-21 10:49:49,756: Master initialized: port[11311], uri[http://ubuntu:11311/]
[rosmaster.master][INFO] 2022-05-21 10:49:49,869: +PARAM [/run_id] by /roslaunch
[rosmaster.master][INFO] 2022-05-21 10:49:49,871: +PARAM [/roslaunch/uris/host_ubuntu__36491] by /roslaunch
[rosmaster.master][INFO] 2022-05-21 10:49:50,024: +PARAM [/use_sim_time] by /roslaunch
[rosmaster.master][INFO] 2022-05-21 10:49:50,024: +PARAM [/rosdistro] by /roslaunch
[rosmaster.master][INFO] 2022-05-21 10:49:50,025: +PARAM [/robot_description] by /roslaunch
[rosmaster.master][INFO] 2022-05-21 10:49:50,026: +PARAM [/robot_state_publisher/publish_frequency] by /roslaunch
[rosmaster.master][INFO] 2022-05-21 10:49:50,026: +PARAM [/arbotix/sim] by /roslaunch
[rosmaster.master][INFO] 2022-05-21 10:49:50,027: +PARAM [/arbotix/controllers/base_controller/accel_limit] by /roslaunch
[rosmaster.master][INFO] 2022-05-21 10:49:50,027: +PARAM [/arbotix/controllers/base_controller/base_frame_id] by /roslaunch
[rosmaster.master][INFO] 2022-05-21 10:49:50,027: +PARAM [/arbotix/controllers/base_controller/Kp] by /roslaunch
[rosmaster.master][INFO] 2022-05-21 10:49:50,027: +PARAM [/arbotix/controllers/base_controller/type] by /roslaunch
[rosmaster.master][INFO] 2022-05-21 10:49:50,027: +PARAM [/rosversion] by /roslaunch
[rosmaster.master][INFO] 2022-05-21 10:49:50,028: +PARAM [/arbotix/controllers/base_controller/Ko] by /roslaunch
[rosmaster.master][INFO] 2022-05-21 10:49:50,029: +PARAM [/arbotix/controllers/base_controller/Ki] by /roslaunch
[rosmaster.master][INFO] 2022-05-21 10:49:50,030: +PARAM [/arbotix/controllers/base_controller/Kd] by /roslaunch
[rosmaster.master][INFO] 2022-05-21 10:49:50,031: +SERVICE [/rosout/get_loggers] /rosout http://ubuntu:33221/
[rosmaster.master][INFO] 2022-05-21 10:49:50,031: +PARAM [/arbotix/controllers/base_controller/ticks_meter] by /roslaunch
[rosmaster.master][INFO] 2022-05-21 10:49:50,031: +PARAM [/arbotix/controllers/base_controller/base_width] by /roslaunch
[rosmaster.master][INFO] 2022-05-21 10:49:50,032: +PARAM [/use_gui] by /roslaunch
[rosmaster.master][INFO] 2022-05-21 10:49:50,034: +SERVICE [/rosout/set_logger_level] /rosout http://ubuntu:33221/
[rosmaster.master][INFO] 2022-05-21 10:49:50,041: +PUB [/rosout_agg] /rosout http://ubuntu:33221/
[rosmaster.master][INFO] 2022-05-21 10:49:50,054: +SUB [/rosout] /rosout http://ubuntu:33221/
[rosmaster.master][INFO] 2022-05-21 10:49:50,111: +PUB [/rosout] /robot_state_publisher http://ubuntu:34477/
[rosmaster.master][INFO] 2022-05-21 10:49:50,115: +SERVICE [/robot_state_publisher/get_loggers] /robot_state_publisher http://ubuntu:34477/
[rosmaster.master][INFO] 2022-05-21 10:49:50,117: +SERVICE [/robot_state_publisher/set_logger_level] /robot_state_publisher http://ubuntu:34477/
[rosmaster.master][INFO] 2022-05-21 10:49:50,132: +PUB [/tf] /robot_state_publisher http://ubuntu:34477/
[rosmaster.master][INFO] 2022-05-21 10:49:50,135: +PUB [/tf_static] /robot_state_publisher http://ubuntu:34477/
[rosmaster.master][INFO] 2022-05-21 10:49:50,157: publisherUpdate[/rosout] -> http://ubuntu:33221/ ['http://ubuntu:34477/']
[rosmaster.master][INFO] 2022-05-21 10:49:50,164: publisherUpdate[/rosout] -> http://ubuntu:33221/ ['http://ubuntu:34477/']: sec=0.01, result=[1, '', 0]
[rosmaster.master][INFO] 2022-05-21 10:49:50,178: +SUB [/joint_states] /robot_state_publisher http://ubuntu:34477/
[rosmaster.master][INFO] 2022-05-21 10:49:50,354: +PUB [/rosout] /rviz http://ubuntu:39809/
[rosmaster.master][INFO] 2022-05-21 10:49:50,356: +SERVICE [/rviz/get_loggers] /rviz http://ubuntu:39809/
[rosmaster.master][INFO] 2022-05-21 10:49:50,357: +SERVICE [/rviz/set_logger_level] /rviz http://ubuntu:39809/
[rosmaster.master][INFO] 2022-05-21 10:49:50,362: publisherUpdate[/rosout] -> http://ubuntu:33221/ ['http://ubuntu:34477/', 'http://ubuntu:39809/']
[rosmaster.master][INFO] 2022-05-21 10:49:50,365: publisherUpdate[/rosout] -> http://ubuntu:33221/ ['http://ubuntu:34477/', 'http://ubuntu:39809/']: sec=0.00, result=[1, '', 0]
[rosmaster.master][INFO] 2022-05-21 10:49:50,483: +PUB [/rosout] /joint_state_publisher http://ubuntu:36383/
[rosmaster.master][INFO] 2022-05-21 10:49:50,499: +SERVICE [/joint_state_publisher/get_loggers] /joint_state_publisher http://ubuntu:36383/
[rosmaster.master][INFO] 2022-05-21 10:49:50,503: +SERVICE [/joint_state_publisher/set_logger_level] /joint_state_publisher http://ubuntu:36383/
[rosmaster.master][INFO] 2022-05-21 10:49:50,558: +PUB [/joint_states] /joint_state_publisher http://ubuntu:36383/
[rosmaster.master][INFO] 2022-05-21 10:49:50,564: publisherUpdate[/rosout] -> http://ubuntu:33221/ ['http://ubuntu:34477/', 'http://ubuntu:39809/', 'http://ubuntu:36383/']
[rosmaster.master][INFO] 2022-05-21 10:49:50,566: publisherUpdate[/joint_states] -> http://ubuntu:34477/ ['http://ubuntu:36383/']
[rosmaster.master][INFO] 2022-05-21 10:49:50,568: publisherUpdate[/rosout] -> http://ubuntu:33221/ ['http://ubuntu:34477/', 'http://ubuntu:39809/', 'http://ubuntu:36383/']: sec=0.00, result=[1, '', 0]
[rosmaster.master][INFO] 2022-05-21 10:49:50,571: publisherUpdate[/joint_states] -> http://ubuntu:34477/ ['http://ubuntu:36383/']: sec=0.00, result=[1, '', 0]
[rosmaster.master][INFO] 2022-05-21 10:49:50,588: +SUB [/tf] /rviz http://ubuntu:39809/
[rosmaster.master][INFO] 2022-05-21 10:49:50,598: +SUB [/tf_static] /rviz http://ubuntu:39809/
[rosmaster.master][INFO] 2022-05-21 10:49:50,670: +PUB [/initialpose] /rviz http://ubuntu:39809/
[rosmaster.master][INFO] 2022-05-21 10:49:50,673: +PUB [/goal] /rviz http://ubuntu:39809/
[rosmaster.master][INFO] 2022-05-21 10:49:50,690: +SUB [/odom] /rviz http://ubuntu:39809/
[rosmaster.master][INFO] 2022-05-21 10:49:51,076: -PUB [/goal] /rviz http://ubuntu:39809/
[rosmaster.master][INFO] 2022-05-21 10:49:51,081: -PUB [/initialpose] /rviz http://ubuntu:39809/
[rosmaster.master][INFO] 2022-05-21 10:49:51,090: +PUB [/initialpose] /rviz http://ubuntu:39809/
[rosmaster.master][INFO] 2022-05-21 10:49:51,093: +PUB [/goal] /rviz http://ubuntu:39809/
[rosmaster.master][INFO] 2022-05-21 10:49:51,096: +PUB [/move_base_simple/goal] /rviz http://ubuntu:39809/
[rosmaster.master][INFO] 2022-05-21 10:49:51,098: -PUB [/goal] /rviz http://ubuntu:39809/
[rosmaster.master][INFO] 2022-05-21 10:49:51,100: +PUB [/clicked_point] /rviz http://ubuntu:39809/
[rosmaster.master][INFO] 2022-05-21 10:49:51,153: +SERVICE [/rviz/reload_shaders] /rviz http://ubuntu:39809/
[rosmaster.master][INFO] 2022-05-21 10:49:51,513: +PUB [/rosout] /arbotix http://ubuntu:44539/
[rosmaster.master][INFO] 2022-05-21 10:49:51,521: +SERVICE [/arbotix/get_loggers] /arbotix http://ubuntu:44539/
[rosmaster.master][INFO] 2022-05-21 10:49:51,525: +SERVICE [/arbotix/set_logger_level] /arbotix http://ubuntu:44539/
[rosmaster.master][INFO] 2022-05-21 10:49:51,543: +PUB [/diagnostics] /arbotix http://ubuntu:44539/
[rosmaster.master][INFO] 2022-05-21 10:49:51,550: +PUB [/joint_states] /arbotix http://ubuntu:44539/
[rosmaster.master][INFO] 2022-05-21 10:49:51,573: publisherUpdate[/rosout] -> http://ubuntu:33221/ ['http://ubuntu:34477/', 'http://ubuntu:39809/', 'http://ubuntu:36383/', 'http://ubuntu:44539/']
[rosmaster.master][INFO] 2022-05-21 10:49:51,577: publisherUpdate[/joint_states] -> http://ubuntu:34477/ ['http://ubuntu:36383/', 'http://ubuntu:44539/']
[rosmaster.master][INFO] 2022-05-21 10:49:51,580: publisherUpdate[/joint_states] -> http://ubuntu:34477/ ['http://ubuntu:36383/', 'http://ubuntu:44539/']: sec=0.00, result=[1, '', 0]
[rosmaster.master][INFO] 2022-05-21 10:49:51,581: publisherUpdate[/rosout] -> http://ubuntu:33221/ ['http://ubuntu:34477/', 'http://ubuntu:39809/', 'http://ubuntu:36383/', 'http://ubuntu:44539/']: sec=0.01, result=[1, '', 0]
[rosmaster.master][INFO] 2022-05-21 10:49:51,597: +SUB [/cmd_vel] /arbotix http://ubuntu:44539/
[rosmaster.master][INFO] 2022-05-21 10:49:51,601: +PUB [/odom] /arbotix http://ubuntu:44539/
[rosmaster.master][INFO] 2022-05-21 10:49:51,604: +PUB [/tf] /arbotix http://ubuntu:44539/
[rosmaster.master][INFO] 2022-05-21 10:49:51,606: +SERVICE [/arbotix/SetupAnalogIn] /arbotix http://ubuntu:44539/
[rosmaster.master][INFO] 2022-05-21 10:49:51,608: +SERVICE [/arbotix/SetupDigitalIn] /arbotix http://ubuntu:44539/
[rosmaster.master][INFO] 2022-05-21 10:49:51,610: +SERVICE [/arbotix/SetupDigitalOut] /arbotix http://ubuntu:44539/
[rosmaster.master][INFO] 2022-05-21 10:49:51,679: publisherUpdate[/odom] -> http://ubuntu:39809/ ['http://ubuntu:44539/']
[rosmaster.master][INFO] 2022-05-21 10:49:51,681: publisherUpdate[/odom] -> http://ubuntu:39809/ ['http://ubuntu:44539/']: sec=0.00, result=[1, '', 0]
[rosmaster.master][INFO] 2022-05-21 10:49:51,681: publisherUpdate[/tf] -> http://ubuntu:39809/ ['http://ubuntu:34477/', 'http://ubuntu:44539/']
[rosmaster.master][INFO] 2022-05-21 10:49:51,683: publisherUpdate[/tf] -> http://ubuntu:39809/ ['http://ubuntu:34477/', 'http://ubuntu:44539/']: sec=0.00, result=[1, '', 0]
[rosmaster.master][INFO] 2022-05-21 10:50:15,536: +PARAM [/roslaunch/uris/host_ubuntu__39693] by /roslaunch
[rosmaster.master][INFO] 2022-05-21 10:50:15,541: +PARAM [/rosversion] by /roslaunch
[rosmaster.master][INFO] 2022-05-21 10:50:15,541: +PARAM [/myrobot_teleop/scale_linear] by /roslaunch
[rosmaster.master][INFO] 2022-05-21 10:50:15,541: +PARAM [/rosdistro] by /roslaunch
[rosmaster.master][INFO] 2022-05-21 10:50:15,541: +PARAM [/myrobot_teleop/scale_angular] by /roslaunch
[rosmaster.master][INFO] 2022-05-21 10:50:16,047: +PUB [/rosout] /myrobot_teleop http://ubuntu:38767/
[rosmaster.master][INFO] 2022-05-21 10:50:16,051: publisherUpdate[/rosout] -> http://ubuntu:33221/ ['http://ubuntu:34477/', 'http://ubuntu:39809/', 'http://ubuntu:36383/', 'http://ubuntu:44539/', 'http://ubuntu:38767/']
[rosmaster.master][INFO] 2022-05-21 10:50:16,053: publisherUpdate[/rosout] -> http://ubuntu:33221/ ['http://ubuntu:34477/', 'http://ubuntu:39809/', 'http://ubuntu:36383/', 'http://ubuntu:44539/', 'http://ubuntu:38767/']: sec=0.00, result=[1, '', 0]
[rosmaster.master][INFO] 2022-05-21 10:50:16,055: +SERVICE [/myrobot_teleop/get_loggers] /myrobot_teleop http://ubuntu:38767/
[rosmaster.master][INFO] 2022-05-21 10:50:16,057: +SERVICE [/myrobot_teleop/set_logger_level] /myrobot_teleop http://ubuntu:38767/
[rosmaster.master][INFO] 2022-05-21 10:50:16,062: +PUB [/cmd_vel] /myrobot_teleop http://ubuntu:38767/
[rosmaster.master][INFO] 2022-05-21 10:50:16,154: publisherUpdate[/cmd_vel] -> http://ubuntu:44539/ ['http://ubuntu:38767/']
[rosmaster.master][INFO] 2022-05-21 10:50:16,157: publisherUpdate[/cmd_vel] -> http://ubuntu:44539/ ['http://ubuntu:38767/']: sec=0.00, result=[1, '', 0]
[rosmaster.master][INFO] 2022-05-21 11:03:36,372: -PUB [/rosout] /myrobot_teleop http://ubuntu:38767/
[rosmaster.master][INFO] 2022-05-21 11:03:36,374: -PUB [/cmd_vel] /myrobot_teleop http://ubuntu:38767/
[rosmaster.master][INFO] 2022-05-21 11:03:36,374: -SERVICE [/myrobot_teleop/set_logger_level] /myrobot_teleop rosrpc://ubuntu:39639
[rosmaster.master][INFO] 2022-05-21 11:03:36,374: -SERVICE [/myrobot_teleop/get_loggers] /myrobot_teleop rosrpc://ubuntu:39639
[rosmaster.master][INFO] 2022-05-21 11:03:36,379: publisherUpdate[/rosout] -> http://ubuntu:33221/ ['http://ubuntu:34477/', 'http://ubuntu:39809/', 'http://ubuntu:36383/', 'http://ubuntu:44539/']
[rosmaster.master][INFO] 2022-05-21 11:03:36,381: publisherUpdate[/rosout] -> http://ubuntu:33221/ ['http://ubuntu:34477/', 'http://ubuntu:39809/', 'http://ubuntu:36383/', 'http://ubuntu:44539/']: sec=0.00, result=[1, '', 0]
[rosmaster.master][INFO] 2022-05-21 11:03:36,382: publisherUpdate[/cmd_vel] -> http://ubuntu:44539/ []
[rosmaster.master][INFO] 2022-05-21 11:03:36,386: publisherUpdate[/cmd_vel] -> http://ubuntu:44539/ []: sec=0.00, result=[1, '', 0]
[rosmaster.master][INFO] 2022-05-21 11:19:10,380: -SUB [/cmd_vel] /arbotix http://ubuntu:44539/
[rosmaster.master][INFO] 2022-05-21 11:19:10,381: -PUB [/diagnostics] /arbotix http://ubuntu:44539/
[rosmaster.master][INFO] 2022-05-21 11:19:10,381: -PUB [/joint_states] /arbotix http://ubuntu:44539/
[rosmaster.master][INFO] 2022-05-21 11:19:10,381: -PUB [/rosout] /arbotix http://ubuntu:44539/
[rosmaster.master][INFO] 2022-05-21 11:19:10,381: -PUB [/tf] /arbotix http://ubuntu:44539/
[rosmaster.master][INFO] 2022-05-21 11:19:10,381: -PUB [/odom] /arbotix http://ubuntu:44539/
[rosmaster.master][INFO] 2022-05-21 11:19:10,381: -SERVICE [/arbotix/SetupDigitalOut] /arbotix rosrpc://ubuntu:34489
[rosmaster.master][INFO] 2022-05-21 11:19:10,382: -SERVICE [/arbotix/get_loggers] /arbotix rosrpc://ubuntu:34489
[rosmaster.master][INFO] 2022-05-21 11:19:10,382: -SERVICE [/arbotix/SetupDigitalIn] /arbotix rosrpc://ubuntu:34489
[rosmaster.master][INFO] 2022-05-21 11:19:10,382: -SERVICE [/arbotix/SetupAnalogIn] /arbotix rosrpc://ubuntu:34489
[rosmaster.master][INFO] 2022-05-21 11:19:10,382: -SERVICE [/arbotix/set_logger_level] /arbotix rosrpc://ubuntu:34489
[rosmaster.master][INFO] 2022-05-21 11:19:10,385: -PUB [/joint_states] /joint_state_publisher http://ubuntu:36383/
[rosmaster.master][INFO] 2022-05-21 11:19:10,385: -PUB [/rosout] /joint_state_publisher http://ubuntu:36383/
[rosmaster.master][INFO] 2022-05-21 11:19:10,385: -SERVICE [/joint_state_publisher/get_loggers] /joint_state_publisher rosrpc://ubuntu:39431
[rosmaster.master][INFO] 2022-05-21 11:19:10,385: -SERVICE [/joint_state_publisher/set_logger_level] /joint_state_publisher rosrpc://ubuntu:39431
[rosmaster.master][INFO] 2022-05-21 11:19:10,435: publisherUpdate[/joint_states] -> http://ubuntu:34477/ ['http://ubuntu:36383/']
[rosmaster.master][INFO] 2022-05-21 11:19:10,438: -PUB [/rosout] /rviz http://ubuntu:39809/
[rosmaster.master][INFO] 2022-05-21 11:19:10,440: publisherUpdate[/rosout] -> http://ubuntu:33221/ ['http://ubuntu:34477/', 'http://ubuntu:39809/', 'http://ubuntu:36383/']
[rosmaster.master][INFO] 2022-05-21 11:19:10,440: -PUB [/rosout] /robot_state_publisher http://ubuntu:34477/
[rosmaster.master][INFO] 2022-05-21 11:19:10,443: publisherUpdate[/rosout] -> http://ubuntu:33221/ ['http://ubuntu:34477/', 'http://ubuntu:39809/', 'http://ubuntu:36383/']: sec=0.00, result=[1, '', 0]
[rosmaster.master][INFO] 2022-05-21 11:19:10,443: -PUB [/initialpose] /rviz http://ubuntu:39809/
[rosmaster.master][INFO] 2022-05-21 11:19:10,444: publisherUpdate[/tf] -> http://ubuntu:39809/ ['http://ubuntu:34477/']
[rosmaster.master][INFO] 2022-05-21 11:19:10,446: publisherUpdate[/joint_states] -> http://ubuntu:34477/ ['http://ubuntu:36383/']: sec=0.01, exception=<Fault -1: 'publisherUpdate: unknown method name'>
[rosmaster.master][INFO] 2022-05-21 11:19:10,447: -PUB [/tf] /robot_state_publisher http://ubuntu:34477/
[rosmaster.master][INFO] 2022-05-21 11:19:10,449: publisherUpdate[/tf] -> http://ubuntu:39809/ ['http://ubuntu:34477/']: sec=0.00, exception=<Fault -1: 'publisherUpdate: unknown method name'>
[rosmaster.master][INFO] 2022-05-21 11:19:10,452: -PUB [/move_base_simple/goal] /rviz http://ubuntu:39809/
[rosmaster.threadpool][ERROR] 2022-05-21 11:19:10,453: Traceback (most recent call last):
  File "/opt/ros/kinetic/lib/python2.7/dist-packages/rosmaster/threadpool.py", line 218, in run
    result = cmd(*args)
  File "/opt/ros/kinetic/lib/python2.7/dist-packages/rosmaster/master_api.py", line 210, in publisher_update_task
    ret = xmlrpcapi(api).publisherUpdate('/master', topic, pub_uris)
  File "/usr/lib/python2.7/xmlrpclib.py", line 1243, in __call__
    return self.__send(self.__name, args)
  File "/usr/lib/python2.7/xmlrpclib.py", line 1602, in __request
    verbose=self.__verbose
  File "/usr/lib/python2.7/xmlrpclib.py", line 1283, in request
    return self.single_request(host, handler, request_body, verbose)
  File "/usr/lib/python2.7/xmlrpclib.py", line 1316, in single_request
    return self.parse_response(response)
  File "/usr/lib/python2.7/xmlrpclib.py", line 1493, in parse_response
    return u.close()
  File "/usr/lib/python2.7/xmlrpclib.py", line 800, in close
    raise Fault(**self._stack[0])
Fault: <Fault -1: 'publisherUpdate: unknown method name'>

[rosmaster.master][INFO] 2022-05-21 11:19:10,453: publisherUpdate[/odom] -> http://ubuntu:39809/ []
[rosmaster.master][INFO] 2022-05-21 11:19:10,454: publisherUpdate[/odom] -> http://ubuntu:39809/ []: sec=0.00, exception=<Fault -1: 'publisherUpdate: unknown method name'>
[rosmaster.threadpool][ERROR] 2022-05-21 11:19:10,455: Traceback (most recent call last):
  File "/opt/ros/kinetic/lib/python2.7/dist-packages/rosmaster/threadpool.py", line 218, in run
    result = cmd(*args)
  File "/opt/ros/kinetic/lib/python2.7/dist-packages/rosmaster/master_api.py", line 210, in publisher_update_task
    ret = xmlrpcapi(api).publisherUpdate('/master', topic, pub_uris)
  File "/usr/lib/python2.7/xmlrpclib.py", line 1243, in __call__
    return self.__send(self.__name, args)
  File "/usr/lib/python2.7/xmlrpclib.py", line 1602, in __request
    verbose=self.__verbose
  File "/usr/lib/python2.7/xmlrpclib.py", line 1283, in request
    return self.single_request(host, handler, request_body, verbose)
  File "/usr/lib/python2.7/xmlrpclib.py", line 1316, in single_request
    return self.parse_response(response)
  File "/usr/lib/python2.7/xmlrpclib.py", line 1493, in parse_response
    return u.close()
  File "/usr/lib/python2.7/xmlrpclib.py", line 800, in close
    raise Fault(**self._stack[0])
Fault: <Fault -1: 'publisherUpdate: unknown method name'>

[rosmaster.master][INFO] 2022-05-21 11:19:10,455: publisherUpdate[/joint_states] -> http://ubuntu:34477/ []
[rosmaster.master][INFO] 2022-05-21 11:19:10,456: publisherUpdate[/rosout] -> http://ubuntu:33221/ ['http://ubuntu:34477/', 'http://ubuntu:39809/']
[rosmaster.master][INFO] 2022-05-21 11:19:10,457: -PUB [/tf_static] /robot_state_publisher http://ubuntu:34477/
[rosmaster.master][INFO] 2022-05-21 11:19:10,460: publisherUpdate[/joint_states] -> http://ubuntu:34477/ []: sec=0.01, exception=<Fault -1: 'publisherUpdate: unknown method name'>
[rosmaster.master][INFO] 2022-05-21 11:19:10,461: publisherUpdate[/rosout] -> http://ubuntu:33221/ ['http://ubuntu:34477/', 'http://ubuntu:39809/']: sec=0.00, result=[1, '', 0]
[rosmaster.threadpool][ERROR] 2022-05-21 11:19:10,463: Traceback (most recent call last):
  File "/opt/ros/kinetic/lib/python2.7/dist-packages/rosmaster/threadpool.py", line 218, in run
    result = cmd(*args)
  File "/opt/ros/kinetic/lib/python2.7/dist-packages/rosmaster/master_api.py", line 210, in publisher_update_task
    ret = xmlrpcapi(api).publisherUpdate('/master', topic, pub_uris)
  File "/usr/lib/python2.7/xmlrpclib.py", line 1243, in __call__
    return self.__send(self.__name, args)
  File "/usr/lib/python2.7/xmlrpclib.py", line 1602, in __request
    verbose=self.__verbose
  File "/usr/lib/python2.7/xmlrpclib.py", line 1283, in request
    return self.single_request(host, handler, request_body, verbose)
  File "/usr/lib/python2.7/xmlrpclib.py", line 1316, in single_request
    return self.parse_response(response)
  File "/usr/lib/python2.7/xmlrpclib.py", line 1493, in parse_response
    return u.close()
  File "/usr/lib/python2.7/xmlrpclib.py", line 800, in close
    raise Fault(**self._stack[0])
Fault: <Fault -1: 'publisherUpdate: unknown method name'>

[rosmaster.master][INFO] 2022-05-21 11:19:10,465: -PUB [/clicked_point] /rviz http://ubuntu:39809/
[rosmaster.threadpool][ERROR] 2022-05-21 11:19:10,466: Traceback (most recent call last):
  File "/opt/ros/kinetic/lib/python2.7/dist-packages/rosmaster/threadpool.py", line 218, in run
    result = cmd(*args)
  File "/opt/ros/kinetic/lib/python2.7/dist-packages/rosmaster/master_api.py", line 210, in publisher_update_task
    ret = xmlrpcapi(api).publisherUpdate('/master', topic, pub_uris)
  File "/usr/lib/python2.7/xmlrpclib.py", line 1243, in __call__
    return self.__send(self.__name, args)
  File "/usr/lib/python2.7/xmlrpclib.py", line 1602, in __request
    verbose=self.__verbose
  File "/usr/lib/python2.7/xmlrpclib.py", line 1283, in request
    return self.single_request(host, handler, request_body, verbose)
  File "/usr/lib/python2.7/xmlrpclib.py", line 1316, in single_request
    return self.parse_response(response)
  File "/usr/lib/python2.7/xmlrpclib.py", line 1493, in parse_response
    return u.close()
  File "/usr/lib/python2.7/xmlrpclib.py", line 800, in close
    raise Fault(**self._stack[0])
Fault: <Fault -1: 'publisherUpdate: unknown method name'>

[rosmaster.master][INFO] 2022-05-21 11:19:10,467: publisherUpdate[/rosout] -> http://ubuntu:33221/ ['http://ubuntu:34477/']
[rosmaster.master][INFO] 2022-05-21 11:19:10,468: publisherUpdate[/tf] -> http://ubuntu:39809/ []
[rosmaster.master][INFO] 2022-05-21 11:19:10,469: -SUB [/joint_states] /robot_state_publisher http://ubuntu:34477/
[rosmaster.master][INFO] 2022-05-21 11:19:10,472: publisherUpdate[/rosout] -> http://ubuntu:33221/ ['http://ubuntu:34477/']: sec=0.00, result=[1, '', 0]
[rosmaster.master][INFO] 2022-05-21 11:19:10,475: publisherUpdate[/tf] -> http://ubuntu:39809/ []: sec=0.00, exception=<Fault -1: 'publisherUpdate: unknown method name'>
[rosmaster.master][INFO] 2022-05-21 11:19:10,475: -SUB [/tf] /rviz http://ubuntu:39809/
[rosmaster.master][INFO] 2022-05-21 11:19:10,475: publisherUpdate[/rosout] -> http://ubuntu:33221/ []
[rosmaster.master][INFO] 2022-05-21 11:19:10,478: -SERVICE [/robot_state_publisher/get_loggers] /robot_state_publisher rosrpc://ubuntu:40057
[rosmaster.threadpool][ERROR] 2022-05-21 11:19:10,478: Traceback (most recent call last):
  File "/opt/ros/kinetic/lib/python2.7/dist-packages/rosmaster/threadpool.py", line 218, in run
    result = cmd(*args)
  File "/opt/ros/kinetic/lib/python2.7/dist-packages/rosmaster/master_api.py", line 210, in publisher_update_task
    ret = xmlrpcapi(api).publisherUpdate('/master', topic, pub_uris)
  File "/usr/lib/python2.7/xmlrpclib.py", line 1243, in __call__
    return self.__send(self.__name, args)
  File "/usr/lib/python2.7/xmlrpclib.py", line 1602, in __request
    verbose=self.__verbose
  File "/usr/lib/python2.7/xmlrpclib.py", line 1283, in request
    return self.single_request(host, handler, request_body, verbose)
  File "/usr/lib/python2.7/xmlrpclib.py", line 1316, in single_request
    return self.parse_response(response)
  File "/usr/lib/python2.7/xmlrpclib.py", line 1493, in parse_response
    return u.close()
  File "/usr/lib/python2.7/xmlrpclib.py", line 800, in close
    raise Fault(**self._stack[0])
Fault: <Fault -1: 'publisherUpdate: unknown method name'>

[rosmaster.master][INFO] 2022-05-21 11:19:10,480: publisherUpdate[/rosout] -> http://ubuntu:33221/ []: sec=0.00, result=[1, '', 0]
[rosmaster.master][INFO] 2022-05-21 11:19:10,482: publisherUpdate[/tf_static] -> http://ubuntu:39809/ []
[rosmaster.master][INFO] 2022-05-21 11:19:10,482: -SUB [/tf_static] /rviz http://ubuntu:39809/
[rosmaster.master][INFO] 2022-05-21 11:19:10,484: -SERVICE [/robot_state_publisher/set_logger_level] /robot_state_publisher rosrpc://ubuntu:40057
[rosmaster.master][INFO] 2022-05-21 11:19:10,485: publisherUpdate[/tf_static] -> http://ubuntu:39809/ []: sec=0.00, exception=<Fault -1: 'publisherUpdate: unknown method name'>
[rosmaster.threadpool][ERROR] 2022-05-21 11:19:10,488: Traceback (most recent call last):
  File "/opt/ros/kinetic/lib/python2.7/dist-packages/rosmaster/threadpool.py", line 218, in run
    result = cmd(*args)
  File "/opt/ros/kinetic/lib/python2.7/dist-packages/rosmaster/master_api.py", line 210, in publisher_update_task
    ret = xmlrpcapi(api).publisherUpdate('/master', topic, pub_uris)
  File "/usr/lib/python2.7/xmlrpclib.py", line 1243, in __call__
    return self.__send(self.__name, args)
  File "/usr/lib/python2.7/xmlrpclib.py", line 1602, in __request
    verbose=self.__verbose
  File "/usr/lib/python2.7/xmlrpclib.py", line 1283, in request
    return self.single_request(host, handler, request_body, verbose)
  File "/usr/lib/python2.7/xmlrpclib.py", line 1316, in single_request
    return self.parse_response(response)
  File "/usr/lib/python2.7/xmlrpclib.py", line 1493, in parse_response
    return u.close()
  File "/usr/lib/python2.7/xmlrpclib.py", line 800, in close
    raise Fault(**self._stack[0])
Fault: <Fault -1: 'publisherUpdate: unknown method name'>

[rosmaster.master][INFO] 2022-05-21 11:19:10,488: -SUB [/odom] /rviz http://ubuntu:39809/
[rosmaster.master][INFO] 2022-05-21 11:19:10,496: -SERVICE [/rviz/get_loggers] /rviz rosrpc://ubuntu:51531
[rosmaster.master][INFO] 2022-05-21 11:19:10,498: -SERVICE [/rviz/set_logger_level] /rviz rosrpc://ubuntu:51531
[rosmaster.master][INFO] 2022-05-21 11:19:10,500: -SERVICE [/rviz/reload_shaders] /rviz rosrpc://ubuntu:51531
[rosmaster.master][INFO] 2022-05-21 11:19:10,988: -PUB [/rosout_agg] /rosout http://ubuntu:33221/
[rosmaster.master][INFO] 2022-05-21 11:19:10,990: -SUB [/rosout] /rosout http://ubuntu:33221/
[rosmaster.master][INFO] 2022-05-21 11:19:10,991: -SERVICE [/rosout/get_loggers] /rosout rosrpc://ubuntu:54789
[rosmaster.master][INFO] 2022-05-21 11:19:10,993: -SERVICE [/rosout/set_logger_level] /rosout rosrpc://ubuntu:54789
[rosmaster.main][INFO] 2022-05-21 11:19:11,188: keyboard interrupt, will exit
[rosmaster.main][INFO] 2022-05-21 11:19:11,189: stopping master...
[rospy.core][INFO] 2022-05-21 11:19:11,189: signal_shutdown [atexit]
