

1653101390.039790349  Node Startup
1653101390.537509670 INFO [/tmp/binarydeb/ros-kinetic-rviz-1.12.17/src/rviz/ogre_helpers/render_system.cpp:222(RenderSystem::detectGlVersion) [topics: /rosout] OpenGl version: 3 (GLSL 1.3).
1653101391.605205059 INFO [diff_controller.py:97(__init__) [topics: /odom, /diagnostics, /joint_states, /rosout, /cmd_vel, /tf] Started DiffController (base_controller). Geometry: 0.4m wide, 4100.0 ticks/m.
1653101391.875355618 WARN [/tmp/binarydeb/ros-kinetic-robot-state-publisher-1.13.7/src/robot_state_publisher.cpp:99(RobotStatePublisher::publishTransforms) [topics: /rosout, /tf, /tf_static] Joint state with name: "base_l_wheel_joint" was received but not found in URDF
1653101401.904207408 WARN [/tmp/binarydeb/ros-kinetic-robot-state-publisher-1.13.7/src/robot_state_publisher.cpp:99(RobotStatePublisher::publishTransforms) [topics: /rosout, /tf, /tf_static] Joint state with name: "base_l_wheel_joint" was received but not found in URDF
1653101411.994756308 WARN [/tmp/binarydeb/ros-kinetic-robot-state-publisher-1.13.7/src/robot_state_publisher.cpp:99(RobotStatePublisher::publishTransforms) [topics: /rosout, /tf, /tf_static] Joint state with name: "base_l_wheel_joint" was received but not found in URDF
1653101422.104046208 WARN [/tmp/binarydeb/ros-kinetic-robot-state-publisher-1.13.7/src/robot_state_publisher.cpp:99(RobotStatePublisher::publishTransforms) [topics: /rosout, /tf, /tf_static] Joint state with name: "base_l_wheel_joint" was received but not found in URDF
1653101432.204287414 WARN [/tmp/binarydeb/ros-kinetic-robot-state-publisher-1.13.7/src/robot_state_publisher.cpp:99(RobotStatePublisher::publishTransforms) [topics: /rosout, /tf, /tf_static] Joint state with name: "base_l_wheel_joint" was received but not found in URDF
1653101442.264148708 WARN [/tmp/binarydeb/ros-kinetic-robot-state-publisher-1.13.7/src/robot_state_publisher.cpp:99(RobotStatePublisher::publishTransforms) [topics: /rosout, /tf, /tf_static] Joint state with name: "base_l_wheel_joint" was received but not found in URDF
1653101452.343506092 WARN [/tmp/binarydeb/ros-kinetic-robot-state-publisher-1.13.7/src/robot_state_publisher.cpp:99(RobotStatePublisher::publishTransforms) [topics: /rosout, /tf, /tf_static] Joint state with name: "base_l_wheel_joint" was received but not found in URDF
1653101462.365268654 WARN [/tmp/binarydeb/ros-kinetic-robot-state-publisher-1.13.7/src/robot_state_publisher.cpp:99(RobotStatePublisher::publishTransforms) [topics: /rosout, /tf, /tf_static] Joint state with name: "base_l_wheel_joint" was received but not found in URDF
1653101472.465832633 WARN [/tmp/binarydeb/ros-kinetic-robot-state-publisher-1.13.7/src/robot_state_publisher.cpp:99(RobotStatePublisher::publishTransforms) [topics: /rosout, /tf, /tf_static] Joint state with name: "base_l_wheel_joint" was received but not found in URDF
1653101482.524263522 WARN [/tmp/binarydeb/ros-kinetic-robot-state-publisher-1.13.7/src/robot_state_publisher.cpp:99(RobotStatePublisher::publishTransforms) [topics: /rosout, /tf, /tf_static] Joint state with name: "base_l_wheel_joint" was received but not found in URDF
1653101492.524831105 WARN [/tmp/binarydeb/ros-kinetic-robot-state-publisher-1.13.7/src/robot_state_publisher.cpp:99(RobotStatePublisher::publishTransforms) [topics: /rosout, /tf, /tf_static] Joint state with name: "base_l_wheel_joint" was received but not found in URDF
1653101502.573898258 WARN [/tmp/binarydeb/ros-kinetic-robot-state-publisher-1.13.7/src/robot_state_publisher.cpp:99(RobotStatePublisher::publishTransforms) [topics: /rosout, /tf, /tf_static] Joint state with name: "base_l_wheel_joint" was received but not found in URDF
1653101512.599124298 WARN [/tmp/binarydeb/ros-kinetic-robot-state-publisher-1.13.7/src/robot_state_publisher.cpp:99(RobotStatePublisher::publishTransforms) [topics: /rosout, /tf, /tf_static] Joint state with name: "base_l_wheel_joint" was received but not found in URDF
1653101522.694831162 WARN [/tmp/binarydeb/ros-kinetic-robot-state-publisher-1.13.7/src/robot_state_publisher.cpp:99(RobotStatePublisher::publishTransforms) [topics: /rosout, /tf, /tf_static] Joint state with name: "base_l_wheel_joint" was received but not found in URDF
1653101532.805641863 WARN [/tmp/binarydeb/ros-kinetic-robot-state-publisher-1.13.7/src/robot_state_publisher.cpp:99(RobotStatePublisher::publishTransforms) [topics: /rosout, /tf, /tf_static] Joint state with name: "base_l_wheel_joint" was received but not found in URDF
1653101542.854068797 WARN [/tmp/binarydeb/ros-kinetic-robot-state-publisher-1.13.7/src/robot_state_publisher.cpp:99(RobotStatePublisher::publishTransforms) [topics: /rosout, /tf, /tf_static] Joint state with name: "base_l_wheel_joint" was received but not found in URDF
1653101552.923762904 WARN [/tmp/binarydeb/ros-kinetic-robot-state-publisher-1.13.7/src/robot_state_publisher.cpp:99(RobotStatePublisher::publishTransforms) [topics: /rosout, /tf, /tf_static] Joint state with name: "base_l_wheel_joint" was received but not found in URDF
1653101562.945318816 WARN [/tmp/binarydeb/ros-kinetic-robot-state-publisher-1.13.7/src/robot_state_publisher.cpp:99(RobotStatePublisher::publishTransforms) [topics: /rosout, /tf, /tf_static] Joint state with name: "base_l_wheel_joint" was received but not found in URDF
1653101573.013321638 WARN [/tmp/binarydeb/ros-kinetic-robot-state-publisher-1.13.7/src/robot_state_publisher.cpp:99(RobotStatePublisher::publishTransforms) [topics: /rosout, /tf, /tf_static] Joint state with name: "base_l_wheel_joint" was received but not found in URDF
1653101583.065183731 WARN [/tmp/binarydeb/ros-kinetic-robot-state-publisher-1.13.7/src/robot_state_publisher.cpp:99(RobotStatePublisher::publishTransforms) [topics: /rosout, /tf, /tf_static] Joint state with name: "base_l_wheel_joint" was received but not found in URDF
1653101593.143878277 WARN [/tmp/binarydeb/ros-kinetic-robot-state-publisher-1.13.7/src/robot_state_publisher.cpp:99(RobotStatePublisher::publishTransforms) [topics: /rosout, /tf, /tf_static] Joint state with name: "base_l_wheel_joint" was received but not found in URDF
1653101603.165494377 WARN [/tmp/binarydeb/ros-kinetic-robot-state-publisher-1.13.7/src/robot_state_publisher.cpp:99(RobotStatePublisher::publishTransforms) [topics: /rosout, /tf, /tf_static] Joint state with name: "base_l_wheel_joint" was received but not found in URDF
1653101613.174379791 WARN [/tmp/binarydeb/ros-kinetic-robot-state-publisher-1.13.7/src/robot_state_publisher.cpp:99(RobotStatePublisher::publishTransforms) [topics: /rosout, /tf, /tf_static] Joint state with name: "base_l_wheel_joint" was received but not found in URDF
1653101623.245442860 WARN [/tmp/binarydeb/ros-kinetic-robot-state-publisher-1.13.7/src/robot_state_publisher.cpp:99(RobotStatePublisher::publishTransforms) [topics: /rosout, /tf, /tf_static] Joint state with name: "base_l_wheel_joint" was received but not found in URDF
1653101633.344476566 WARN [/tmp/binarydeb/ros-kinetic-robot-state-publisher-1.13.7/src/robot_state_publisher.cpp:99(RobotStatePublisher::publishTransforms) [topics: /rosout, /tf, /tf_static] Joint state with name: "base_l_wheel_joint" was received but not found in URDF
1653101643.384250650 WARN [/tmp/binarydeb/ros-kinetic-robot-state-publisher-1.13.7/src/robot_state_publisher.cpp:99(RobotStatePublisher::publishTransforms) [topics: /rosout, /tf, /tf_static] Joint state with name: "base_l_wheel_joint" was received but not found in URDF
1653101653.463601091 WARN [/tmp/binarydeb/ros-kinetic-robot-state-publisher-1.13.7/src/robot_state_publisher.cpp:99(RobotStatePublisher::publishTransforms) [topics: /rosout, /tf, /tf_static] Joint state with name: "base_l_wheel_joint" was received but not found in URDF
1653101663.545032644 WARN [/tmp/binarydeb/ros-kinetic-robot-state-publisher-1.13.7/src/robot_state_publisher.cpp:99(RobotStatePublisher::publishTransforms) [topics: /rosout, /tf, /tf_static] Joint state with name: "base_l_wheel_joint" was received but not found in URDF
1653101673.575193886 WARN [/tmp/binarydeb/ros-kinetic-robot-state-publisher-1.13.7/src/robot_state_publisher.cpp:99(RobotStatePublisher::publishTransforms) [topics: /rosout, /tf, /tf_static] Joint state with name: "base_l_wheel_joint" was received but not found in URDF
1653101683.654206600 WARN [/tmp/binarydeb/ros-kinetic-robot-state-publisher-1.13.7/src/robot_state_publisher.cpp:99(RobotStatePublisher::publishTransforms) [topics: /rosout, /tf, /tf_static] Joint state with name: "base_l_wheel_joint" was received but not found in URDF
1653101693.723852539 WARN [/tmp/binarydeb/ros-kinetic-robot-state-publisher-1.13.7/src/robot_state_publisher.cpp:99(RobotStatePublisher::publishTransforms) [topics: /rosout, /tf, /tf_static] Joint state with name: "base_l_wheel_joint" was received but not found in URDF
1653101703.763824787 WARN [/tmp/binarydeb/ros-kinetic-robot-state-publisher-1.13.7/src/robot_state_publisher.cpp:99(RobotStatePublisher::publishTransforms) [topics: /rosout, /tf, /tf_static] Joint state with name: "base_l_wheel_joint" was received but not found in URDF
1653101713.783777488 WARN [/tmp/binarydeb/ros-kinetic-robot-state-publisher-1.13.7/src/robot_state_publisher.cpp:99(RobotStatePublisher::publishTransforms) [topics: /rosout, /tf, /tf_static] Joint state with name: "base_l_wheel_joint" was received but not found in URDF
1653101723.884552060 WARN [/tmp/binarydeb/ros-kinetic-robot-state-publisher-1.13.7/src/robot_state_publisher.cpp:99(RobotStatePublisher::publishTransforms) [topics: /rosout, /tf, /tf_static] Joint state with name: "base_l_wheel_joint" was received but not found in URDF
1653101733.894916306 WARN [/tmp/binarydeb/ros-kinetic-robot-state-publisher-1.13.7/src/robot_state_publisher.cpp:99(RobotStatePublisher::publishTransforms) [topics: /rosout, /tf, /tf_static] Joint state with name: "base_l_wheel_joint" was received but not found in URDF
1653101743.904189067 WARN [/tmp/binarydeb/ros-kinetic-robot-state-publisher-1.13.7/src/robot_state_publisher.cpp:99(RobotStatePublisher::publishTransforms) [topics: /rosout, /tf, /tf_static] Joint state with name: "base_l_wheel_joint" was received but not found in URDF
1653101753.924828162 WARN [/tmp/binarydeb/ros-kinetic-robot-state-publisher-1.13.7/src/robot_state_publisher.cpp:99(RobotStatePublisher::publishTransforms) [topics: /rosout, /tf, /tf_static] Joint state with name: "base_l_wheel_joint" was received but not found in URDF
1653101763.954205490 WARN [/tmp/binarydeb/ros-kinetic-robot-state-publisher-1.13.7/src/robot_state_publisher.cpp:99(RobotStatePublisher::publishTransforms) [topics: /rosout, /tf, /tf_static] Joint state with name: "base_l_wheel_joint" was received but not found in URDF
1653101773.983821172 WARN [/tmp/binarydeb/ros-kinetic-robot-state-publisher-1.13.7/src/robot_state_publisher.cpp:99(RobotStatePublisher::publishTransforms) [topics: /rosout, /tf, /tf_static] Joint state with name: "base_l_wheel_joint" was received but not found in URDF
1653101783.994427492 WARN [/tmp/binarydeb/ros-kinetic-robot-state-publisher-1.13.7/src/robot_state_publisher.cpp:99(RobotStatePublisher::publishTransforms) [topics: /rosout, /tf, /tf_static] Joint state with name: "base_l_wheel_joint" was received but not found in URDF
1653101794.014276199 WARN [/tmp/binarydeb/ros-kinetic-robot-state-publisher-1.13.7/src/robot_state_publisher.cpp:99(RobotStatePublisher::publishTransforms) [topics: /rosout, /tf, /tf_static] Joint state with name: "base_l_wheel_joint" was received but not found in URDF
1653101804.043306900 WARN [/tmp/binarydeb/ros-kinetic-robot-state-publisher-1.13.7/src/robot_state_publisher.cpp:99(RobotStatePublisher::publishTransforms) [topics: /rosout, /tf, /tf_static] Joint state with name: "base_l_wheel_joint" was received but not found in URDF
1653101814.106166511 WARN [/tmp/binarydeb/ros-kinetic-robot-state-publisher-1.13.7/src/robot_state_publisher.cpp:99(RobotStatePublisher::publishTransforms) [topics: /rosout, /tf, /tf_static] Joint state with name: "base_l_wheel_joint" was received but not found in URDF
1653101824.184952305 WARN [/tmp/binarydeb/ros-kinetic-robot-state-publisher-1.13.7/src/robot_state_publisher.cpp:99(RobotStatePublisher::publishTransforms) [topics: /rosout, /tf, /tf_static] Joint state with name: "base_l_wheel_joint" was received but not found in URDF
1653101834.254310002 WARN [/tmp/binarydeb/ros-kinetic-robot-state-publisher-1.13.7/src/robot_state_publisher.cpp:99(RobotStatePublisher::publishTransforms) [topics: /rosout, /tf, /tf_static] Joint state with name: "base_l_wheel_joint" was received but not found in URDF
1653101844.345711264 WARN [/tmp/binarydeb/ros-kinetic-robot-state-publisher-1.13.7/src/robot_state_publisher.cpp:99(RobotStatePublisher::publishTransforms) [topics: /rosout, /tf, /tf_static] Joint state with name: "base_l_wheel_joint" was received but not found in URDF
1653101854.402491125 WARN [/tmp/binarydeb/ros-kinetic-robot-state-publisher-1.13.7/src/robot_state_publisher.cpp:99(RobotStatePublisher::publishTransforms) [topics: /rosout, /tf, /tf_static] Joint state with name: "base_l_wheel_joint" was received but not found in URDF
1653101864.472289447 WARN [/tmp/binarydeb/ros-kinetic-robot-state-publisher-1.13.7/src/robot_state_publisher.cpp:99(RobotStatePublisher::publishTransforms) [topics: /rosout, /tf, /tf_static] Joint state with name: "base_l_wheel_joint" was received but not found in URDF
1653101874.501277552 WARN [/tmp/binarydeb/ros-kinetic-robot-state-publisher-1.13.7/src/robot_state_publisher.cpp:99(RobotStatePublisher::publishTransforms) [topics: /rosout, /tf, /tf_static] Joint state with name: "base_l_wheel_joint" was received but not found in URDF
1653101884.582123799 WARN [/tmp/binarydeb/ros-kinetic-robot-state-publisher-1.13.7/src/robot_state_publisher.cpp:99(RobotStatePublisher::publishTransforms) [topics: /rosout, /tf, /tf_static] Joint state with name: "base_l_wheel_joint" was received but not found in URDF
1653101894.631485139 WARN [/tmp/binarydeb/ros-kinetic-robot-state-publisher-1.13.7/src/robot_state_publisher.cpp:99(RobotStatePublisher::publishTransforms) [topics: /rosout, /tf, /tf_static] Joint state with name: "base_l_wheel_joint" was received but not found in URDF
1653101904.681832573 WARN [/tmp/binarydeb/ros-kinetic-robot-state-publisher-1.13.7/src/robot_state_publisher.cpp:99(RobotStatePublisher::publishTransforms) [topics: /rosout, /tf, /tf_static] Joint state with name: "base_l_wheel_joint" was received but not found in URDF
1653101914.732536456 WARN [/tmp/binarydeb/ros-kinetic-robot-state-publisher-1.13.7/src/robot_state_publisher.cpp:99(RobotStatePublisher::publishTransforms) [topics: /rosout, /tf, /tf_static] Joint state with name: "base_l_wheel_joint" was received but not found in URDF
1653101924.831255628 WARN [/tmp/binarydeb/ros-kinetic-robot-state-publisher-1.13.7/src/robot_state_publisher.cpp:99(RobotStatePublisher::publishTransforms) [topics: /rosout, /tf, /tf_static] Joint state with name: "base_l_wheel_joint" was received but not found in URDF
1653101934.861277721 WARN [/tmp/binarydeb/ros-kinetic-robot-state-publisher-1.13.7/src/robot_state_publisher.cpp:99(RobotStatePublisher::publishTransforms) [topics: /rosout, /tf, /tf_static] Joint state with name: "base_l_wheel_joint" was received but not found in URDF
1653101944.861625633 WARN [/tmp/binarydeb/ros-kinetic-robot-state-publisher-1.13.7/src/robot_state_publisher.cpp:99(RobotStatePublisher::publishTransforms) [topics: /rosout, /tf, /tf_static] Joint state with name: "base_l_wheel_joint" was received but not found in URDF
1653101954.931633956 WARN [/tmp/binarydeb/ros-kinetic-robot-state-publisher-1.13.7/src/robot_state_publisher.cpp:99(RobotStatePublisher::publishTransforms) [topics: /rosout, /tf, /tf_static] Joint state with name: "base_l_wheel_joint" was received but not found in URDF
1653101964.981735951 WARN [/tmp/binarydeb/ros-kinetic-robot-state-publisher-1.13.7/src/robot_state_publisher.cpp:99(RobotStatePublisher::publishTransforms) [topics: /rosout, /tf, /tf_static] Joint state with name: "base_l_wheel_joint" was received but not found in URDF
1653101975.001962009 WARN [/tmp/binarydeb/ros-kinetic-robot-state-publisher-1.13.7/src/robot_state_publisher.cpp:99(RobotStatePublisher::publishTransforms) [topics: /rosout, /tf, /tf_static] Joint state with name: "base_l_wheel_joint" was received but not found in URDF
1653101985.011713932 WARN [/tmp/binarydeb/ros-kinetic-robot-state-publisher-1.13.7/src/robot_state_publisher.cpp:99(RobotStatePublisher::publishTransforms) [topics: /rosout, /tf, /tf_static] Joint state with name: "base_l_wheel_joint" was received but not found in URDF
1653101995.121615835 WARN [/tmp/binarydeb/ros-kinetic-robot-state-publisher-1.13.7/src/robot_state_publisher.cpp:99(RobotStatePublisher::publishTransforms) [topics: /rosout, /tf, /tf_static] Joint state with name: "base_l_wheel_joint" was received but not found in URDF
1653102005.201622782 WARN [/tmp/binarydeb/ros-kinetic-robot-state-publisher-1.13.7/src/robot_state_publisher.cpp:99(RobotStatePublisher::publishTransforms) [topics: /rosout, /tf, /tf_static] Joint state with name: "base_l_wheel_joint" was received but not found in URDF
1653102015.281232697 WARN [/tmp/binarydeb/ros-kinetic-robot-state-publisher-1.13.7/src/robot_state_publisher.cpp:99(RobotStatePublisher::publishTransforms) [topics: /rosout, /tf, /tf_static] Joint state with name: "base_l_wheel_joint" was received but not found in URDF
1653102025.372044416 WARN [/tmp/binarydeb/ros-kinetic-robot-state-publisher-1.13.7/src/robot_state_publisher.cpp:99(RobotStatePublisher::publishTransforms) [topics: /rosout, /tf, /tf_static] Joint state with name: "base_l_wheel_joint" was received but not found in URDF
1653102035.431915339 WARN [/tmp/binarydeb/ros-kinetic-robot-state-publisher-1.13.7/src/robot_state_publisher.cpp:99(RobotStatePublisher::publishTransforms) [topics: /rosout, /tf, /tf_static] Joint state with name: "base_l_wheel_joint" was received but not found in URDF
1653102045.490983345 WARN [/tmp/binarydeb/ros-kinetic-robot-state-publisher-1.13.7/src/robot_state_publisher.cpp:99(RobotStatePublisher::publishTransforms) [topics: /rosout, /tf, /tf_static] Joint state with name: "base_l_wheel_joint" was received but not found in URDF
1653102055.541416439 WARN [/tmp/binarydeb/ros-kinetic-robot-state-publisher-1.13.7/src/robot_state_publisher.cpp:99(RobotStatePublisher::publishTransforms) [topics: /rosout, /tf, /tf_static] Joint state with name: "base_l_wheel_joint" was received but not found in URDF
1653102065.622680131 WARN [/tmp/binarydeb/ros-kinetic-robot-state-publisher-1.13.7/src/robot_state_publisher.cpp:99(RobotStatePublisher::publishTransforms) [topics: /rosout, /tf, /tf_static] Joint state with name: "base_l_wheel_joint" was received but not found in URDF
1653102075.711637728 WARN [/tmp/binarydeb/ros-kinetic-robot-state-publisher-1.13.7/src/robot_state_publisher.cpp:99(RobotStatePublisher::publishTransforms) [topics: /rosout, /tf, /tf_static] Joint state with name: "base_l_wheel_joint" was received but not found in URDF
1653102085.759138810 WARN [/tmp/binarydeb/ros-kinetic-robot-state-publisher-1.13.7/src/robot_state_publisher.cpp:99(RobotStatePublisher::publishTransforms) [topics: /rosout, /tf, /tf_static] Joint state with name: "base_l_wheel_joint" was received but not found in URDF
1653102095.812813671 WARN [/tmp/binarydeb/ros-kinetic-robot-state-publisher-1.13.7/src/robot_state_publisher.cpp:99(RobotStatePublisher::publishTransforms) [topics: /rosout, /tf, /tf_static] Joint state with name: "base_l_wheel_joint" was received but not found in URDF
1653102105.838409178 WARN [/tmp/binarydeb/ros-kinetic-robot-state-publisher-1.13.7/src/robot_state_publisher.cpp:99(RobotStatePublisher::publishTransforms) [topics: /rosout, /tf, /tf_static] Joint state with name: "base_l_wheel_joint" was received but not found in URDF
1653102115.889208375 WARN [/tmp/binarydeb/ros-kinetic-robot-state-publisher-1.13.7/src/robot_state_publisher.cpp:99(RobotStatePublisher::publishTransforms) [topics: /rosout, /tf, /tf_static] Joint state with name: "base_l_wheel_joint" was received but not found in URDF
1653102125.907370730 WARN [/tmp/binarydeb/ros-kinetic-robot-state-publisher-1.13.7/src/robot_state_publisher.cpp:99(RobotStatePublisher::publishTransforms) [topics: /rosout, /tf, /tf_static] Joint state with name: "base_l_wheel_joint" was received but not found in URDF
1653102135.997275765 WARN [/tmp/binarydeb/ros-kinetic-robot-state-publisher-1.13.7/src/robot_state_publisher.cpp:99(RobotStatePublisher::publishTransforms) [topics: /rosout, /tf, /tf_static] Joint state with name: "base_l_wheel_joint" was received but not found in URDF
1653102146.086219314 WARN [/tmp/binarydeb/ros-kinetic-robot-state-publisher-1.13.7/src/robot_state_publisher.cpp:99(RobotStatePublisher::publishTransforms) [topics: /rosout, /tf, /tf_static] Joint state with name: "base_l_wheel_joint" was received but not found in URDF
1653102156.115099030 WARN [/tmp/binarydeb/ros-kinetic-robot-state-publisher-1.13.7/src/robot_state_publisher.cpp:99(RobotStatePublisher::publishTransforms) [topics: /rosout, /tf, /tf_static] Joint state with name: "base_l_wheel_joint" was received but not found in URDF
1653102166.136294302 WARN [/tmp/binarydeb/ros-kinetic-robot-state-publisher-1.13.7/src/robot_state_publisher.cpp:99(RobotStatePublisher::publishTransforms) [topics: /rosout, /tf, /tf_static] Joint state with name: "base_l_wheel_joint" was received but not found in URDF
1653102176.196630724 WARN [/tmp/binarydeb/ros-kinetic-robot-state-publisher-1.13.7/src/robot_state_publisher.cpp:99(RobotStatePublisher::publishTransforms) [topics: /rosout, /tf, /tf_static] Joint state with name: "base_l_wheel_joint" was received but not found in URDF
1653102186.245230836 WARN [/tmp/binarydeb/ros-kinetic-robot-state-publisher-1.13.7/src/robot_state_publisher.cpp:99(RobotStatePublisher::publishTransforms) [topics: /rosout, /tf, /tf_static] Joint state with name: "base_l_wheel_joint" was received but not found in URDF
1653102196.305915025 WARN [/tmp/binarydeb/ros-kinetic-robot-state-publisher-1.13.7/src/robot_state_publisher.cpp:99(RobotStatePublisher::publishTransforms) [topics: /rosout, /tf, /tf_static] Joint state with name: "base_l_wheel_joint" was received but not found in URDF
1653102206.386375623 WARN [/tmp/binarydeb/ros-kinetic-robot-state-publisher-1.13.7/src/robot_state_publisher.cpp:99(RobotStatePublisher::publishTransforms) [topics: /rosout, /tf, /tf_static] Joint state with name: "base_l_wheel_joint" was received but not found in URDF
1653102216.395208997 WARN [/tmp/binarydeb/ros-kinetic-robot-state-publisher-1.13.7/src/robot_state_publisher.cpp:99(RobotStatePublisher::publishTransforms) [topics: /rosout, /tf, /tf_static] Joint state with name: "base_l_wheel_joint" was received but not found in URDF
1653102226.476852746 WARN [/tmp/binarydeb/ros-kinetic-robot-state-publisher-1.13.7/src/robot_state_publisher.cpp:99(RobotStatePublisher::publishTransforms) [topics: /rosout, /tf, /tf_static] Joint state with name: "base_l_wheel_joint" was received but not found in URDF
1653102236.565719190 WARN [/tmp/binarydeb/ros-kinetic-robot-state-publisher-1.13.7/src/robot_state_publisher.cpp:99(RobotStatePublisher::publishTransforms) [topics: /rosout, /tf, /tf_static] Joint state with name: "base_l_wheel_joint" was received but not found in URDF
1653102246.667153539 WARN [/tmp/binarydeb/ros-kinetic-robot-state-publisher-1.13.7/src/robot_state_publisher.cpp:99(RobotStatePublisher::publishTransforms) [topics: /rosout, /tf, /tf_static] Joint state with name: "base_l_wheel_joint" was received but not found in URDF
1653102256.755979331 WARN [/tmp/binarydeb/ros-kinetic-robot-state-publisher-1.13.7/src/robot_state_publisher.cpp:99(RobotStatePublisher::publishTransforms) [topics: /rosout, /tf, /tf_static] Joint state with name: "base_l_wheel_joint" was received but not found in URDF
1653102266.785416781 WARN [/tmp/binarydeb/ros-kinetic-robot-state-publisher-1.13.7/src/robot_state_publisher.cpp:99(RobotStatePublisher::publishTransforms) [topics: /rosout, /tf, /tf_static] Joint state with name: "base_l_wheel_joint" was received but not found in URDF
1653102276.838680895 WARN [/tmp/binarydeb/ros-kinetic-robot-state-publisher-1.13.7/src/robot_state_publisher.cpp:99(RobotStatePublisher::publishTransforms) [topics: /rosout, /tf, /tf_static] Joint state with name: "base_l_wheel_joint" was received but not found in URDF
1653102286.906378896 WARN [/tmp/binarydeb/ros-kinetic-robot-state-publisher-1.13.7/src/robot_state_publisher.cpp:99(RobotStatePublisher::publishTransforms) [topics: /rosout, /tf, /tf_static] Joint state with name: "base_l_wheel_joint" was received but not found in URDF
1653102296.925921044 WARN [/tmp/binarydeb/ros-kinetic-robot-state-publisher-1.13.7/src/robot_state_publisher.cpp:99(RobotStatePublisher::publishTransforms) [topics: /rosout, /tf, /tf_static] Joint state with name: "base_l_wheel_joint" was received but not found in URDF
1653102306.926778990 WARN [/tmp/binarydeb/ros-kinetic-robot-state-publisher-1.13.7/src/robot_state_publisher.cpp:99(RobotStatePublisher::publishTransforms) [topics: /rosout, /tf, /tf_static] Joint state with name: "base_l_wheel_joint" was received but not found in URDF
1653102316.965247510 WARN [/tmp/binarydeb/ros-kinetic-robot-state-publisher-1.13.7/src/robot_state_publisher.cpp:99(RobotStatePublisher::publishTransforms) [topics: /rosout, /tf, /tf_static] Joint state with name: "base_l_wheel_joint" was received but not found in URDF
1653102326.995133012 WARN [/tmp/binarydeb/ros-kinetic-robot-state-publisher-1.13.7/src/robot_state_publisher.cpp:99(RobotStatePublisher::publishTransforms) [topics: /rosout, /tf, /tf_static] Joint state with name: "base_l_wheel_joint" was received but not found in URDF
1653102337.005831299 WARN [/tmp/binarydeb/ros-kinetic-robot-state-publisher-1.13.7/src/robot_state_publisher.cpp:99(RobotStatePublisher::publishTransforms) [topics: /rosout, /tf, /tf_static] Joint state with name: "base_l_wheel_joint" was received but not found in URDF
1653102347.035594628 WARN [/tmp/binarydeb/ros-kinetic-robot-state-publisher-1.13.7/src/robot_state_publisher.cpp:99(RobotStatePublisher::publishTransforms) [topics: /rosout, /tf, /tf_static] Joint state with name: "base_l_wheel_joint" was received but not found in URDF
1653102357.086013184 WARN [/tmp/binarydeb/ros-kinetic-robot-state-publisher-1.13.7/src/robot_state_publisher.cpp:99(RobotStatePublisher::publishTransforms) [topics: /rosout, /tf, /tf_static] Joint state with name: "base_l_wheel_joint" was received but not found in URDF
1653102367.106156957 WARN [/tmp/binarydeb/ros-kinetic-robot-state-publisher-1.13.7/src/robot_state_publisher.cpp:99(RobotStatePublisher::publishTransforms) [topics: /rosout, /tf, /tf_static] Joint state with name: "base_l_wheel_joint" was received but not found in URDF
1653102377.145253871 WARN [/tmp/binarydeb/ros-kinetic-robot-state-publisher-1.13.7/src/robot_state_publisher.cpp:99(RobotStatePublisher::publishTransforms) [topics: /rosout, /tf, /tf_static] Joint state with name: "base_l_wheel_joint" was received but not found in URDF
1653102387.236494436 WARN [/tmp/binarydeb/ros-kinetic-robot-state-publisher-1.13.7/src/robot_state_publisher.cpp:99(RobotStatePublisher::publishTransforms) [topics: /rosout, /tf, /tf_static] Joint state with name: "base_l_wheel_joint" was received but not found in URDF
1653102397.295650973 WARN [/tmp/binarydeb/ros-kinetic-robot-state-publisher-1.13.7/src/robot_state_publisher.cpp:99(RobotStatePublisher::publishTransforms) [topics: /rosout, /tf, /tf_static] Joint state with name: "base_l_wheel_joint" was received but not found in URDF
1653102407.315511600 WARN [/tmp/binarydeb/ros-kinetic-robot-state-publisher-1.13.7/src/robot_state_publisher.cpp:99(RobotStatePublisher::publishTransforms) [topics: /rosout, /tf, /tf_static] Joint state with name: "base_l_wheel_joint" was received but not found in URDF
1653102417.364968978 WARN [/tmp/binarydeb/ros-kinetic-robot-state-publisher-1.13.7/src/robot_state_publisher.cpp:99(RobotStatePublisher::publishTransforms) [topics: /rosout, /tf, /tf_static] Joint state with name: "base_l_wheel_joint" was received but not found in URDF
1653102427.406751058 WARN [/tmp/binarydeb/ros-kinetic-robot-state-publisher-1.13.7/src/robot_state_publisher.cpp:99(RobotStatePublisher::publishTransforms) [topics: /rosout, /tf, /tf_static] Joint state with name: "base_l_wheel_joint" was received but not found in URDF
1653102437.485828537 WARN [/tmp/binarydeb/ros-kinetic-robot-state-publisher-1.13.7/src/robot_state_publisher.cpp:99(RobotStatePublisher::publishTransforms) [topics: /rosout, /tf, /tf_static] Joint state with name: "base_l_wheel_joint" was received but not found in URDF
1653102447.525840697 WARN [/tmp/binarydeb/ros-kinetic-robot-state-publisher-1.13.7/src/robot_state_publisher.cpp:99(RobotStatePublisher::publishTransforms) [topics: /rosout, /tf, /tf_static] Joint state with name: "base_l_wheel_joint" was received but not found in URDF
1653102457.556150284 WARN [/tmp/binarydeb/ros-kinetic-robot-state-publisher-1.13.7/src/robot_state_publisher.cpp:99(RobotStatePublisher::publishTransforms) [topics: /rosout, /tf, /tf_static] Joint state with name: "base_l_wheel_joint" was received but not found in URDF
1653102467.615578521 WARN [/tmp/binarydeb/ros-kinetic-robot-state-publisher-1.13.7/src/robot_state_publisher.cpp:99(RobotStatePublisher::publishTransforms) [topics: /rosout, /tf, /tf_static] Joint state with name: "base_l_wheel_joint" was received but not found in URDF
1653102477.675456998 WARN [/tmp/binarydeb/ros-kinetic-robot-state-publisher-1.13.7/src/robot_state_publisher.cpp:99(RobotStatePublisher::publishTransforms) [topics: /rosout, /tf, /tf_static] Joint state with name: "base_l_wheel_joint" was received but not found in URDF
1653102487.746530105 WARN [/tmp/binarydeb/ros-kinetic-robot-state-publisher-1.13.7/src/robot_state_publisher.cpp:99(RobotStatePublisher::publishTransforms) [topics: /rosout, /tf, /tf_static] Joint state with name: "base_l_wheel_joint" was received but not found in URDF
1653102497.807777900 WARN [/tmp/binarydeb/ros-kinetic-robot-state-publisher-1.13.7/src/robot_state_publisher.cpp:99(RobotStatePublisher::publishTransforms) [topics: /rosout, /tf, /tf_static] Joint state with name: "base_l_wheel_joint" was received but not found in URDF
1653102507.811048006 WARN [/tmp/binarydeb/ros-kinetic-robot-state-publisher-1.13.7/src/robot_state_publisher.cpp:99(RobotStatePublisher::publishTransforms) [topics: /rosout, /tf, /tf_static] Joint state with name: "base_l_wheel_joint" was received but not found in URDF
1653102517.875329674 WARN [/tmp/binarydeb/ros-kinetic-robot-state-publisher-1.13.7/src/robot_state_publisher.cpp:99(RobotStatePublisher::publishTransforms) [topics: /rosout, /tf, /tf_static] Joint state with name: "base_l_wheel_joint" was received but not found in URDF
1653102527.886235259 WARN [/tmp/binarydeb/ros-kinetic-robot-state-publisher-1.13.7/src/robot_state_publisher.cpp:99(RobotStatePublisher::publishTransforms) [topics: /rosout, /tf, /tf_static] Joint state with name: "base_l_wheel_joint" was received but not found in URDF
1653102537.975195908 WARN [/tmp/binarydeb/ros-kinetic-robot-state-publisher-1.13.7/src/robot_state_publisher.cpp:99(RobotStatePublisher::publishTransforms) [topics: /rosout, /tf, /tf_static] Joint state with name: "base_l_wheel_joint" was received but not found in URDF
1653102547.975499180 WARN [/tmp/binarydeb/ros-kinetic-robot-state-publisher-1.13.7/src/robot_state_publisher.cpp:99(RobotStatePublisher::publishTransforms) [topics: /rosout, /tf, /tf_static] Joint state with name: "base_l_wheel_joint" was received but not found in URDF
1653102557.976025900 WARN [/tmp/binarydeb/ros-kinetic-robot-state-publisher-1.13.7/src/robot_state_publisher.cpp:99(RobotStatePublisher::publishTransforms) [topics: /rosout, /tf, /tf_static] Joint state with name: "base_l_wheel_joint" was received but not found in URDF
1653102568.006343215 WARN [/tmp/binarydeb/ros-kinetic-robot-state-publisher-1.13.7/src/robot_state_publisher.cpp:99(RobotStatePublisher::publishTransforms) [topics: /rosout, /tf, /tf_static] Joint state with name: "base_l_wheel_joint" was received but not found in URDF
1653102578.018860384 WARN [/tmp/binarydeb/ros-kinetic-robot-state-publisher-1.13.7/src/robot_state_publisher.cpp:99(RobotStatePublisher::publishTransforms) [topics: /rosout, /tf, /tf_static] Joint state with name: "base_l_wheel_joint" was received but not found in URDF
1653102588.076505382 WARN [/tmp/binarydeb/ros-kinetic-robot-state-publisher-1.13.7/src/robot_state_publisher.cpp:99(RobotStatePublisher::publishTransforms) [topics: /rosout, /tf, /tf_static] Joint state with name: "base_l_wheel_joint" was received but not found in URDF
1653102598.105497756 WARN [/tmp/binarydeb/ros-kinetic-robot-state-publisher-1.13.7/src/robot_state_publisher.cpp:99(RobotStatePublisher::publishTransforms) [topics: /rosout, /tf, /tf_static] Joint state with name: "base_l_wheel_joint" was received but not found in URDF
1653102608.185066091 WARN [/tmp/binarydeb/ros-kinetic-robot-state-publisher-1.13.7/src/robot_state_publisher.cpp:99(RobotStatePublisher::publishTransforms) [topics: /rosout, /tf, /tf_static] Joint state with name: "base_l_wheel_joint" was received but not found in URDF
1653102618.257513186 WARN [/tmp/binarydeb/ros-kinetic-robot-state-publisher-1.13.7/src/robot_state_publisher.cpp:99(RobotStatePublisher::publishTransforms) [topics: /rosout, /tf, /tf_static] Joint state with name: "base_l_wheel_joint" was received but not found in URDF
1653102628.366216692 WARN [/tmp/binarydeb/ros-kinetic-robot-state-publisher-1.13.7/src/robot_state_publisher.cpp:99(RobotStatePublisher::publishTransforms) [topics: /rosout, /tf, /tf_static] Joint state with name: "base_l_wheel_joint" was received but not found in URDF
1653102638.435870493 WARN [/tmp/binarydeb/ros-kinetic-robot-state-publisher-1.13.7/src/robot_state_publisher.cpp:99(RobotStatePublisher::publishTransforms) [topics: /rosout, /tf, /tf_static] Joint state with name: "base_l_wheel_joint" was received but not found in URDF
1653102648.535522225 WARN [/tmp/binarydeb/ros-kinetic-robot-state-publisher-1.13.7/src/robot_state_publisher.cpp:99(RobotStatePublisher::publishTransforms) [topics: /rosout, /tf, /tf_static] Joint state with name: "base_l_wheel_joint" was received but not found in URDF
1653102658.606977422 WARN [/tmp/binarydeb/ros-kinetic-robot-state-publisher-1.13.7/src/robot_state_publisher.cpp:99(RobotStatePublisher::publishTransforms) [topics: /rosout, /tf, /tf_static] Joint state with name: "base_l_wheel_joint" was received but not found in URDF
1653102668.627548160 WARN [/tmp/binarydeb/ros-kinetic-robot-state-publisher-1.13.7/src/robot_state_publisher.cpp:99(RobotStatePublisher::publishTransforms) [topics: /rosout, /tf, /tf_static] Joint state with name: "base_l_wheel_joint" was received but not found in URDF
1653102678.675211801 WARN [/tmp/binarydeb/ros-kinetic-robot-state-publisher-1.13.7/src/robot_state_publisher.cpp:99(RobotStatePublisher::publishTransforms) [topics: /rosout, /tf, /tf_static] Joint state with name: "base_l_wheel_joint" was received but not found in URDF
1653102688.675964534 WARN [/tmp/binarydeb/ros-kinetic-robot-state-publisher-1.13.7/src/robot_state_publisher.cpp:99(RobotStatePublisher::publishTransforms) [topics: /rosout, /tf, /tf_static] Joint state with name: "base_l_wheel_joint" was received but not found in URDF
1653102698.685110082 WARN [/tmp/binarydeb/ros-kinetic-robot-state-publisher-1.13.7/src/robot_state_publisher.cpp:99(RobotStatePublisher::publishTransforms) [topics: /rosout, /tf, /tf_static] Joint state with name: "base_l_wheel_joint" was received but not found in URDF
1653102708.765942596 WARN [/tmp/binarydeb/ros-kinetic-robot-state-publisher-1.13.7/src/robot_state_publisher.cpp:99(RobotStatePublisher::publishTransforms) [topics: /rosout, /tf, /tf_static] Joint state with name: "base_l_wheel_joint" was received but not found in URDF
1653102718.846257410 WARN [/tmp/binarydeb/ros-kinetic-robot-state-publisher-1.13.7/src/robot_state_publisher.cpp:99(RobotStatePublisher::publishTransforms) [topics: /rosout, /tf, /tf_static] Joint state with name: "base_l_wheel_joint" was received but not found in URDF
1653102728.935794705 WARN [/tmp/binarydeb/ros-kinetic-robot-state-publisher-1.13.7/src/robot_state_publisher.cpp:99(RobotStatePublisher::publishTransforms) [topics: /rosout, /tf, /tf_static] Joint state with name: "base_l_wheel_joint" was received but not found in URDF
1653102739.005839501 WARN [/tmp/binarydeb/ros-kinetic-robot-state-publisher-1.13.7/src/robot_state_publisher.cpp:99(RobotStatePublisher::publishTransforms) [topics: /rosout, /tf, /tf_static] Joint state with name: "base_l_wheel_joint" was received but not found in URDF
1653102749.007638635 WARN [/tmp/binarydeb/ros-kinetic-robot-state-publisher-1.13.7/src/robot_state_publisher.cpp:99(RobotStatePublisher::publishTransforms) [topics: /rosout, /tf, /tf_static] Joint state with name: "base_l_wheel_joint" was received but not found in URDF
1653102759.046150402 WARN [/tmp/binarydeb/ros-kinetic-robot-state-publisher-1.13.7/src/robot_state_publisher.cpp:99(RobotStatePublisher::publishTransforms) [topics: /rosout, /tf, /tf_static] Joint state with name: "base_l_wheel_joint" was received but not found in URDF
1653102769.105493121 WARN [/tmp/binarydeb/ros-kinetic-robot-state-publisher-1.13.7/src/robot_state_publisher.cpp:99(RobotStatePublisher::publishTransforms) [topics: /rosout, /tf, /tf_static] Joint state with name: "base_l_wheel_joint" was received but not found in URDF
1653102779.136089333 WARN [/tmp/binarydeb/ros-kinetic-robot-state-publisher-1.13.7/src/robot_state_publisher.cpp:99(RobotStatePublisher::publishTransforms) [topics: /rosout, /tf, /tf_static] Joint state with name: "base_l_wheel_joint" was received but not found in URDF
1653102789.235809808 WARN [/tmp/binarydeb/ros-kinetic-robot-state-publisher-1.13.7/src/robot_state_publisher.cpp:99(RobotStatePublisher::publishTransforms) [topics: /rosout, /tf, /tf_static] Joint state with name: "base_l_wheel_joint" was received but not found in URDF
1653102799.295459187 WARN [/tmp/binarydeb/ros-kinetic-robot-state-publisher-1.13.7/src/robot_state_publisher.cpp:99(RobotStatePublisher::publishTransforms) [topics: /rosout, /tf, /tf_static] Joint state with name: "base_l_wheel_joint" was received but not found in URDF
1653102809.385074958 WARN [/tmp/binarydeb/ros-kinetic-robot-state-publisher-1.13.7/src/robot_state_publisher.cpp:99(RobotStatePublisher::publishTransforms) [topics: /rosout, /tf, /tf_static] Joint state with name: "base_l_wheel_joint" was received but not found in URDF
1653102819.406768612 WARN [/tmp/binarydeb/ros-kinetic-robot-state-publisher-1.13.7/src/robot_state_publisher.cpp:99(RobotStatePublisher::publishTransforms) [topics: /rosout, /tf, /tf_static] Joint state with name: "base_l_wheel_joint" was received but not found in URDF
1653102829.485460380 WARN [/tmp/binarydeb/ros-kinetic-robot-state-publisher-1.13.7/src/robot_state_publisher.cpp:99(RobotStatePublisher::publishTransforms) [topics: /rosout, /tf, /tf_static] Joint state with name: "base_l_wheel_joint" was received but not found in URDF
1653102839.575580723 WARN [/tmp/binarydeb/ros-kinetic-robot-state-publisher-1.13.7/src/robot_state_publisher.cpp:99(RobotStatePublisher::publishTransforms) [topics: /rosout, /tf, /tf_static] Joint state with name: "base_l_wheel_joint" was received but not found in URDF
1653102849.655957492 WARN [/tmp/binarydeb/ros-kinetic-robot-state-publisher-1.13.7/src/robot_state_publisher.cpp:99(RobotStatePublisher::publishTransforms) [topics: /rosout, /tf, /tf_static] Joint state with name: "base_l_wheel_joint" was received but not found in URDF
1653102859.725367512 WARN [/tmp/binarydeb/ros-kinetic-robot-state-publisher-1.13.7/src/robot_state_publisher.cpp:99(RobotStatePublisher::publishTransforms) [topics: /rosout, /tf, /tf_static] Joint state with name: "base_l_wheel_joint" was received but not found in URDF
1653102869.807228276 WARN [/tmp/binarydeb/ros-kinetic-robot-state-publisher-1.13.7/src/robot_state_publisher.cpp:99(RobotStatePublisher::publishTransforms) [topics: /rosout, /tf, /tf_static] Joint state with name: "base_l_wheel_joint" was received but not found in URDF
1653102879.815716999 WARN [/tmp/binarydeb/ros-kinetic-robot-state-publisher-1.13.7/src/robot_state_publisher.cpp:99(RobotStatePublisher::publishTransforms) [topics: /rosout, /tf, /tf_static] Joint state with name: "base_l_wheel_joint" was received but not found in URDF
1653102889.856583389 WARN [/tmp/binarydeb/ros-kinetic-robot-state-publisher-1.13.7/src/robot_state_publisher.cpp:99(RobotStatePublisher::publishTransforms) [topics: /rosout, /tf, /tf_static] Joint state with name: "base_l_wheel_joint" was received but not found in URDF
1653102899.945609893 WARN [/tmp/binarydeb/ros-kinetic-robot-state-publisher-1.13.7/src/robot_state_publisher.cpp:99(RobotStatePublisher::publishTransforms) [topics: /rosout, /tf, /tf_static] Joint state with name: "base_l_wheel_joint" was received but not found in URDF
1653102910.055490938 WARN [/tmp/binarydeb/ros-kinetic-robot-state-publisher-1.13.7/src/robot_state_publisher.cpp:99(RobotStatePublisher::publishTransforms) [topics: /rosout, /tf, /tf_static] Joint state with name: "base_l_wheel_joint" was received but not found in URDF
1653102920.125757362 WARN [/tmp/binarydeb/ros-kinetic-robot-state-publisher-1.13.7/src/robot_state_publisher.cpp:99(RobotStatePublisher::publishTransforms) [topics: /rosout, /tf, /tf_static] Joint state with name: "base_l_wheel_joint" was received but not found in URDF
1653102930.225695201 WARN [/tmp/binarydeb/ros-kinetic-robot-state-publisher-1.13.7/src/robot_state_publisher.cpp:99(RobotStatePublisher::publishTransforms) [topics: /rosout, /tf, /tf_static] Joint state with name: "base_l_wheel_joint" was received but not found in URDF
1653102940.305652937 WARN [/tmp/binarydeb/ros-kinetic-robot-state-publisher-1.13.7/src/robot_state_publisher.cpp:99(RobotStatePublisher::publishTransforms) [topics: /rosout, /tf, /tf_static] Joint state with name: "base_l_wheel_joint" was received but not found in URDF
1653102950.316097943 WARN [/tmp/binarydeb/ros-kinetic-robot-state-publisher-1.13.7/src/robot_state_publisher.cpp:99(RobotStatePublisher::publishTransforms) [topics: /rosout, /tf, /tf_static] Joint state with name: "base_l_wheel_joint" was received but not found in URDF
1653102960.405348271 WARN [/tmp/binarydeb/ros-kinetic-robot-state-publisher-1.13.7/src/robot_state_publisher.cpp:99(RobotStatePublisher::publishTransforms) [topics: /rosout, /tf, /tf_static] Joint state with name: "base_l_wheel_joint" was received but not found in URDF
1653102970.486220971 WARN [/tmp/binarydeb/ros-kinetic-robot-state-publisher-1.13.7/src/robot_state_publisher.cpp:99(RobotStatePublisher::publishTransforms) [topics: /rosout, /tf, /tf_static] Joint state with name: "base_l_wheel_joint" was received but not found in URDF
1653102980.565237417 WARN [/tmp/binarydeb/ros-kinetic-robot-state-publisher-1.13.7/src/robot_state_publisher.cpp:99(RobotStatePublisher::publishTransforms) [topics: /rosout, /tf, /tf_static] Joint state with name: "base_l_wheel_joint" was received but not found in URDF
1653102990.566295122 WARN [/tmp/binarydeb/ros-kinetic-robot-state-publisher-1.13.7/src/robot_state_publisher.cpp:99(RobotStatePublisher::publishTransforms) [topics: /rosout, /tf, /tf_static] Joint state with name: "base_l_wheel_joint" was received but not found in URDF
1653103000.635369707 WARN [/tmp/binarydeb/ros-kinetic-robot-state-publisher-1.13.7/src/robot_state_publisher.cpp:99(RobotStatePublisher::publishTransforms) [topics: /rosout, /tf, /tf_static] Joint state with name: "base_l_wheel_joint" was received but not found in URDF
1653103010.725882560 WARN [/tmp/binarydeb/ros-kinetic-robot-state-publisher-1.13.7/src/robot_state_publisher.cpp:99(RobotStatePublisher::publishTransforms) [topics: /rosout, /tf, /tf_static] Joint state with name: "base_l_wheel_joint" was received but not found in URDF
1653103020.839584664 WARN [/tmp/binarydeb/ros-kinetic-robot-state-publisher-1.13.7/src/robot_state_publisher.cpp:99(RobotStatePublisher::publishTransforms) [topics: /rosout, /tf, /tf_static] Joint state with name: "base_l_wheel_joint" was received but not found in URDF
1653103030.857542999 WARN [/tmp/binarydeb/ros-kinetic-robot-state-publisher-1.13.7/src/robot_state_publisher.cpp:99(RobotStatePublisher::publishTransforms) [topics: /rosout, /tf, /tf_static] Joint state with name: "base_l_wheel_joint" was received but not found in URDF
1653103040.966413967 WARN [/tmp/binarydeb/ros-kinetic-robot-state-publisher-1.13.7/src/robot_state_publisher.cpp:99(RobotStatePublisher::publishTransforms) [topics: /rosout, /tf, /tf_static] Joint state with name: "base_l_wheel_joint" was received but not found in URDF
1653103051.056132301 WARN [/tmp/binarydeb/ros-kinetic-robot-state-publisher-1.13.7/src/robot_state_publisher.cpp:99(RobotStatePublisher::publishTransforms) [topics: /rosout, /tf, /tf_static] Joint state with name: "base_l_wheel_joint" was received but not found in URDF
1653103061.165209640 WARN [/tmp/binarydeb/ros-kinetic-robot-state-publisher-1.13.7/src/robot_state_publisher.cpp:99(RobotStatePublisher::publishTransforms) [topics: /rosout, /tf, /tf_static] Joint state with name: "base_l_wheel_joint" was received but not found in URDF
1653103071.235640241 WARN [/tmp/binarydeb/ros-kinetic-robot-state-publisher-1.13.7/src/robot_state_publisher.cpp:99(RobotStatePublisher::publishTransforms) [topics: /rosout, /tf, /tf_static] Joint state with name: "base_l_wheel_joint" was received but not found in URDF
1653103081.246900918 WARN [/tmp/binarydeb/ros-kinetic-robot-state-publisher-1.13.7/src/robot_state_publisher.cpp:99(RobotStatePublisher::publishTransforms) [topics: /rosout, /tf, /tf_static] Joint state with name: "base_l_wheel_joint" was received but not found in URDF
1653103091.345359072 WARN [/tmp/binarydeb/ros-kinetic-robot-state-publisher-1.13.7/src/robot_state_publisher.cpp:99(RobotStatePublisher::publishTransforms) [topics: /rosout, /tf, /tf_static] Joint state with name: "base_l_wheel_joint" was received but not found in URDF
1653103101.446982730 WARN [/tmp/binarydeb/ros-kinetic-robot-state-publisher-1.13.7/src/robot_state_publisher.cpp:99(RobotStatePublisher::publishTransforms) [topics: /rosout, /tf, /tf_static] Joint state with name: "base_l_wheel_joint" was received but not found in URDF
1653103111.487320338 WARN [/tmp/binarydeb/ros-kinetic-robot-state-publisher-1.13.7/src/robot_state_publisher.cpp:99(RobotStatePublisher::publishTransforms) [topics: /rosout, /tf, /tf_static] Joint state with name: "base_l_wheel_joint" was received but not found in URDF
1653103121.577896519 WARN [/tmp/binarydeb/ros-kinetic-robot-state-publisher-1.13.7/src/robot_state_publisher.cpp:99(RobotStatePublisher::publishTransforms) [topics: /rosout, /tf, /tf_static] Joint state with name: "base_l_wheel_joint" was received but not found in URDF
1653103131.667307719 WARN [/tmp/binarydeb/ros-kinetic-robot-state-publisher-1.13.7/src/robot_state_publisher.cpp:99(RobotStatePublisher::publishTransforms) [topics: /rosout, /tf, /tf_static] Joint state with name: "base_l_wheel_joint" was received but not found in URDF
1653103141.678021267 WARN [/tmp/binarydeb/ros-kinetic-robot-state-publisher-1.13.7/src/robot_state_publisher.cpp:99(RobotStatePublisher::publishTransforms) [topics: /rosout, /tf, /tf_static] Joint state with name: "base_l_wheel_joint" was received but not found in URDF
